Nivel: SQL
Time: 21:56:46
Path: painel
Uri: usuarios
Data: Array
(
)

Params: 
Query: Array
(
)

array (
  0 => 'SELECT Usuarios.id, Usuarios.nome, Usuarios.username, Usuarios.senha, Usuarios.data_cadastro, Usuarios.data_alteracao FROM usuarios AS Usuarios  ORDER BY nome ASC, username ASC LIMIT 0 , 8',
  1 => 'SELECT COUNT(*) AS total FROM usuarios ORDER BY nome ASC, username ASC',
)

Nivel: SQL
Time: 21:58:20
Path: painel
Uri: pedidos/index
Data: Array
(
)

Params: 
Query: Array
(
)

array (
  0 => 'SELECT Clientes.id, Clientes.nome, Clientes.cpf, Clientes.fone, Clientes.email, Clientes.senha, Clientes.data_cadastro, Clientes.data_alteracao FROM clientes AS Clientes  WHERE id = "1" LIMIT 1',
)

Nivel: SQL
Time: 21:58:20
Path: painel
Uri: pedidos/index
Data: Array
(
)

Params: 
Query: Array
(
)

array (
  0 => 'SELECT FormasPagamentos.id, FormasPagamentos.nome, FormasPagamentos.data_cadastro, FormasPagamentos.data_alteracao FROM formas_pagto AS FormasPagamentos  WHERE id = "1" LIMIT 1',
)

Nivel: SQL
Time: 21:58:20
Path: painel
Uri: pedidos/index
Data: Array
(
)

Params: 
Query: Array
(
)

array (
  0 => 'SELECT Pedidos.id, Pedidos.data_pedido, Pedidos.cliente_id, Pedidos.total, Pedidos.forma_pagto_id, Pedidos.status, Pedidos.data_cadastro, Pedidos.data_alteracao FROM pedidos AS Pedidos  ORDER BY data_cadastro DESC LIMIT 0 , 8',
  1 => 'SELECT COUNT(*) AS total FROM pedidos ORDER BY data_cadastro DESC',
)

Nivel: SQL
Time: 21:58:23
Path: painel
Uri: pedidos/detalhes/1
Data: Array
(
)

Params: 1
Query: Array
(
)

array (
  0 => 'SELECT Clientes.id, Clientes.nome, Clientes.cpf, Clientes.fone, Clientes.email, Clientes.senha, Clientes.data_cadastro, Clientes.data_alteracao FROM clientes AS Clientes  WHERE id = "1" LIMIT 1',
)

Nivel: SQL
Time: 21:58:23
Path: painel
Uri: pedidos/detalhes/1
Data: Array
(
)

Params: 1
Query: Array
(
)

array (
  0 => 'SELECT FormasPagamentos.id, FormasPagamentos.nome, FormasPagamentos.data_cadastro, FormasPagamentos.data_alteracao FROM formas_pagto AS FormasPagamentos  WHERE id = "1" LIMIT 1',
)

Nivel: SQL
Time: 21:58:23
Path: painel
Uri: pedidos/detalhes/1
Data: Array
(
)

Params: 1
Query: Array
(
)

array (
  0 => 'SELECT PedidosItens.id, PedidosItens.pedido_id, PedidosItens.produto_id, PedidosItens.qtde, PedidosItens.venda, PedidosItens.total, PedidosItens.data_cadastro, PedidosItens.data_alteracao FROM pedidos_itens AS PedidosItens  WHERE pedido_id = "1"',
)

Nivel: SQL
Time: 21:58:23
Path: painel
Uri: pedidos/detalhes/1
Data: Array
(
)

Params: 1
Query: Array
(
)

array (
  0 => 'SELECT Pedidos.id, Pedidos.data_pedido, Pedidos.cliente_id, Pedidos.total, Pedidos.forma_pagto_id, Pedidos.status, Pedidos.data_cadastro, Pedidos.data_alteracao FROM pedidos AS Pedidos  WHERE id = "1"',
)

Nivel: SQL
Time: 22:01:55
Path: painel
Uri: pedidos/detalhes/1
Data: Array
(
)

Params: 1
Query: Array
(
)

array (
  0 => 'SELECT Clientes.id, Clientes.nome, Clientes.cpf, Clientes.fone, Clientes.email, Clientes.senha, Clientes.data_cadastro, Clientes.data_alteracao FROM clientes AS Clientes  WHERE id = "1" LIMIT 1',
)

Nivel: SQL
Time: 22:01:55
Path: painel
Uri: pedidos/detalhes/1
Data: Array
(
)

Params: 1
Query: Array
(
)

array (
  0 => 'SELECT FormasPagamentos.id, FormasPagamentos.nome, FormasPagamentos.data_cadastro, FormasPagamentos.data_alteracao FROM formas_pagto AS FormasPagamentos  WHERE id = "1" LIMIT 1',
)

Nivel: SQL
Time: 22:01:55
Path: painel
Uri: pedidos/detalhes/1
Data: Array
(
)

Params: 1
Query: Array
(
)

array (
  0 => 'SELECT PedidosItens.id, PedidosItens.pedido_id, PedidosItens.produto_id, PedidosItens.qtde, PedidosItens.venda, PedidosItens.total, PedidosItens.data_cadastro, PedidosItens.data_alteracao FROM pedidos_itens AS PedidosItens  WHERE pedido_id = "1"',
)

Nivel: SQL
Time: 22:01:56
Path: painel
Uri: pedidos/detalhes/1
Data: Array
(
)

Params: 1
Query: Array
(
)

array (
  0 => 'SELECT Pedidos.id, Pedidos.data_pedido, Pedidos.cliente_id, Pedidos.total, Pedidos.forma_pagto_id, Pedidos.status, Pedidos.data_cadastro, Pedidos.data_alteracao FROM pedidos AS Pedidos  WHERE id = "1"',
)

Nivel: SQL
Time: 22:01:56
Path: painel
Uri: pedidos/detalhes/1
Data: Array
(
)

Params: 1
Query: Array
(
)

array (
  0 => 'SELECT Clientes.id, Clientes.nome, Clientes.cpf, Clientes.fone, Clientes.email, Clientes.senha, Clientes.data_cadastro, Clientes.data_alteracao FROM clientes AS Clientes  WHERE id = "1" LIMIT 1',
)

Nivel: SQL
Time: 22:01:56
Path: painel
Uri: pedidos/detalhes/1
Data: Array
(
)

Params: 1
Query: Array
(
)

array (
  0 => 'SELECT FormasPagamentos.id, FormasPagamentos.nome, FormasPagamentos.data_cadastro, FormasPagamentos.data_alteracao FROM formas_pagto AS FormasPagamentos  WHERE id = "1" LIMIT 1',
)

Nivel: SQL
Time: 22:01:56
Path: painel
Uri: pedidos/detalhes/1
Data: Array
(
)

Params: 1
Query: Array
(
)

array (
  0 => 'SELECT PedidosItens.id, PedidosItens.pedido_id, PedidosItens.produto_id, PedidosItens.qtde, PedidosItens.venda, PedidosItens.total, PedidosItens.data_cadastro, PedidosItens.data_alteracao FROM pedidos_itens AS PedidosItens  WHERE pedido_id = "1"',
)

Nivel: SQL
Time: 22:01:56
Path: painel
Uri: pedidos/detalhes/1
Data: Array
(
)

Params: 1
Query: Array
(
)

array (
  0 => 'SELECT Pedidos.id, Pedidos.data_pedido, Pedidos.cliente_id, Pedidos.total, Pedidos.forma_pagto_id, Pedidos.status, Pedidos.data_cadastro, Pedidos.data_alteracao FROM pedidos AS Pedidos  WHERE id = "1"',
)

Nivel: SQL
Time: 22:03:10
Path: painel
Uri: pedidos/detalhes/1
Data: Array
(
)

Params: 1
Query: Array
(
)

array (
  0 => 'SELECT Clientes.id, Clientes.nome, Clientes.cpf, Clientes.fone, Clientes.email, Clientes.senha, Clientes.data_cadastro, Clientes.data_alteracao FROM clientes AS Clientes  WHERE id = "1" LIMIT 1',
)

Nivel: SQL
Time: 22:03:10
Path: painel
Uri: pedidos/detalhes/1
Data: Array
(
)

Params: 1
Query: Array
(
)

array (
  0 => 'SELECT FormasPagamentos.id, FormasPagamentos.nome, FormasPagamentos.data_cadastro, FormasPagamentos.data_alteracao FROM formas_pagto AS FormasPagamentos  WHERE id = "1" LIMIT 1',
)

Nivel: SQL
Time: 22:03:11
Path: painel
Uri: pedidos/detalhes/1
Data: Array
(
)

Params: 1
Query: Array
(
)

array (
  0 => 'SELECT PedidosItens.id, PedidosItens.pedido_id, PedidosItens.produto_id, PedidosItens.qtde, PedidosItens.venda, PedidosItens.total, PedidosItens.data_cadastro, PedidosItens.data_alteracao FROM pedidos_itens AS PedidosItens  WHERE pedido_id = "1"',
)

Nivel: SQL
Time: 22:03:11
Path: painel
Uri: pedidos/detalhes/1
Data: Array
(
)

Params: 1
Query: Array
(
)

array (
  0 => 'SELECT Pedidos.id, Pedidos.data_pedido, Pedidos.cliente_id, Pedidos.total, Pedidos.forma_pagto_id, Pedidos.status, Pedidos.data_cadastro, Pedidos.data_alteracao FROM pedidos AS Pedidos  WHERE id = "1"',
)

Nivel: SQL
Time: 22:03:47
Path: painel
Uri: pedidos/detalhes/1
Data: Array
(
)

Params: 1
Query: Array
(
)

array (
  0 => 'SELECT Clientes.id, Clientes.nome, Clientes.cpf, Clientes.fone, Clientes.email, Clientes.senha, Clientes.data_cadastro, Clientes.data_alteracao FROM clientes AS Clientes  WHERE id = "1" LIMIT 1',
)

Nivel: SQL
Time: 22:03:47
Path: painel
Uri: pedidos/detalhes/1
Data: Array
(
)

Params: 1
Query: Array
(
)

array (
  0 => 'SELECT FormasPagamentos.id, FormasPagamentos.nome, FormasPagamentos.data_cadastro, FormasPagamentos.data_alteracao FROM formas_pagto AS FormasPagamentos  WHERE id = "1" LIMIT 1',
)

Nivel: SQL
Time: 22:03:47
Path: painel
Uri: pedidos/detalhes/1
Data: Array
(
)

Params: 1
Query: Array
(
)

array (
  0 => 'SELECT PedidosItens.id, PedidosItens.pedido_id, PedidosItens.produto_id, PedidosItens.qtde, PedidosItens.venda, PedidosItens.total, PedidosItens.data_cadastro, PedidosItens.data_alteracao FROM pedidos_itens AS PedidosItens  WHERE pedido_id = "1"',
)

Nivel: SQL
Time: 22:03:47
Path: painel
Uri: pedidos/detalhes/1
Data: Array
(
)

Params: 1
Query: Array
(
)

array (
  0 => 'SELECT Pedidos.id, Pedidos.data_pedido, Pedidos.cliente_id, Pedidos.total, Pedidos.forma_pagto_id, Pedidos.status, Pedidos.data_cadastro, Pedidos.data_alteracao FROM pedidos AS Pedidos  WHERE id = "1"',
)

Nivel: SQL
Time: 22:04:15
Path: painel
Uri: pedidos/index
Data: Array
(
)

Params: 
Query: Array
(
)

array (
  0 => 'SELECT Clientes.id, Clientes.nome, Clientes.cpf, Clientes.fone, Clientes.email, Clientes.senha, Clientes.data_cadastro, Clientes.data_alteracao FROM clientes AS Clientes  WHERE id = "1" LIMIT 1',
)

Nivel: SQL
Time: 22:04:15
Path: painel
Uri: pedidos/index
Data: Array
(
)

Params: 
Query: Array
(
)

array (
  0 => 'SELECT FormasPagamentos.id, FormasPagamentos.nome, FormasPagamentos.data_cadastro, FormasPagamentos.data_alteracao FROM formas_pagto AS FormasPagamentos  WHERE id = "1" LIMIT 1',
)

Nivel: SQL
Time: 22:04:15
Path: painel
Uri: pedidos/index
Data: Array
(
)

Params: 
Query: Array
(
)

array (
  0 => 'SELECT Pedidos.id, Pedidos.data_pedido, Pedidos.cliente_id, Pedidos.total, Pedidos.forma_pagto_id, Pedidos.status, Pedidos.data_cadastro, Pedidos.data_alteracao FROM pedidos AS Pedidos  ORDER BY data_cadastro DESC LIMIT 0 , 8',
  1 => 'SELECT COUNT(*) AS total FROM pedidos ORDER BY data_cadastro DESC',
)

Nivel: SQL
Time: 22:04:21
Path: painel
Uri: pedidos/detalhes/1
Data: Array
(
)

Params: 1
Query: Array
(
)

array (
  0 => 'SELECT Clientes.id, Clientes.nome, Clientes.cpf, Clientes.fone, Clientes.email, Clientes.senha, Clientes.data_cadastro, Clientes.data_alteracao FROM clientes AS Clientes  WHERE id = "1" LIMIT 1',
)

Nivel: SQL
Time: 22:04:21
Path: painel
Uri: pedidos/detalhes/1
Data: Array
(
)

Params: 1
Query: Array
(
)

array (
  0 => 'SELECT FormasPagamentos.id, FormasPagamentos.nome, FormasPagamentos.data_cadastro, FormasPagamentos.data_alteracao FROM formas_pagto AS FormasPagamentos  WHERE id = "1" LIMIT 1',
)

Nivel: SQL
Time: 22:04:21
Path: painel
Uri: pedidos/detalhes/1
Data: Array
(
)

Params: 1
Query: Array
(
)

array (
  0 => 'SELECT PedidosItens.id, PedidosItens.pedido_id, PedidosItens.produto_id, PedidosItens.qtde, PedidosItens.venda, PedidosItens.total, PedidosItens.data_cadastro, PedidosItens.data_alteracao FROM pedidos_itens AS PedidosItens  WHERE pedido_id = "1"',
)

Nivel: SQL
Time: 22:04:21
Path: painel
Uri: pedidos/detalhes/1
Data: Array
(
)

Params: 1
Query: Array
(
)

array (
  0 => 'SELECT Pedidos.id, Pedidos.data_pedido, Pedidos.cliente_id, Pedidos.total, Pedidos.forma_pagto_id, Pedidos.status, Pedidos.data_cadastro, Pedidos.data_alteracao FROM pedidos AS Pedidos  WHERE id = "1"',
)

Nivel: SQL
Time: 22:04:49
Path: painel
Uri: pedidos/detalhes/1
Data: Array
(
)

Params: 1
Query: Array
(
)

array (
  0 => 'SELECT Clientes.id, Clientes.nome, Clientes.cpf, Clientes.fone, Clientes.email, Clientes.senha, Clientes.data_cadastro, Clientes.data_alteracao FROM clientes AS Clientes  WHERE id = "1" LIMIT 1',
)

Nivel: SQL
Time: 22:04:49
Path: painel
Uri: pedidos/detalhes/1
Data: Array
(
)

Params: 1
Query: Array
(
)

array (
  0 => 'SELECT FormasPagamentos.id, FormasPagamentos.nome, FormasPagamentos.data_cadastro, FormasPagamentos.data_alteracao FROM formas_pagto AS FormasPagamentos  WHERE id = "1" LIMIT 1',
)

Nivel: SQL
Time: 22:04:49
Path: painel
Uri: pedidos/detalhes/1
Data: Array
(
)

Params: 1
Query: Array
(
)

array (
  0 => 'SELECT PedidosItens.id, PedidosItens.pedido_id, PedidosItens.produto_id, PedidosItens.qtde, PedidosItens.venda, PedidosItens.total, PedidosItens.data_cadastro, PedidosItens.data_alteracao FROM pedidos_itens AS PedidosItens  WHERE pedido_id = "1"',
)

Nivel: SQL
Time: 22:04:49
Path: painel
Uri: pedidos/detalhes/1
Data: Array
(
)

Params: 1
Query: Array
(
)

array (
  0 => 'SELECT Pedidos.id, Pedidos.data_pedido, Pedidos.cliente_id, Pedidos.total, Pedidos.forma_pagto_id, Pedidos.status, Pedidos.data_cadastro, Pedidos.data_alteracao FROM pedidos AS Pedidos  WHERE id = "1"',
)

Nivel: SQL
Time: 22:05:15
Path: painel
Uri: pedidos/detalhes/1
Data: Array
(
)

Params: 1
Query: Array
(
)

array (
  0 => 'SELECT Clientes.id, Clientes.nome, Clientes.cpf, Clientes.fone, Clientes.email, Clientes.senha, Clientes.data_cadastro, Clientes.data_alteracao FROM clientes AS Clientes  WHERE id = "1" LIMIT 1',
)

Nivel: SQL
Time: 22:05:15
Path: painel
Uri: pedidos/detalhes/1
Data: Array
(
)

Params: 1
Query: Array
(
)

array (
  0 => 'SELECT FormasPagamentos.id, FormasPagamentos.nome, FormasPagamentos.data_cadastro, FormasPagamentos.data_alteracao FROM formas_pagto AS FormasPagamentos  WHERE id = "1" LIMIT 1',
)

Nivel: SQL
Time: 22:05:15
Path: painel
Uri: pedidos/detalhes/1
Data: Array
(
)

Params: 1
Query: Array
(
)

array (
  0 => 'SELECT PedidosItens.id, PedidosItens.pedido_id, PedidosItens.produto_id, PedidosItens.qtde, PedidosItens.venda, PedidosItens.total, PedidosItens.data_cadastro, PedidosItens.data_alteracao FROM pedidos_itens AS PedidosItens  WHERE pedido_id = "1"',
)

Nivel: SQL
Time: 22:05:15
Path: painel
Uri: pedidos/detalhes/1
Data: Array
(
)

Params: 1
Query: Array
(
)

array (
  0 => 'SELECT Pedidos.id, Pedidos.data_pedido, Pedidos.cliente_id, Pedidos.total, Pedidos.forma_pagto_id, Pedidos.status, Pedidos.data_cadastro, Pedidos.data_alteracao FROM pedidos AS Pedidos  WHERE id = "1"',
)

Nivel: SQL
Time: 22:05:32
Path: painel
Uri: pedidos/detalhes/1
Data: Array
(
)

Params: 1
Query: Array
(
)

array (
  0 => 'SELECT Clientes.id, Clientes.nome, Clientes.cpf, Clientes.fone, Clientes.email, Clientes.senha, Clientes.data_cadastro, Clientes.data_alteracao FROM clientes AS Clientes  WHERE id = "1" LIMIT 1',
)

Nivel: SQL
Time: 22:05:32
Path: painel
Uri: pedidos/detalhes/1
Data: Array
(
)

Params: 1
Query: Array
(
)

array (
  0 => 'SELECT FormasPagamentos.id, FormasPagamentos.nome, FormasPagamentos.data_cadastro, FormasPagamentos.data_alteracao FROM formas_pagto AS FormasPagamentos  WHERE id = "1" LIMIT 1',
)

Nivel: SQL
Time: 22:05:32
Path: painel
Uri: pedidos/detalhes/1
Data: Array
(
)

Params: 1
Query: Array
(
)

array (
  0 => 'SELECT PedidosItens.id, PedidosItens.pedido_id, PedidosItens.produto_id, PedidosItens.qtde, PedidosItens.venda, PedidosItens.total, PedidosItens.data_cadastro, PedidosItens.data_alteracao FROM pedidos_itens AS PedidosItens  WHERE pedido_id = "1"',
)

Nivel: SQL
Time: 22:05:32
Path: painel
Uri: pedidos/detalhes/1
Data: Array
(
)

Params: 1
Query: Array
(
)

array (
  0 => 'SELECT Pedidos.id, Pedidos.data_pedido, Pedidos.cliente_id, Pedidos.total, Pedidos.forma_pagto_id, Pedidos.status, Pedidos.data_cadastro, Pedidos.data_alteracao FROM pedidos AS Pedidos  WHERE id = "1"',
)

Nivel: SQL
Time: 22:07:17
Path: painel
Uri: pedidos/index
Data: Array
(
)

Params: 
Query: Array
(
)

array (
  0 => 'SELECT Clientes.id, Clientes.nome, Clientes.cpf, Clientes.fone, Clientes.email, Clientes.senha, Clientes.data_cadastro, Clientes.data_alteracao FROM clientes AS Clientes  WHERE id = "1" LIMIT 1',
)

Nivel: SQL
Time: 22:07:17
Path: painel
Uri: pedidos/index
Data: Array
(
)

Params: 
Query: Array
(
)

array (
  0 => 'SELECT FormasPagamentos.id, FormasPagamentos.nome, FormasPagamentos.data_cadastro, FormasPagamentos.data_alteracao FROM formas_pagto AS FormasPagamentos  WHERE id = "1" LIMIT 1',
)

Nivel: SQL
Time: 22:07:17
Path: painel
Uri: pedidos/index
Data: Array
(
)

Params: 
Query: Array
(
)

array (
  0 => 'SELECT Pedidos.id, Pedidos.data_pedido, Pedidos.cliente_id, Pedidos.total, Pedidos.forma_pagto_id, Pedidos.status, Pedidos.data_cadastro, Pedidos.data_alteracao FROM pedidos AS Pedidos  ORDER BY data_cadastro DESC LIMIT 0 , 8',
  1 => 'SELECT COUNT(*) AS total FROM pedidos ORDER BY data_cadastro DESC',
)

Nivel: SQL
Time: 22:07:19
Path: painel
Uri: pedidos/detalhes/1
Data: Array
(
)

Params: 1
Query: Array
(
)

array (
  0 => 'SELECT Clientes.id, Clientes.nome, Clientes.cpf, Clientes.fone, Clientes.email, Clientes.senha, Clientes.data_cadastro, Clientes.data_alteracao FROM clientes AS Clientes  WHERE id = "1" LIMIT 1',
)

Nivel: SQL
Time: 22:07:19
Path: painel
Uri: pedidos/detalhes/1
Data: Array
(
)

Params: 1
Query: Array
(
)

array (
  0 => 'SELECT FormasPagamentos.id, FormasPagamentos.nome, FormasPagamentos.data_cadastro, FormasPagamentos.data_alteracao FROM formas_pagto AS FormasPagamentos  WHERE id = "1" LIMIT 1',
)

Nivel: SQL
Time: 22:07:19
Path: painel
Uri: pedidos/detalhes/1
Data: Array
(
)

Params: 1
Query: Array
(
)

array (
  0 => 'SELECT PedidosItens.id, PedidosItens.pedido_id, PedidosItens.produto_id, PedidosItens.qtde, PedidosItens.venda, PedidosItens.total, PedidosItens.data_cadastro, PedidosItens.data_alteracao FROM pedidos_itens AS PedidosItens  WHERE pedido_id = "1"',
)

Nivel: SQL
Time: 22:07:20
Path: painel
Uri: pedidos/detalhes/1
Data: Array
(
)

Params: 1
Query: Array
(
)

array (
  0 => 'SELECT Pedidos.id, Pedidos.data_pedido, Pedidos.cliente_id, Pedidos.total, Pedidos.forma_pagto_id, Pedidos.status, Pedidos.data_cadastro, Pedidos.data_alteracao FROM pedidos AS Pedidos  WHERE id = "1"',
)

Nivel: SQL
Time: 22:09:04
Path: painel
Uri: pedidos/detalhes/1
Data: Array
(
)

Params: 1
Query: Array
(
)

array (
  0 => 'SELECT Clientes.id, Clientes.nome, Clientes.cpf, Clientes.fone, Clientes.email, Clientes.senha, Clientes.data_cadastro, Clientes.data_alteracao FROM clientes AS Clientes  WHERE id = "1" LIMIT 1',
)

Nivel: SQL
Time: 22:09:04
Path: painel
Uri: pedidos/detalhes/1
Data: Array
(
)

Params: 1
Query: Array
(
)

array (
  0 => 'SELECT FormasPagamentos.id, FormasPagamentos.nome, FormasPagamentos.data_cadastro, FormasPagamentos.data_alteracao FROM formas_pagto AS FormasPagamentos  WHERE id = "1" LIMIT 1',
)

Nivel: SQL
Time: 22:09:04
Path: painel
Uri: pedidos/detalhes/1
Data: Array
(
)

Params: 1
Query: Array
(
)

array (
  0 => 'SELECT PedidosItens.id, PedidosItens.pedido_id, PedidosItens.produto_id, PedidosItens.qtde, PedidosItens.venda, PedidosItens.total, PedidosItens.data_cadastro, PedidosItens.data_alteracao FROM pedidos_itens AS PedidosItens  WHERE pedido_id = "1"',
)

Nivel: SQL
Time: 22:09:04
Path: painel
Uri: pedidos/detalhes/1
Data: Array
(
)

Params: 1
Query: Array
(
)

array (
  0 => 'SELECT Pedidos.id, Pedidos.data_pedido, Pedidos.cliente_id, Pedidos.total, Pedidos.forma_pagto_id, Pedidos.status, Pedidos.data_cadastro, Pedidos.data_alteracao FROM pedidos AS Pedidos  WHERE id = "1"',
)

Nivel: SQL
Time: 22:09:16
Path: painel
Uri: pedidos/detalhes/1
Data: Array
(
)

Params: 1
Query: Array
(
)

array (
  0 => 'SELECT Clientes.id, Clientes.nome, Clientes.cpf, Clientes.fone, Clientes.email, Clientes.senha, Clientes.data_cadastro, Clientes.data_alteracao FROM clientes AS Clientes  WHERE id = "1" LIMIT 1',
)

Nivel: SQL
Time: 22:09:16
Path: painel
Uri: pedidos/detalhes/1
Data: Array
(
)

Params: 1
Query: Array
(
)

array (
  0 => 'SELECT FormasPagamentos.id, FormasPagamentos.nome, FormasPagamentos.data_cadastro, FormasPagamentos.data_alteracao FROM formas_pagto AS FormasPagamentos  WHERE id = "1" LIMIT 1',
)

Nivel: SQL
Time: 22:09:16
Path: painel
Uri: pedidos/detalhes/1
Data: Array
(
)

Params: 1
Query: Array
(
)

array (
  0 => 'SELECT PedidosItens.id, PedidosItens.pedido_id, PedidosItens.produto_id, PedidosItens.qtde, PedidosItens.venda, PedidosItens.total, PedidosItens.data_cadastro, PedidosItens.data_alteracao FROM pedidos_itens AS PedidosItens  WHERE pedido_id = "1"',
)

Nivel: SQL
Time: 22:09:16
Path: painel
Uri: pedidos/detalhes/1
Data: Array
(
)

Params: 1
Query: Array
(
)

array (
  0 => 'SELECT Pedidos.id, Pedidos.data_pedido, Pedidos.cliente_id, Pedidos.total, Pedidos.forma_pagto_id, Pedidos.status, Pedidos.data_cadastro, Pedidos.data_alteracao FROM pedidos AS Pedidos  WHERE id = "1"',
)

Nivel: SQL
Time: 22:10:37
Path: painel
Uri: pedidos/detalhes/1
Data: Array
(
)

Params: 1
Query: Array
(
)

array (
  0 => 'SELECT Clientes.id, Clientes.nome, Clientes.cpf, Clientes.fone, Clientes.email, Clientes.senha, Clientes.data_cadastro, Clientes.data_alteracao FROM clientes AS Clientes  WHERE id = "1" LIMIT 1',
)

Nivel: SQL
Time: 22:10:37
Path: painel
Uri: pedidos/detalhes/1
Data: Array
(
)

Params: 1
Query: Array
(
)

array (
  0 => 'SELECT FormasPagamentos.id, FormasPagamentos.nome, FormasPagamentos.data_cadastro, FormasPagamentos.data_alteracao FROM formas_pagto AS FormasPagamentos  WHERE id = "1" LIMIT 1',
)

Nivel: SQL
Time: 22:10:37
Path: painel
Uri: pedidos/detalhes/1
Data: Array
(
)

Params: 1
Query: Array
(
)

array (
  0 => 'SELECT PedidosItens.id, PedidosItens.pedido_id, PedidosItens.produto_id, PedidosItens.qtde, PedidosItens.venda, PedidosItens.total, PedidosItens.data_cadastro, PedidosItens.data_alteracao FROM pedidos_itens AS PedidosItens  WHERE pedido_id = "1"',
)

Nivel: SQL
Time: 22:10:37
Path: painel
Uri: pedidos/detalhes/1
Data: Array
(
)

Params: 1
Query: Array
(
)

array (
  0 => 'SELECT Pedidos.id, Pedidos.data_pedido, Pedidos.cliente_id, Pedidos.total, Pedidos.forma_pagto_id, Pedidos.status, Pedidos.data_cadastro, Pedidos.data_alteracao FROM pedidos AS Pedidos  WHERE id = "1"',
)

Nivel: SQL
Time: 22:11:08
Path: painel
Uri: pedidos/detalhes/1
Data: Array
(
)

Params: 1
Query: Array
(
)

array (
  0 => 'SELECT Clientes.id, Clientes.nome, Clientes.cpf, Clientes.fone, Clientes.email, Clientes.senha, Clientes.data_cadastro, Clientes.data_alteracao FROM clientes AS Clientes  WHERE id = "1" LIMIT 1',
)

Nivel: SQL
Time: 22:11:08
Path: painel
Uri: pedidos/detalhes/1
Data: Array
(
)

Params: 1
Query: Array
(
)

array (
  0 => 'SELECT FormasPagamentos.id, FormasPagamentos.nome, FormasPagamentos.data_cadastro, FormasPagamentos.data_alteracao FROM formas_pagto AS FormasPagamentos  WHERE id = "1" LIMIT 1',
)

Nivel: SQL
Time: 22:11:08
Path: painel
Uri: pedidos/detalhes/1
Data: Array
(
)

Params: 1
Query: Array
(
)

array (
  0 => 'SELECT PedidosItens.id, PedidosItens.pedido_id, PedidosItens.produto_id, PedidosItens.qtde, PedidosItens.venda, PedidosItens.total, PedidosItens.data_cadastro, PedidosItens.data_alteracao FROM pedidos_itens AS PedidosItens  WHERE pedido_id = "1"',
)

Nivel: SQL
Time: 22:11:08
Path: painel
Uri: pedidos/detalhes/1
Data: Array
(
)

Params: 1
Query: Array
(
)

array (
  0 => 'SELECT Pedidos.id, Pedidos.data_pedido, Pedidos.cliente_id, Pedidos.total, Pedidos.forma_pagto_id, Pedidos.status, Pedidos.data_cadastro, Pedidos.data_alteracao FROM pedidos AS Pedidos  WHERE id = "1"',
)

Nivel: SQL
Time: 22:11:44
Path: painel
Uri: pedidos/detalhes/1
Data: Array
(
)

Params: 1
Query: Array
(
)

array (
  0 => 'SELECT Clientes.id, Clientes.nome, Clientes.cpf, Clientes.fone, Clientes.email, Clientes.senha, Clientes.data_cadastro, Clientes.data_alteracao FROM clientes AS Clientes  WHERE id = "1" LIMIT 1',
)

Nivel: SQL
Time: 22:11:44
Path: painel
Uri: pedidos/detalhes/1
Data: Array
(
)

Params: 1
Query: Array
(
)

array (
  0 => 'SELECT FormasPagamentos.id, FormasPagamentos.nome, FormasPagamentos.data_cadastro, FormasPagamentos.data_alteracao FROM formas_pagto AS FormasPagamentos  WHERE id = "1" LIMIT 1',
)

Nivel: SQL
Time: 22:11:44
Path: painel
Uri: pedidos/detalhes/1
Data: Array
(
)

Params: 1
Query: Array
(
)

array (
  0 => 'SELECT PedidosItens.id, PedidosItens.pedido_id, PedidosItens.produto_id, PedidosItens.qtde, PedidosItens.venda, PedidosItens.total, PedidosItens.data_cadastro, PedidosItens.data_alteracao FROM pedidos_itens AS PedidosItens  WHERE pedido_id = "1"',
)

Nivel: SQL
Time: 22:11:44
Path: painel
Uri: pedidos/detalhes/1
Data: Array
(
)

Params: 1
Query: Array
(
)

array (
  0 => 'SELECT Pedidos.id, Pedidos.data_pedido, Pedidos.cliente_id, Pedidos.total, Pedidos.forma_pagto_id, Pedidos.status, Pedidos.data_cadastro, Pedidos.data_alteracao FROM pedidos AS Pedidos  WHERE id = "1"',
)

Nivel: SQL
Time: 22:11:57
Path: painel
Uri: pedidos/detalhes/1
Data: Array
(
)

Params: 1
Query: Array
(
)

array (
  0 => 'SELECT Clientes.id, Clientes.nome, Clientes.cpf, Clientes.fone, Clientes.email, Clientes.senha, Clientes.data_cadastro, Clientes.data_alteracao FROM clientes AS Clientes  WHERE id = "1" LIMIT 1',
)

Nivel: SQL
Time: 22:11:57
Path: painel
Uri: pedidos/detalhes/1
Data: Array
(
)

Params: 1
Query: Array
(
)

array (
  0 => 'SELECT FormasPagamentos.id, FormasPagamentos.nome, FormasPagamentos.data_cadastro, FormasPagamentos.data_alteracao FROM formas_pagto AS FormasPagamentos  WHERE id = "1" LIMIT 1',
)

Nivel: SQL
Time: 22:11:57
Path: painel
Uri: pedidos/detalhes/1
Data: Array
(
)

Params: 1
Query: Array
(
)

array (
  0 => 'SELECT PedidosItens.id, PedidosItens.pedido_id, PedidosItens.produto_id, PedidosItens.qtde, PedidosItens.venda, PedidosItens.total, PedidosItens.data_cadastro, PedidosItens.data_alteracao FROM pedidos_itens AS PedidosItens  WHERE pedido_id = "1"',
)

Nivel: SQL
Time: 22:11:57
Path: painel
Uri: pedidos/detalhes/1
Data: Array
(
)

Params: 1
Query: Array
(
)

array (
  0 => 'SELECT Pedidos.id, Pedidos.data_pedido, Pedidos.cliente_id, Pedidos.total, Pedidos.forma_pagto_id, Pedidos.status, Pedidos.data_cadastro, Pedidos.data_alteracao FROM pedidos AS Pedidos  WHERE id = "1"',
)

Nivel: SQL
Time: 22:12:11
Path: painel
Uri: pedidos/detalhes/1
Data: Array
(
)

Params: 1
Query: Array
(
)

array (
  0 => 'SELECT Clientes.id, Clientes.nome, Clientes.cpf, Clientes.fone, Clientes.email, Clientes.senha, Clientes.data_cadastro, Clientes.data_alteracao FROM clientes AS Clientes  WHERE id = "1" LIMIT 1',
)

Nivel: SQL
Time: 22:12:12
Path: painel
Uri: pedidos/detalhes/1
Data: Array
(
)

Params: 1
Query: Array
(
)

array (
  0 => 'SELECT FormasPagamentos.id, FormasPagamentos.nome, FormasPagamentos.data_cadastro, FormasPagamentos.data_alteracao FROM formas_pagto AS FormasPagamentos  WHERE id = "1" LIMIT 1',
)

Nivel: SQL
Time: 22:12:12
Path: painel
Uri: pedidos/detalhes/1
Data: Array
(
)

Params: 1
Query: Array
(
)

array (
  0 => 'SELECT PedidosItens.id, PedidosItens.pedido_id, PedidosItens.produto_id, PedidosItens.qtde, PedidosItens.venda, PedidosItens.total, PedidosItens.data_cadastro, PedidosItens.data_alteracao FROM pedidos_itens AS PedidosItens  WHERE pedido_id = "1"',
)

Nivel: SQL
Time: 22:12:12
Path: painel
Uri: pedidos/detalhes/1
Data: Array
(
)

Params: 1
Query: Array
(
)

array (
  0 => 'SELECT Pedidos.id, Pedidos.data_pedido, Pedidos.cliente_id, Pedidos.total, Pedidos.forma_pagto_id, Pedidos.status, Pedidos.data_cadastro, Pedidos.data_alteracao FROM pedidos AS Pedidos  WHERE id = "1"',
)

Nivel: SQL
Time: 22:12:46
Path: painel
Uri: pedidos/detalhes/1
Data: Array
(
)

Params: 1
Query: Array
(
)

array (
  0 => 'SELECT Clientes.id, Clientes.nome, Clientes.cpf, Clientes.fone, Clientes.email, Clientes.senha, Clientes.data_cadastro, Clientes.data_alteracao FROM clientes AS Clientes  WHERE id = "1" LIMIT 1',
)

Nivel: SQL
Time: 22:12:46
Path: painel
Uri: pedidos/detalhes/1
Data: Array
(
)

Params: 1
Query: Array
(
)

array (
  0 => 'SELECT FormasPagamentos.id, FormasPagamentos.nome, FormasPagamentos.data_cadastro, FormasPagamentos.data_alteracao FROM formas_pagto AS FormasPagamentos  WHERE id = "1" LIMIT 1',
)

Nivel: SQL
Time: 22:12:46
Path: painel
Uri: pedidos/detalhes/1
Data: Array
(
)

Params: 1
Query: Array
(
)

array (
  0 => 'SELECT PedidosItens.id, PedidosItens.pedido_id, PedidosItens.produto_id, PedidosItens.qtde, PedidosItens.venda, PedidosItens.total, PedidosItens.data_cadastro, PedidosItens.data_alteracao FROM pedidos_itens AS PedidosItens  WHERE pedido_id = "1"',
)

Nivel: SQL
Time: 22:12:46
Path: painel
Uri: pedidos/detalhes/1
Data: Array
(
)

Params: 1
Query: Array
(
)

array (
  0 => 'SELECT Pedidos.id, Pedidos.data_pedido, Pedidos.cliente_id, Pedidos.total, Pedidos.forma_pagto_id, Pedidos.status, Pedidos.data_cadastro, Pedidos.data_alteracao FROM pedidos AS Pedidos  WHERE id = "1"',
)

Nivel: SQL
Time: 22:12:48
Path: painel
Uri: pedidos/detalhes/1
Data: Array
(
)

Params: 1
Query: Array
(
)

array (
  0 => 'SELECT Clientes.id, Clientes.nome, Clientes.cpf, Clientes.fone, Clientes.email, Clientes.senha, Clientes.data_cadastro, Clientes.data_alteracao FROM clientes AS Clientes  WHERE id = "1" LIMIT 1',
)

Nivel: SQL
Time: 22:12:48
Path: painel
Uri: pedidos/detalhes/1
Data: Array
(
)

Params: 1
Query: Array
(
)

array (
  0 => 'SELECT FormasPagamentos.id, FormasPagamentos.nome, FormasPagamentos.data_cadastro, FormasPagamentos.data_alteracao FROM formas_pagto AS FormasPagamentos  WHERE id = "1" LIMIT 1',
)

Nivel: SQL
Time: 22:12:48
Path: painel
Uri: pedidos/detalhes/1
Data: Array
(
)

Params: 1
Query: Array
(
)

array (
  0 => 'SELECT PedidosItens.id, PedidosItens.pedido_id, PedidosItens.produto_id, PedidosItens.qtde, PedidosItens.venda, PedidosItens.total, PedidosItens.data_cadastro, PedidosItens.data_alteracao FROM pedidos_itens AS PedidosItens  WHERE pedido_id = "1"',
)

Nivel: SQL
Time: 22:12:48
Path: painel
Uri: pedidos/detalhes/1
Data: Array
(
)

Params: 1
Query: Array
(
)

array (
  0 => 'SELECT Pedidos.id, Pedidos.data_pedido, Pedidos.cliente_id, Pedidos.total, Pedidos.forma_pagto_id, Pedidos.status, Pedidos.data_cadastro, Pedidos.data_alteracao FROM pedidos AS Pedidos  WHERE id = "1"',
)

Nivel: SQL
Time: 22:12:49
Path: painel
Uri: pedidos/detalhes/1
Data: Array
(
)

Params: 1
Query: Array
(
)

array (
  0 => 'SELECT Clientes.id, Clientes.nome, Clientes.cpf, Clientes.fone, Clientes.email, Clientes.senha, Clientes.data_cadastro, Clientes.data_alteracao FROM clientes AS Clientes  WHERE id = "1" LIMIT 1',
)

Nivel: SQL
Time: 22:12:49
Path: painel
Uri: pedidos/detalhes/1
Data: Array
(
)

Params: 1
Query: Array
(
)

array (
  0 => 'SELECT FormasPagamentos.id, FormasPagamentos.nome, FormasPagamentos.data_cadastro, FormasPagamentos.data_alteracao FROM formas_pagto AS FormasPagamentos  WHERE id = "1" LIMIT 1',
)

Nivel: SQL
Time: 22:12:49
Path: painel
Uri: pedidos/detalhes/1
Data: Array
(
)

Params: 1
Query: Array
(
)

array (
  0 => 'SELECT PedidosItens.id, PedidosItens.pedido_id, PedidosItens.produto_id, PedidosItens.qtde, PedidosItens.venda, PedidosItens.total, PedidosItens.data_cadastro, PedidosItens.data_alteracao FROM pedidos_itens AS PedidosItens  WHERE pedido_id = "1"',
)

Nivel: SQL
Time: 22:12:49
Path: painel
Uri: pedidos/detalhes/1
Data: Array
(
)

Params: 1
Query: Array
(
)

array (
  0 => 'SELECT Pedidos.id, Pedidos.data_pedido, Pedidos.cliente_id, Pedidos.total, Pedidos.forma_pagto_id, Pedidos.status, Pedidos.data_cadastro, Pedidos.data_alteracao FROM pedidos AS Pedidos  WHERE id = "1"',
)

Nivel: SQL
Time: 22:14:52
Path: painel
Uri: pedidos/detalhes/1
Data: Array
(
)

Params: 1
Query: Array
(
)

array (
  0 => 'SELECT Clientes.id, Clientes.nome, Clientes.cpf, Clientes.fone, Clientes.email, Clientes.senha, Clientes.data_cadastro, Clientes.data_alteracao FROM clientes AS Clientes  WHERE id = "1" LIMIT 1',
)

Nivel: SQL
Time: 22:14:52
Path: painel
Uri: pedidos/detalhes/1
Data: Array
(
)

Params: 1
Query: Array
(
)

array (
  0 => 'SELECT FormasPagamentos.id, FormasPagamentos.nome, FormasPagamentos.data_cadastro, FormasPagamentos.data_alteracao FROM formas_pagto AS FormasPagamentos  WHERE id = "1" LIMIT 1',
)

Nivel: SQL
Time: 22:14:52
Path: painel
Uri: pedidos/detalhes/1
Data: Array
(
)

Params: 1
Query: Array
(
)

array (
  0 => 'SELECT PedidosItens.id, PedidosItens.pedido_id, PedidosItens.produto_id, PedidosItens.qtde, PedidosItens.venda, PedidosItens.total, PedidosItens.data_cadastro, PedidosItens.data_alteracao FROM pedidos_itens AS PedidosItens  WHERE pedido_id = "1"',
)

Nivel: SQL
Time: 22:14:52
Path: painel
Uri: pedidos/detalhes/1
Data: Array
(
)

Params: 1
Query: Array
(
)

array (
  0 => 'SELECT Pedidos.id, Pedidos.data_pedido, Pedidos.cliente_id, Pedidos.total, Pedidos.forma_pagto_id, Pedidos.status, Pedidos.data_cadastro, Pedidos.data_alteracao FROM pedidos AS Pedidos  WHERE id = "1"',
)

Nivel: SQL
Time: 22:15:06
Path: painel
Uri: pedidos/detalhes/1
Data: Array
(
)

Params: 1
Query: Array
(
)

array (
  0 => 'SELECT Clientes.id, Clientes.nome, Clientes.cpf, Clientes.fone, Clientes.email, Clientes.senha, Clientes.data_cadastro, Clientes.data_alteracao FROM clientes AS Clientes  WHERE id = "1" LIMIT 1',
)

Nivel: SQL
Time: 22:15:06
Path: painel
Uri: pedidos/detalhes/1
Data: Array
(
)

Params: 1
Query: Array
(
)

array (
  0 => 'SELECT FormasPagamentos.id, FormasPagamentos.nome, FormasPagamentos.data_cadastro, FormasPagamentos.data_alteracao FROM formas_pagto AS FormasPagamentos  WHERE id = "1" LIMIT 1',
)

Nivel: SQL
Time: 22:15:06
Path: painel
Uri: pedidos/detalhes/1
Data: Array
(
)

Params: 1
Query: Array
(
)

array (
  0 => 'SELECT PedidosItens.id, PedidosItens.pedido_id, PedidosItens.produto_id, PedidosItens.qtde, PedidosItens.venda, PedidosItens.total, PedidosItens.data_cadastro, PedidosItens.data_alteracao FROM pedidos_itens AS PedidosItens  WHERE pedido_id = "1"',
)

Nivel: SQL
Time: 22:15:06
Path: painel
Uri: pedidos/detalhes/1
Data: Array
(
)

Params: 1
Query: Array
(
)

array (
  0 => 'SELECT Pedidos.id, Pedidos.data_pedido, Pedidos.cliente_id, Pedidos.total, Pedidos.forma_pagto_id, Pedidos.status, Pedidos.data_cadastro, Pedidos.data_alteracao FROM pedidos AS Pedidos  WHERE id = "1"',
)

Nivel: SQL
Time: 22:15:24
Path: painel
Uri: pedidos/detalhes/1
Data: Array
(
)

Params: 1
Query: Array
(
)

array (
  0 => 'SELECT Clientes.id, Clientes.nome, Clientes.cpf, Clientes.fone, Clientes.email, Clientes.senha, Clientes.data_cadastro, Clientes.data_alteracao FROM clientes AS Clientes  WHERE id = "1" LIMIT 1',
)

Nivel: SQL
Time: 22:15:24
Path: painel
Uri: pedidos/detalhes/1
Data: Array
(
)

Params: 1
Query: Array
(
)

array (
  0 => 'SELECT FormasPagamentos.id, FormasPagamentos.nome, FormasPagamentos.data_cadastro, FormasPagamentos.data_alteracao FROM formas_pagto AS FormasPagamentos  WHERE id = "1" LIMIT 1',
)

Nivel: SQL
Time: 22:15:24
Path: painel
Uri: pedidos/detalhes/1
Data: Array
(
)

Params: 1
Query: Array
(
)

array (
  0 => 'SELECT PedidosItens.id, PedidosItens.pedido_id, PedidosItens.produto_id, PedidosItens.qtde, PedidosItens.venda, PedidosItens.total, PedidosItens.data_cadastro, PedidosItens.data_alteracao FROM pedidos_itens AS PedidosItens  WHERE pedido_id = "1"',
)

Nivel: SQL
Time: 22:15:24
Path: painel
Uri: pedidos/detalhes/1
Data: Array
(
)

Params: 1
Query: Array
(
)

array (
  0 => 'SELECT Pedidos.id, Pedidos.data_pedido, Pedidos.cliente_id, Pedidos.total, Pedidos.forma_pagto_id, Pedidos.status, Pedidos.data_cadastro, Pedidos.data_alteracao FROM pedidos AS Pedidos  WHERE id = "1"',
)

Nivel: SQL
Time: 22:15:31
Path: painel
Uri: pedidos/detalhes/1
Data: Array
(
)

Params: 1
Query: Array
(
)

array (
  0 => 'SELECT Clientes.id, Clientes.nome, Clientes.cpf, Clientes.fone, Clientes.email, Clientes.senha, Clientes.data_cadastro, Clientes.data_alteracao FROM clientes AS Clientes  WHERE id = "1" LIMIT 1',
)

Nivel: SQL
Time: 22:15:31
Path: painel
Uri: pedidos/detalhes/1
Data: Array
(
)

Params: 1
Query: Array
(
)

array (
  0 => 'SELECT FormasPagamentos.id, FormasPagamentos.nome, FormasPagamentos.data_cadastro, FormasPagamentos.data_alteracao FROM formas_pagto AS FormasPagamentos  WHERE id = "1" LIMIT 1',
)

Nivel: SQL
Time: 22:15:31
Path: painel
Uri: pedidos/detalhes/1
Data: Array
(
)

Params: 1
Query: Array
(
)

array (
  0 => 'SELECT PedidosItens.id, PedidosItens.pedido_id, PedidosItens.produto_id, PedidosItens.qtde, PedidosItens.venda, PedidosItens.total, PedidosItens.data_cadastro, PedidosItens.data_alteracao FROM pedidos_itens AS PedidosItens  WHERE pedido_id = "1"',
)

Nivel: SQL
Time: 22:15:31
Path: painel
Uri: pedidos/detalhes/1
Data: Array
(
)

Params: 1
Query: Array
(
)

array (
  0 => 'SELECT Pedidos.id, Pedidos.data_pedido, Pedidos.cliente_id, Pedidos.total, Pedidos.forma_pagto_id, Pedidos.status, Pedidos.data_cadastro, Pedidos.data_alteracao FROM pedidos AS Pedidos  WHERE id = "1"',
)

Nivel: SQL
Time: 22:16:59
Path: painel
Uri: pedidos/detalhes/1
Data: Array
(
)

Params: 1
Query: Array
(
)

array (
  0 => 'SELECT Clientes.id, Clientes.nome, Clientes.cpf, Clientes.fone, Clientes.email, Clientes.senha, Clientes.data_cadastro, Clientes.data_alteracao FROM clientes AS Clientes  WHERE id = "1" LIMIT 1',
)

Nivel: SQL
Time: 22:16:59
Path: painel
Uri: pedidos/detalhes/1
Data: Array
(
)

Params: 1
Query: Array
(
)

array (
  0 => 'SELECT FormasPagamentos.id, FormasPagamentos.nome, FormasPagamentos.data_cadastro, FormasPagamentos.data_alteracao FROM formas_pagto AS FormasPagamentos  WHERE id = "1" LIMIT 1',
)

Nivel: SQL
Time: 22:16:59
Path: painel
Uri: pedidos/detalhes/1
Data: Array
(
)

Params: 1
Query: Array
(
)

array (
  0 => 'SELECT PedidosItens.id, PedidosItens.pedido_id, PedidosItens.produto_id, PedidosItens.qtde, PedidosItens.venda, PedidosItens.total, PedidosItens.data_cadastro, PedidosItens.data_alteracao FROM pedidos_itens AS PedidosItens  WHERE pedido_id = "1"',
)

Nivel: SQL
Time: 22:16:59
Path: painel
Uri: pedidos/detalhes/1
Data: Array
(
)

Params: 1
Query: Array
(
)

array (
  0 => 'SELECT Pedidos.id, Pedidos.data_pedido, Pedidos.cliente_id, Pedidos.total, Pedidos.forma_pagto_id, Pedidos.status, Pedidos.data_cadastro, Pedidos.data_alteracao FROM pedidos AS Pedidos  WHERE id = "1"',
)

Nivel: SQL
Time: 22:17:41
Path: painel
Uri: pedidos/detalhes/1
Data: Array
(
)

Params: 1
Query: Array
(
)

array (
  0 => 'SELECT Clientes.id, Clientes.nome, Clientes.cpf, Clientes.fone, Clientes.email, Clientes.senha, Clientes.data_cadastro, Clientes.data_alteracao FROM clientes AS Clientes  WHERE id = "1" LIMIT 1',
)

Nivel: SQL
Time: 22:17:41
Path: painel
Uri: pedidos/detalhes/1
Data: Array
(
)

Params: 1
Query: Array
(
)

array (
  0 => 'SELECT FormasPagamentos.id, FormasPagamentos.nome, FormasPagamentos.data_cadastro, FormasPagamentos.data_alteracao FROM formas_pagto AS FormasPagamentos  WHERE id = "1" LIMIT 1',
)

Nivel: SQL
Time: 22:17:41
Path: painel
Uri: pedidos/detalhes/1
Data: Array
(
)

Params: 1
Query: Array
(
)

array (
  0 => 'SELECT PedidosItens.id, PedidosItens.pedido_id, PedidosItens.produto_id, PedidosItens.qtde, PedidosItens.venda, PedidosItens.total, PedidosItens.data_cadastro, PedidosItens.data_alteracao FROM pedidos_itens AS PedidosItens  WHERE pedido_id = "1"',
)

Nivel: SQL
Time: 22:17:41
Path: painel
Uri: pedidos/detalhes/1
Data: Array
(
)

Params: 1
Query: Array
(
)

array (
  0 => 'SELECT Pedidos.id, Pedidos.data_pedido, Pedidos.cliente_id, Pedidos.total, Pedidos.forma_pagto_id, Pedidos.status, Pedidos.data_cadastro, Pedidos.data_alteracao FROM pedidos AS Pedidos  WHERE id = "1"',
)

Nivel: SQL
Time: 22:18:29
Path: painel
Uri: pedidos/detalhes/1
Data: Array
(
)

Params: 1
Query: Array
(
)

array (
  0 => 'SELECT Clientes.id, Clientes.nome, Clientes.cpf, Clientes.fone, Clientes.email, Clientes.senha, Clientes.data_cadastro, Clientes.data_alteracao FROM clientes AS Clientes  WHERE id = "1" LIMIT 1',
)

Nivel: SQL
Time: 22:18:29
Path: painel
Uri: pedidos/detalhes/1
Data: Array
(
)

Params: 1
Query: Array
(
)

array (
  0 => 'SELECT FormasPagamentos.id, FormasPagamentos.nome, FormasPagamentos.data_cadastro, FormasPagamentos.data_alteracao FROM formas_pagto AS FormasPagamentos  WHERE id = "1" LIMIT 1',
)

Nivel: SQL
Time: 22:18:29
Path: painel
Uri: pedidos/detalhes/1
Data: Array
(
)

Params: 1
Query: Array
(
)

array (
  0 => 'SELECT PedidosItens.id, PedidosItens.pedido_id, PedidosItens.produto_id, PedidosItens.qtde, PedidosItens.venda, PedidosItens.total, PedidosItens.data_cadastro, PedidosItens.data_alteracao FROM pedidos_itens AS PedidosItens  WHERE pedido_id = "1"',
)

Nivel: SQL
Time: 22:18:29
Path: painel
Uri: pedidos/detalhes/1
Data: Array
(
)

Params: 1
Query: Array
(
)

array (
  0 => 'SELECT Pedidos.id, Pedidos.data_pedido, Pedidos.cliente_id, Pedidos.total, Pedidos.forma_pagto_id, Pedidos.status, Pedidos.data_cadastro, Pedidos.data_alteracao FROM pedidos AS Pedidos  WHERE id = "1"',
)

Nivel: SQL
Time: 22:19:22
Path: painel
Uri: pedidos/detalhes/1
Data: Array
(
)

Params: 1
Query: Array
(
)

array (
  0 => 'SELECT Clientes.id, Clientes.nome, Clientes.cpf, Clientes.fone, Clientes.email, Clientes.senha, Clientes.data_cadastro, Clientes.data_alteracao FROM clientes AS Clientes  WHERE id = "1" LIMIT 1',
)

Nivel: SQL
Time: 22:19:22
Path: painel
Uri: pedidos/detalhes/1
Data: Array
(
)

Params: 1
Query: Array
(
)

array (
  0 => 'SELECT FormasPagamentos.id, FormasPagamentos.nome, FormasPagamentos.data_cadastro, FormasPagamentos.data_alteracao FROM formas_pagto AS FormasPagamentos  WHERE id = "1" LIMIT 1',
)

Nivel: SQL
Time: 22:19:23
Path: painel
Uri: pedidos/detalhes/1
Data: Array
(
)

Params: 1
Query: Array
(
)

array (
  0 => 'SELECT PedidosItens.id, PedidosItens.pedido_id, PedidosItens.produto_id, PedidosItens.qtde, PedidosItens.venda, PedidosItens.total, PedidosItens.data_cadastro, PedidosItens.data_alteracao FROM pedidos_itens AS PedidosItens  WHERE pedido_id = "1"',
)

Nivel: SQL
Time: 22:19:23
Path: painel
Uri: pedidos/detalhes/1
Data: Array
(
)

Params: 1
Query: Array
(
)

array (
  0 => 'SELECT Pedidos.id, Pedidos.data_pedido, Pedidos.cliente_id, Pedidos.total, Pedidos.forma_pagto_id, Pedidos.status, Pedidos.data_cadastro, Pedidos.data_alteracao FROM pedidos AS Pedidos  WHERE id = "1"',
)

Nivel: SQL
Time: 22:19:25
Path: painel
Uri: pedidos/detalhes/1
Data: Array
(
)

Params: 1
Query: Array
(
)

array (
  0 => 'SELECT Clientes.id, Clientes.nome, Clientes.cpf, Clientes.fone, Clientes.email, Clientes.senha, Clientes.data_cadastro, Clientes.data_alteracao FROM clientes AS Clientes  WHERE id = "1" LIMIT 1',
)

Nivel: SQL
Time: 22:19:25
Path: painel
Uri: pedidos/detalhes/1
Data: Array
(
)

Params: 1
Query: Array
(
)

array (
  0 => 'SELECT FormasPagamentos.id, FormasPagamentos.nome, FormasPagamentos.data_cadastro, FormasPagamentos.data_alteracao FROM formas_pagto AS FormasPagamentos  WHERE id = "1" LIMIT 1',
)

Nivel: SQL
Time: 22:19:25
Path: painel
Uri: pedidos/detalhes/1
Data: Array
(
)

Params: 1
Query: Array
(
)

array (
  0 => 'SELECT PedidosItens.id, PedidosItens.pedido_id, PedidosItens.produto_id, PedidosItens.qtde, PedidosItens.venda, PedidosItens.total, PedidosItens.data_cadastro, PedidosItens.data_alteracao FROM pedidos_itens AS PedidosItens  WHERE pedido_id = "1"',
)

Nivel: SQL
Time: 22:19:25
Path: painel
Uri: pedidos/detalhes/1
Data: Array
(
)

Params: 1
Query: Array
(
)

array (
  0 => 'SELECT Pedidos.id, Pedidos.data_pedido, Pedidos.cliente_id, Pedidos.total, Pedidos.forma_pagto_id, Pedidos.status, Pedidos.data_cadastro, Pedidos.data_alteracao FROM pedidos AS Pedidos  WHERE id = "1"',
)

