Nivel: SQL
Time: 01:39:53
Path: 
Uri: home/login
Data: Array
(
    [username] => fernandocalefi
    [senha] => fernandocalefi
)

Params: 
Query: Array
(
)

array (
  0 => 'SELECT Usuarios.id, Usuarios.nome, Usuarios.username, Usuarios.senha, Usuarios.data_cadastro, Usuarios.data_alteracao FROM usuarios AS Usuarios  WHERE username = "fernandocalefi" AND senha = "f261b5d8b440a8a4f92bf553c4ea1c1e" LIMIT 1',
)

Nivel: SQL
Time: 01:39:53
Path: painel
Uri: Clientes
Data: Array
(
)

Params: 
Query: Array
(
)

array (
  0 => 'SELECT Usuarios.id, Usuarios.nome, Usuarios.username, Usuarios.senha, Usuarios.data_cadastro, Usuarios.data_alteracao FROM usuarios AS Usuarios  WHERE username = "fernandocalefi" LIMIT 1',
)

Nivel: SQL
Time: 01:39:53
Path: painel
Uri: Clientes
Data: Array
(
)

Params: 
Query: Array
(
)

array (
  0 => 'SELECT Clientes.id, Clientes.nome, Clientes.cpf, Clientes.fone, Clientes.email, Clientes.senha, Clientes.data_cadastro, Clientes.data_alteracao FROM clientes AS Clientes  ORDER BY nome ASC LIMIT 0 , 8',
  1 => 'SELECT COUNT(*) AS total FROM clientes ORDER BY nome ASC',
)

Nivel: SQL
Time: 01:40:09
Path: painel
Uri: produtos/index
Data: Array
(
)

Params: 
Query: Array
(
)

array (
  0 => 'SELECT Usuarios.id, Usuarios.nome, Usuarios.username, Usuarios.senha, Usuarios.data_cadastro, Usuarios.data_alteracao FROM usuarios AS Usuarios  WHERE username = "fernandocalefi" LIMIT 1',
)

Nivel: SQL
Time: 01:40:09
Path: painel
Uri: produtos/index
Data: Array
(
)

Params: 
Query: Array
(
)

array (
  0 => 'SELECT Produtos.id, Produtos.codigo, Produtos.nome, Produtos.venda, Produtos.estoque, Produtos.foto, Produtos.descricao_produto, Produtos.data_cadastro, Produtos.data_alteracao FROM produtos AS Produtos  ORDER BY nome ASC LIMIT 0 , 8',
  1 => 'SELECT COUNT(*) AS total FROM produtos ORDER BY nome ASC',
)

Nivel: SQL
Time: 01:40:36
Path: 
Uri: Home/index
Data: Array
(
)

Params: 
Query: Array
(
)

array (
  0 => 'SELECT Produtos.id, Produtos.codigo, Produtos.nome, Produtos.venda, Produtos.estoque, Produtos.foto, Produtos.descricao_produto, Produtos.data_cadastro, Produtos.data_alteracao FROM produtos AS Produtos  ORDER BY RAND()  LIMIT 6',
)

Nivel: SQL
Time: 01:40:44
Path: 
Uri: produtos/pesquisar
Data: Array
(
)

Params: 
Query: Array
(
)

array (
  0 => 'SELECT Produtos.id, Produtos.codigo, Produtos.nome, Produtos.venda, Produtos.estoque, Produtos.foto, Produtos.descricao_produto, Produtos.data_cadastro, Produtos.data_alteracao FROM produtos AS Produtos  ORDER BY nome ASC LIMIT 0 , 6',
  1 => 'SELECT COUNT(*) AS total FROM produtos ORDER BY nome ASC',
)

Nivel: SQL
Time: 01:40:48
Path: 
Uri: produtos/pesquisar
Data: Array
(
)

Params: 
Query: Array
(
)

array (
  0 => 'SELECT Produtos.id, Produtos.codigo, Produtos.nome, Produtos.venda, Produtos.estoque, Produtos.foto, Produtos.descricao_produto, Produtos.data_cadastro, Produtos.data_alteracao FROM produtos AS Produtos  ORDER BY nome ASC LIMIT 0 , 6',
  1 => 'SELECT COUNT(*) AS total FROM produtos ORDER BY nome ASC',
)

Nivel: SQL
Time: 01:40:50
Path: 
Uri: produtos/pesquisar
Data: Array
(
)

Params: 
Query: Array
(
)

array (
  0 => 'SELECT Produtos.id, Produtos.codigo, Produtos.nome, Produtos.venda, Produtos.estoque, Produtos.foto, Produtos.descricao_produto, Produtos.data_cadastro, Produtos.data_alteracao FROM produtos AS Produtos  ORDER BY nome ASC LIMIT 0 , 6',
  1 => 'SELECT COUNT(*) AS total FROM produtos ORDER BY nome ASC',
)

Nivel: SQL
Time: 01:40:54
Path: 
Uri: carrinho/index
Data: Array
(
)

Params: 
Query: Array
(
)

array (
  0 => 'SELECT Produtos.id, Produtos.codigo, Produtos.nome, Produtos.venda, Produtos.estoque, Produtos.foto, Produtos.descricao_produto, Produtos.data_cadastro, Produtos.data_alteracao FROM produtos AS Produtos  WHERE id IN("1", "4")',
)

Nivel: SQL
Time: 01:40:54
Path: 
Uri: carrinho/index
Data: Array
(
)

Params: 
Query: Array
(
)

array (
  0 => 'SELECT FormasPagto.id, FormasPagto.nome FROM formas_pagto AS FormasPagto ',
)

Nivel: SQL
Time: 01:42:29
Path: 
Uri: home/index
Data: Array
(
)

Params: 
Query: Array
(
)

array (
  0 => 'SELECT Produtos.id, Produtos.codigo, Produtos.nome, Produtos.venda, Produtos.estoque, Produtos.foto, Produtos.descricao_produto, Produtos.data_cadastro, Produtos.data_alteracao FROM produtos AS Produtos  ORDER BY RAND()  LIMIT 6',
)

Nivel: SQL
Time: 01:42:44
Path: 
Uri: clientes/login
Data: Array
(
    [email] => fercalefi@hotmail.com
    [senha] => consinco
)

Params: 
Query: Array
(
)

array (
  0 => 'SELECT Clientes.id, Clientes.nome, Clientes.cpf, Clientes.fone, Clientes.email, Clientes.senha, Clientes.data_cadastro, Clientes.data_alteracao FROM clientes AS Clientes  WHERE email = "fercalefi@hotmail.com" AND senha = "3da5ddbf20412a5f5576786907941081" LIMIT 1',
)

Nivel: SQL
Time: 01:42:47
Path: 
Uri: clientes/login
Data: Array
(
    [email] => fercalefi@hotmail.com
    [senha] => calefi
)

Params: 
Query: Array
(
)

array (
  0 => 'SELECT Clientes.id, Clientes.nome, Clientes.cpf, Clientes.fone, Clientes.email, Clientes.senha, Clientes.data_cadastro, Clientes.data_alteracao FROM clientes AS Clientes  WHERE email = "fercalefi@hotmail.com" AND senha = "819982db60c372c662d774cfc58752ec" LIMIT 1',
)

Nivel: SQL
Time: 01:42:47
Path: consumidor
Uri: clientes/alterar
Data: Array
(
    [id] => 1
    [nome] => Fernando Calefi1
    [cpf] => 30943923859
    [fone] => 36383551
    [email] => fercalefi@hotmail.com
    [senha] => 819982db60c372c662d774cfc58752ec
    [data_cadastro] => 2016-01-27 22:13:28
    [data_alteracao] => 2016-04-14 02:24:49
)

Params: 
Query: Array
(
)

array (
  0 => 'SELECT Clientes.id, Clientes.nome, Clientes.cpf, Clientes.fone, Clientes.email, Clientes.senha, Clientes.data_cadastro, Clientes.data_alteracao FROM clientes AS Clientes  WHERE email = "fercalefi@hotmail.com" LIMIT 1',
)

Nivel: SQL
Time: 01:42:47
Path: consumidor
Uri: clientes/alterar
Data: Array
(
    [id] => 1
    [nome] => Fernando Calefi1
    [cpf] => 30943923859
    [fone] => 36383551
    [email] => fercalefi@hotmail.com
    [senha] => 819982db60c372c662d774cfc58752ec
    [data_cadastro] => 2016-01-27 22:13:28
    [data_alteracao] => 2016-04-14 02:24:49
)

Params: 
Query: Array
(
)

array (
  0 => 'SELECT Clientes.id, Clientes.nome, Clientes.cpf, Clientes.fone, Clientes.email, Clientes.senha, Clientes.data_cadastro, Clientes.data_alteracao FROM clientes AS Clientes  WHERE id = "1" LIMIT 1',
)

Nivel: SQL
Time: 01:42:51
Path: consumidor
Uri: pedidos/index
Data: Array
(
)

Params: 
Query: Array
(
)

array (
  0 => 'SELECT FormasPagto.* FROM formas_pagto AS FormasPagto  WHERE id = "1" LIMIT 1',
)

Nivel: SQL
Time: 01:42:51
Path: consumidor
Uri: pedidos/index
Data: Array
(
)

Params: 
Query: Array
(
)

array (
  0 => 'SELECT FormasPagto.* FROM formas_pagto AS FormasPagto  WHERE id = "2" LIMIT 1',
)

Nivel: SQL
Time: 01:42:51
Path: consumidor
Uri: pedidos/index
Data: Array
(
)

Params: 
Query: Array
(
)

array (
  0 => 'SELECT FormasPagto.* FROM formas_pagto AS FormasPagto  WHERE id = "1" LIMIT 1',
)

Nivel: SQL
Time: 01:42:51
Path: consumidor
Uri: pedidos/index
Data: Array
(
)

Params: 
Query: Array
(
)

array (
  0 => 'SELECT FormasPagto.* FROM formas_pagto AS FormasPagto  WHERE id = "1" LIMIT 1',
)

Nivel: SQL
Time: 01:42:51
Path: consumidor
Uri: pedidos/index
Data: Array
(
)

Params: 
Query: Array
(
)

array (
  0 => 'SELECT FormasPagto.* FROM formas_pagto AS FormasPagto  WHERE id = "1" LIMIT 1',
)

Nivel: SQL
Time: 01:42:51
Path: consumidor
Uri: pedidos/index
Data: Array
(
)

Params: 
Query: Array
(
)

array (
  0 => 'SELECT FormasPagto.* FROM formas_pagto AS FormasPagto  WHERE id = "1" LIMIT 1',
)

Nivel: SQL
Time: 01:42:51
Path: consumidor
Uri: pedidos/index
Data: Array
(
)

Params: 
Query: Array
(
)

array (
  0 => 'SELECT Clientes.id, Clientes.nome, Clientes.cpf, Clientes.fone, Clientes.email, Clientes.senha, Clientes.data_cadastro, Clientes.data_alteracao FROM clientes AS Clientes  WHERE email = "fercalefi@hotmail.com" LIMIT 1',
)

Nivel: SQL
Time: 01:42:51
Path: consumidor
Uri: pedidos/index
Data: Array
(
)

Params: 
Query: Array
(
)

array (
  0 => 'SELECT Pedidos.id, Pedidos.data_pedido, Pedidos.cliente_id, Pedidos.total, Pedidos.forma_pagto_id, Pedidos.status, Pedidos.data_cadastro, Pedidos.data_alteracao FROM pedidos AS Pedidos  WHERE cliente_id = "1" ORDER BY data_cadastro DESC LIMIT 0 , 10',
  1 => 'SELECT COUNT(*) AS total FROM pedidos WHERE cliente_id = "1" ORDER BY data_cadastro DESC',
)

Nivel: SQL
Time: 01:42:54
Path: consumidor
Uri: pedidos/detalhes/8
Data: Array
(
)

Params: 8
Query: Array
(
)

array (
  0 => 'SELECT FormasPagto.* FROM formas_pagto AS FormasPagto  WHERE id = "1" LIMIT 1',
)

Nivel: SQL
Time: 01:42:54
Path: consumidor
Uri: pedidos/detalhes/8
Data: Array
(
)

Params: 8
Query: Array
(
)

array (
  0 => 'SELECT Produtos.* FROM produtos AS Produtos  WHERE id = "1" LIMIT 1',
)

Nivel: SQL
Time: 01:42:54
Path: consumidor
Uri: pedidos/detalhes/8
Data: Array
(
)

Params: 8
Query: Array
(
)

array (
  0 => 'SELECT Produtos.* FROM produtos AS Produtos  WHERE id = "4" LIMIT 1',
)

Nivel: SQL
Time: 01:42:54
Path: consumidor
Uri: pedidos/detalhes/8
Data: Array
(
)

Params: 8
Query: Array
(
)

array (
  0 => 'SELECT PedidosItens.* FROM pedidos_itens AS PedidosItens  WHERE pedido_id = "8"',
)

Nivel: SQL
Time: 01:42:54
Path: consumidor
Uri: pedidos/detalhes/8
Data: Array
(
)

Params: 8
Query: Array
(
)

array (
  0 => 'SELECT Pedidos.id, Pedidos.data_pedido, Pedidos.cliente_id, Pedidos.total, Pedidos.forma_pagto_id, Pedidos.status, Pedidos.data_cadastro, Pedidos.data_alteracao FROM pedidos AS Pedidos  WHERE id = "8" LIMIT 1',
)

Nivel: SQL
Time: 01:43:02
Path: consumidor
Uri: clientes/alterar
Data: Array
(
    [id] => 1
    [nome] => Fernando Calefi1
    [cpf] => 30943923859
    [fone] => 36383551
    [email] => fercalefi@hotmail.com
    [senha] => 819982db60c372c662d774cfc58752ec
    [data_cadastro] => 2016-01-27 22:13:28
    [data_alteracao] => 2016-04-14 02:24:49
)

Params: 
Query: Array
(
)

array (
  0 => 'SELECT Clientes.id, Clientes.nome, Clientes.cpf, Clientes.fone, Clientes.email, Clientes.senha, Clientes.data_cadastro, Clientes.data_alteracao FROM clientes AS Clientes  WHERE email = "fercalefi@hotmail.com" LIMIT 1',
)

Nivel: SQL
Time: 01:43:02
Path: consumidor
Uri: clientes/alterar
Data: Array
(
    [id] => 1
    [nome] => Fernando Calefi1
    [cpf] => 30943923859
    [fone] => 36383551
    [email] => fercalefi@hotmail.com
    [senha] => 819982db60c372c662d774cfc58752ec
    [data_cadastro] => 2016-01-27 22:13:28
    [data_alteracao] => 2016-04-14 02:24:49
)

Params: 
Query: Array
(
)

array (
  0 => 'SELECT Clientes.id, Clientes.nome, Clientes.cpf, Clientes.fone, Clientes.email, Clientes.senha, Clientes.data_cadastro, Clientes.data_alteracao FROM clientes AS Clientes  WHERE id = "1" LIMIT 1',
)

Nivel: SQL
Time: 01:43:46
Path: 
Uri: carrinho/index
Data: Array
(
)

Params: 
Query: Array
(
)

array (
  0 => 'SELECT Produtos.id, Produtos.codigo, Produtos.nome, Produtos.venda, Produtos.estoque, Produtos.foto, Produtos.descricao_produto, Produtos.data_cadastro, Produtos.data_alteracao FROM produtos AS Produtos  WHERE id IN("1", "4")',
)

Nivel: SQL
Time: 01:43:46
Path: 
Uri: carrinho/index
Data: Array
(
)

Params: 
Query: Array
(
)

array (
  0 => 'SELECT FormasPagto.id, FormasPagto.nome FROM formas_pagto AS FormasPagto ',
)

Nivel: SQL
Time: 01:44:10
Path: painel
Uri: Clientes
Data: Array
(
)

Params: 
Query: Array
(
)

array (
  0 => 'SELECT Usuarios.id, Usuarios.nome, Usuarios.username, Usuarios.senha, Usuarios.data_cadastro, Usuarios.data_alteracao FROM usuarios AS Usuarios  WHERE username = "fernandocalefi" LIMIT 1',
)

Nivel: SQL
Time: 01:44:10
Path: painel
Uri: Clientes
Data: Array
(
)

Params: 
Query: Array
(
)

array (
  0 => 'SELECT Clientes.id, Clientes.nome, Clientes.cpf, Clientes.fone, Clientes.email, Clientes.senha, Clientes.data_cadastro, Clientes.data_alteracao FROM clientes AS Clientes  ORDER BY nome ASC LIMIT 0 , 8',
  1 => 'SELECT COUNT(*) AS total FROM clientes ORDER BY nome ASC',
)

Nivel: SQL
Time: 01:44:23
Path: 
Uri: home/login
Data: Array
(
    [username] => fernandocalefi
    [senha] => fernandocalefi
)

Params: 
Query: Array
(
)

array (
  0 => 'SELECT Usuarios.id, Usuarios.nome, Usuarios.username, Usuarios.senha, Usuarios.data_cadastro, Usuarios.data_alteracao FROM usuarios AS Usuarios  WHERE username = "fernandocalefi" AND senha = "f261b5d8b440a8a4f92bf553c4ea1c1e" LIMIT 1',
)

Nivel: SQL
Time: 01:44:23
Path: painel
Uri: Clientes
Data: Array
(
)

Params: 
Query: Array
(
)

array (
  0 => 'SELECT Usuarios.id, Usuarios.nome, Usuarios.username, Usuarios.senha, Usuarios.data_cadastro, Usuarios.data_alteracao FROM usuarios AS Usuarios  WHERE username = "fernandocalefi" LIMIT 1',
)

Nivel: SQL
Time: 01:44:23
Path: painel
Uri: Clientes
Data: Array
(
)

Params: 
Query: Array
(
)

array (
  0 => 'SELECT Clientes.id, Clientes.nome, Clientes.cpf, Clientes.fone, Clientes.email, Clientes.senha, Clientes.data_cadastro, Clientes.data_alteracao FROM clientes AS Clientes  ORDER BY nome ASC LIMIT 0 , 8',
  1 => 'SELECT COUNT(*) AS total FROM clientes ORDER BY nome ASC',
)

Nivel: SQL
Time: 01:44:26
Path: painel
Uri: pedidos/index
Data: Array
(
)

Params: 
Query: Array
(
)

array (
  0 => 'SELECT Clientes.* FROM clientes AS Clientes  WHERE id = "1" LIMIT 1',
)

Nivel: SQL
Time: 01:44:26
Path: painel
Uri: pedidos/index
Data: Array
(
)

Params: 
Query: Array
(
)

array (
  0 => 'SELECT FormasPagto.* FROM formas_pagto AS FormasPagto  WHERE id = "1" LIMIT 1',
)

Nivel: SQL
Time: 01:44:26
Path: painel
Uri: pedidos/index
Data: Array
(
)

Params: 
Query: Array
(
)

array (
  0 => 'SELECT Clientes.* FROM clientes AS Clientes  WHERE id = "1" LIMIT 1',
)

Nivel: SQL
Time: 01:44:26
Path: painel
Uri: pedidos/index
Data: Array
(
)

Params: 
Query: Array
(
)

array (
  0 => 'SELECT FormasPagto.* FROM formas_pagto AS FormasPagto  WHERE id = "2" LIMIT 1',
)

Nivel: SQL
Time: 01:44:26
Path: painel
Uri: pedidos/index
Data: Array
(
)

Params: 
Query: Array
(
)

array (
  0 => 'SELECT Clientes.* FROM clientes AS Clientes  WHERE id = "1" LIMIT 1',
)

Nivel: SQL
Time: 01:44:26
Path: painel
Uri: pedidos/index
Data: Array
(
)

Params: 
Query: Array
(
)

array (
  0 => 'SELECT FormasPagto.* FROM formas_pagto AS FormasPagto  WHERE id = "1" LIMIT 1',
)

Nivel: SQL
Time: 01:44:27
Path: painel
Uri: pedidos/index
Data: Array
(
)

Params: 
Query: Array
(
)

array (
  0 => 'SELECT Clientes.* FROM clientes AS Clientes  WHERE id = "1" LIMIT 1',
)

Nivel: SQL
Time: 01:44:27
Path: painel
Uri: pedidos/index
Data: Array
(
)

Params: 
Query: Array
(
)

array (
  0 => 'SELECT FormasPagto.* FROM formas_pagto AS FormasPagto  WHERE id = "1" LIMIT 1',
)

Nivel: SQL
Time: 01:44:27
Path: painel
Uri: pedidos/index
Data: Array
(
)

Params: 
Query: Array
(
)

array (
  0 => 'SELECT Clientes.* FROM clientes AS Clientes  WHERE id = "1" LIMIT 1',
)

Nivel: SQL
Time: 01:44:27
Path: painel
Uri: pedidos/index
Data: Array
(
)

Params: 
Query: Array
(
)

array (
  0 => 'SELECT FormasPagto.* FROM formas_pagto AS FormasPagto  WHERE id = "1" LIMIT 1',
)

Nivel: SQL
Time: 01:44:27
Path: painel
Uri: pedidos/index
Data: Array
(
)

Params: 
Query: Array
(
)

array (
  0 => 'SELECT Clientes.* FROM clientes AS Clientes  WHERE id = "2" LIMIT 1',
)

Nivel: SQL
Time: 01:44:27
Path: painel
Uri: pedidos/index
Data: Array
(
)

Params: 
Query: Array
(
)

array (
  0 => 'SELECT FormasPagto.* FROM formas_pagto AS FormasPagto  WHERE id = "2" LIMIT 1',
)

Nivel: SQL
Time: 01:44:27
Path: painel
Uri: pedidos/index
Data: Array
(
)

Params: 
Query: Array
(
)

array (
  0 => 'SELECT Clientes.* FROM clientes AS Clientes  WHERE id = "3" LIMIT 1',
)

Nivel: SQL
Time: 01:44:27
Path: painel
Uri: pedidos/index
Data: Array
(
)

Params: 
Query: Array
(
)

array (
  0 => 'SELECT FormasPagto.* FROM formas_pagto AS FormasPagto  WHERE id = "3" LIMIT 1',
)

Nivel: SQL
Time: 01:44:27
Path: painel
Uri: pedidos/index
Data: Array
(
)

Params: 
Query: Array
(
)

array (
  0 => 'SELECT Clientes.* FROM clientes AS Clientes  WHERE id = "1" LIMIT 1',
)

Nivel: SQL
Time: 01:44:27
Path: painel
Uri: pedidos/index
Data: Array
(
)

Params: 
Query: Array
(
)

array (
  0 => 'SELECT FormasPagto.* FROM formas_pagto AS FormasPagto  WHERE id = "1" LIMIT 1',
)

Nivel: SQL
Time: 01:44:27
Path: painel
Uri: pedidos/index
Data: Array
(
)

Params: 
Query: Array
(
)

array (
  0 => 'SELECT Usuarios.id, Usuarios.nome, Usuarios.username, Usuarios.senha, Usuarios.data_cadastro, Usuarios.data_alteracao FROM usuarios AS Usuarios  WHERE username = "fernandocalefi" LIMIT 1',
)

Nivel: SQL
Time: 01:44:27
Path: painel
Uri: pedidos/index
Data: Array
(
)

Params: 
Query: Array
(
)

array (
  0 => 'SELECT Pedidos.id, Pedidos.data_pedido, Pedidos.cliente_id, Pedidos.total, Pedidos.forma_pagto_id, Pedidos.status, Pedidos.data_cadastro, Pedidos.data_alteracao FROM pedidos AS Pedidos  ORDER BY data_cadastro DESC LIMIT 0 , 8',
  1 => 'SELECT COUNT(*) AS total FROM pedidos ORDER BY data_cadastro DESC',
)

Nivel: SQL
Time: 01:44:29
Path: painel
Uri: pedidos/alterar/8
Data: Array
(
    [id] => 8
    [data_pedido] => 2016-04-14
    [cliente_id] => 1
    [total] => 15
    [forma_pagto_id] => 1
    [status] => 1
    [data_cadastro] => 2016-04-14 02:51:51
    [data_alteracao] => 2016-05-05 03:06:56
)

Params: 8
Query: Array
(
)

array (
  0 => 'SELECT Usuarios.id, Usuarios.nome, Usuarios.username, Usuarios.senha, Usuarios.data_cadastro, Usuarios.data_alteracao FROM usuarios AS Usuarios  WHERE username = "fernandocalefi" LIMIT 1',
)

Nivel: SQL
Time: 01:44:29
Path: painel
Uri: pedidos/alterar/8
Data: Array
(
    [id] => 8
    [data_pedido] => 2016-04-14
    [cliente_id] => 1
    [total] => 15
    [forma_pagto_id] => 1
    [status] => 1
    [data_cadastro] => 2016-04-14 02:51:51
    [data_alteracao] => 2016-05-05 03:06:56
)

Params: 8
Query: Array
(
)

array (
  0 => 'SELECT Pedidos.id, Pedidos.data_pedido, Pedidos.cliente_id, Pedidos.total, Pedidos.forma_pagto_id, Pedidos.status, Pedidos.data_cadastro, Pedidos.data_alteracao FROM pedidos AS Pedidos  WHERE id = "8" LIMIT 1',
)

Nivel: SQL
Time: 01:44:29
Path: painel
Uri: pedidos/alterar/8
Data: Array
(
    [id] => 8
    [data_pedido] => 2016-04-14
    [cliente_id] => 1
    [total] => 15
    [forma_pagto_id] => 1
    [status] => 1
    [data_cadastro] => 2016-04-14 02:51:51
    [data_alteracao] => 2016-05-05 03:06:56
)

Params: 8
Query: Array
(
)

array (
  0 => 'SELECT Clientes.id, Clientes.nome, Clientes.cpf, Clientes.fone, Clientes.email, Clientes.senha, Clientes.data_cadastro, Clientes.data_alteracao FROM clientes AS Clientes  WHERE id = "1" LIMIT 1',
)

Nivel: SQL
Time: 01:45:01
Path: painel
Uri: pedidos/alterar/8
Data: Array
(
    [status] => 0
    [id] => 8
    [data_pedido] => 2016-04-14
    [cliente_id] => 1
    [total] => 15
    [forma_pagto_id] => 1
    [data_cadastro] => 2016-04-14 02:51:51
    [data_alteracao] => 2016-05-11 01:44:34
)

Params: 8
Query: Array
(
)

array (
  0 => 'SELECT Usuarios.id, Usuarios.nome, Usuarios.username, Usuarios.senha, Usuarios.data_cadastro, Usuarios.data_alteracao FROM usuarios AS Usuarios  WHERE username = "fernandocalefi" LIMIT 1',
)

Nivel: SQL
Time: 01:45:01
Path: painel
Uri: pedidos/alterar/8
Data: Array
(
    [status] => 0
    [id] => 8
    [data_pedido] => 2016-04-14
    [cliente_id] => 1
    [total] => 15
    [forma_pagto_id] => 1
    [data_cadastro] => 2016-04-14 02:51:51
    [data_alteracao] => 2016-05-11 01:44:34
)

Params: 8
Query: Array
(
)

array (
  0 => 'SELECT Pedidos.id, Pedidos.data_pedido, Pedidos.cliente_id, Pedidos.total, Pedidos.forma_pagto_id, Pedidos.status, Pedidos.data_cadastro, Pedidos.data_alteracao FROM pedidos AS Pedidos  WHERE id = "8" LIMIT 1',
  1 => 'SELECT Pedidos.id, Pedidos.data_pedido, Pedidos.cliente_id, Pedidos.total, Pedidos.forma_pagto_id, Pedidos.status, Pedidos.data_cadastro, Pedidos.data_alteracao FROM pedidos AS Pedidos  WHERE id = "8" LIMIT 1',
  2 => 'UPDATE pedidos SET id=:id, status=:status, data_alteracao=:data_alteracao WHERE id=8',
  3 => 'SELECT Pedidos.id, Pedidos.data_pedido, Pedidos.cliente_id, Pedidos.total, Pedidos.forma_pagto_id, Pedidos.status, Pedidos.data_cadastro, Pedidos.data_alteracao FROM pedidos AS Pedidos  WHERE id = "8" LIMIT 1',
)

Nivel: SQL
Time: 01:45:01
Path: painel
Uri: pedidos/alterar/8
Data: Array
(
    [status] => 0
    [id] => 8
    [data_pedido] => 2016-04-14
    [cliente_id] => 1
    [total] => 15
    [forma_pagto_id] => 1
    [data_cadastro] => 2016-04-14 02:51:51
    [data_alteracao] => 2016-05-11 01:44:34
)

Params: 8
Query: Array
(
)

array (
  0 => 'SELECT Clientes.id, Clientes.nome, Clientes.cpf, Clientes.fone, Clientes.email, Clientes.senha, Clientes.data_cadastro, Clientes.data_alteracao FROM clientes AS Clientes  WHERE id = "1" LIMIT 1',
)

Nivel: SQL
Time: 01:45:01
Path: painel
Uri: pedidos/index
Data: Array
(
)

Params: 
Query: Array
(
)

array (
  0 => 'SELECT Clientes.* FROM clientes AS Clientes  WHERE id = "1" LIMIT 1',
)

Nivel: SQL
Time: 01:45:01
Path: painel
Uri: pedidos/index
Data: Array
(
)

Params: 
Query: Array
(
)

array (
  0 => 'SELECT FormasPagto.* FROM formas_pagto AS FormasPagto  WHERE id = "1" LIMIT 1',
)

Nivel: SQL
Time: 01:45:01
Path: painel
Uri: pedidos/index
Data: Array
(
)

Params: 
Query: Array
(
)

array (
  0 => 'SELECT Clientes.* FROM clientes AS Clientes  WHERE id = "1" LIMIT 1',
)

Nivel: SQL
Time: 01:45:01
Path: painel
Uri: pedidos/index
Data: Array
(
)

Params: 
Query: Array
(
)

array (
  0 => 'SELECT FormasPagto.* FROM formas_pagto AS FormasPagto  WHERE id = "2" LIMIT 1',
)

Nivel: SQL
Time: 01:45:01
Path: painel
Uri: pedidos/index
Data: Array
(
)

Params: 
Query: Array
(
)

array (
  0 => 'SELECT Clientes.* FROM clientes AS Clientes  WHERE id = "1" LIMIT 1',
)

Nivel: SQL
Time: 01:45:01
Path: painel
Uri: pedidos/index
Data: Array
(
)

Params: 
Query: Array
(
)

array (
  0 => 'SELECT FormasPagto.* FROM formas_pagto AS FormasPagto  WHERE id = "1" LIMIT 1',
)

Nivel: SQL
Time: 01:45:01
Path: painel
Uri: pedidos/index
Data: Array
(
)

Params: 
Query: Array
(
)

array (
  0 => 'SELECT Clientes.* FROM clientes AS Clientes  WHERE id = "1" LIMIT 1',
)

Nivel: SQL
Time: 01:45:01
Path: painel
Uri: pedidos/index
Data: Array
(
)

Params: 
Query: Array
(
)

array (
  0 => 'SELECT FormasPagto.* FROM formas_pagto AS FormasPagto  WHERE id = "1" LIMIT 1',
)

Nivel: SQL
Time: 01:45:01
Path: painel
Uri: pedidos/index
Data: Array
(
)

Params: 
Query: Array
(
)

array (
  0 => 'SELECT Clientes.* FROM clientes AS Clientes  WHERE id = "1" LIMIT 1',
)

Nivel: SQL
Time: 01:45:01
Path: painel
Uri: pedidos/index
Data: Array
(
)

Params: 
Query: Array
(
)

array (
  0 => 'SELECT FormasPagto.* FROM formas_pagto AS FormasPagto  WHERE id = "1" LIMIT 1',
)

Nivel: SQL
Time: 01:45:01
Path: painel
Uri: pedidos/index
Data: Array
(
)

Params: 
Query: Array
(
)

array (
  0 => 'SELECT Clientes.* FROM clientes AS Clientes  WHERE id = "2" LIMIT 1',
)

Nivel: SQL
Time: 01:45:01
Path: painel
Uri: pedidos/index
Data: Array
(
)

Params: 
Query: Array
(
)

array (
  0 => 'SELECT FormasPagto.* FROM formas_pagto AS FormasPagto  WHERE id = "2" LIMIT 1',
)

Nivel: SQL
Time: 01:45:01
Path: painel
Uri: pedidos/index
Data: Array
(
)

Params: 
Query: Array
(
)

array (
  0 => 'SELECT Clientes.* FROM clientes AS Clientes  WHERE id = "3" LIMIT 1',
)

Nivel: SQL
Time: 01:45:01
Path: painel
Uri: pedidos/index
Data: Array
(
)

Params: 
Query: Array
(
)

array (
  0 => 'SELECT FormasPagto.* FROM formas_pagto AS FormasPagto  WHERE id = "3" LIMIT 1',
)

Nivel: SQL
Time: 01:45:01
Path: painel
Uri: pedidos/index
Data: Array
(
)

Params: 
Query: Array
(
)

array (
  0 => 'SELECT Clientes.* FROM clientes AS Clientes  WHERE id = "1" LIMIT 1',
)

Nivel: SQL
Time: 01:45:01
Path: painel
Uri: pedidos/index
Data: Array
(
)

Params: 
Query: Array
(
)

array (
  0 => 'SELECT FormasPagto.* FROM formas_pagto AS FormasPagto  WHERE id = "1" LIMIT 1',
)

Nivel: SQL
Time: 01:45:01
Path: painel
Uri: pedidos/index
Data: Array
(
)

Params: 
Query: Array
(
)

array (
  0 => 'SELECT Usuarios.id, Usuarios.nome, Usuarios.username, Usuarios.senha, Usuarios.data_cadastro, Usuarios.data_alteracao FROM usuarios AS Usuarios  WHERE username = "fernandocalefi" LIMIT 1',
)

Nivel: SQL
Time: 01:45:01
Path: painel
Uri: pedidos/index
Data: Array
(
)

Params: 
Query: Array
(
)

array (
  0 => 'SELECT Pedidos.id, Pedidos.data_pedido, Pedidos.cliente_id, Pedidos.total, Pedidos.forma_pagto_id, Pedidos.status, Pedidos.data_cadastro, Pedidos.data_alteracao FROM pedidos AS Pedidos  ORDER BY data_cadastro DESC LIMIT 0 , 8',
  1 => 'SELECT COUNT(*) AS total FROM pedidos ORDER BY data_cadastro DESC',
)

