Nivel: SQL
Time: 00:05:59
Path: painel
Uri: pedidos/alterar/8
Data: Array
(
    [id] => 8
    [data_pedido] => 2016-04-14
    [cliente_id] => 1
    [total] => 15
    [forma_pagto_id] => 1
    [status] => 0
    [data_cadastro] => 2016-04-14 02:51:51
    [data_alteracao] => 
)

Params: 8
Query: Array
(
)

array (
  0 => 'SELECT Usuarios.id, Usuarios.nome, Usuarios.username, Usuarios.senha, Usuarios.data_cadastro, Usuarios.data_alteracao FROM usuarios AS Usuarios  WHERE username = "fernandocalefi" LIMIT 1',
)

Nivel: SQL
Time: 00:05:59
Path: painel
Uri: pedidos/alterar/8
Data: Array
(
    [id] => 8
    [data_pedido] => 2016-04-14
    [cliente_id] => 1
    [total] => 15
    [forma_pagto_id] => 1
    [status] => 0
    [data_cadastro] => 2016-04-14 02:51:51
    [data_alteracao] => 
)

Params: 8
Query: Array
(
)

array (
  0 => 'SELECT Pedidos.id, Pedidos.data_pedido, Pedidos.cliente_id, Pedidos.total, Pedidos.forma_pagto_id, Pedidos.status, Pedidos.data_cadastro, Pedidos.data_alteracao FROM pedidos AS Pedidos  WHERE id = "8" LIMIT 1',
)

Nivel: SQL
Time: 00:05:59
Path: painel
Uri: pedidos/alterar/8
Data: Array
(
    [id] => 8
    [data_pedido] => 2016-04-14
    [cliente_id] => 1
    [total] => 15
    [forma_pagto_id] => 1
    [status] => 0
    [data_cadastro] => 2016-04-14 02:51:51
    [data_alteracao] => 
)

Params: 8
Query: Array
(
)

array (
  0 => 'SELECT Clientes.id, Clientes.nome, Clientes.cpf, Clientes.fone, Clientes.email, Clientes.senha, Clientes.data_cadastro, Clientes.data_alteracao FROM clientes AS Clientes  WHERE id = "1" LIMIT 1',
)

Nivel: SQL
Time: 00:06:57
Path: painel
Uri: pedidos/alterar/8
Data: Array
(
    [id] => 8
    [data_pedido] => 2016-04-14
    [cliente_id] => 1
    [total] => 15
    [forma_pagto_id] => 1
    [status] => 0
    [data_cadastro] => 2016-04-14 02:51:51
    [data_alteracao] => 
)

Params: 8
Query: Array
(
)

array (
  0 => 'SELECT Usuarios.id, Usuarios.nome, Usuarios.username, Usuarios.senha, Usuarios.data_cadastro, Usuarios.data_alteracao FROM usuarios AS Usuarios  WHERE username = "fernandocalefi" LIMIT 1',
)

Nivel: SQL
Time: 00:06:57
Path: painel
Uri: pedidos/alterar/8
Data: Array
(
    [id] => 8
    [data_pedido] => 2016-04-14
    [cliente_id] => 1
    [total] => 15
    [forma_pagto_id] => 1
    [status] => 0
    [data_cadastro] => 2016-04-14 02:51:51
    [data_alteracao] => 
)

Params: 8
Query: Array
(
)

array (
  0 => 'SELECT Pedidos.id, Pedidos.data_pedido, Pedidos.cliente_id, Pedidos.total, Pedidos.forma_pagto_id, Pedidos.status, Pedidos.data_cadastro, Pedidos.data_alteracao FROM pedidos AS Pedidos  WHERE id = "8" LIMIT 1',
)

Nivel: SQL
Time: 00:06:57
Path: painel
Uri: pedidos/alterar/8
Data: Array
(
    [id] => 8
    [data_pedido] => 2016-04-14
    [cliente_id] => 1
    [total] => 15
    [forma_pagto_id] => 1
    [status] => 0
    [data_cadastro] => 2016-04-14 02:51:51
    [data_alteracao] => 
)

Params: 8
Query: Array
(
)

array (
  0 => 'SELECT Clientes.id, Clientes.nome, Clientes.cpf, Clientes.fone, Clientes.email, Clientes.senha, Clientes.data_cadastro, Clientes.data_alteracao FROM clientes AS Clientes  WHERE id = "1" LIMIT 1',
)

Nivel: SQL
Time: 00:07:13
Path: painel
Uri: pedidos/alterar/8
Data: Array
(
    [id] => 8
    [data_pedido] => 2016-04-14
    [cliente_id] => 1
    [total] => 15
    [forma_pagto_id] => 1
    [status] => 0
    [data_cadastro] => 2016-04-14 02:51:51
    [data_alteracao] => 
)

Params: 8
Query: Array
(
)

array (
  0 => 'SELECT Usuarios.id, Usuarios.nome, Usuarios.username, Usuarios.senha, Usuarios.data_cadastro, Usuarios.data_alteracao FROM usuarios AS Usuarios  WHERE username = "fernandocalefi" LIMIT 1',
)

Nivel: SQL
Time: 00:07:13
Path: painel
Uri: pedidos/alterar/8
Data: Array
(
    [id] => 8
    [data_pedido] => 2016-04-14
    [cliente_id] => 1
    [total] => 15
    [forma_pagto_id] => 1
    [status] => 0
    [data_cadastro] => 2016-04-14 02:51:51
    [data_alteracao] => 
)

Params: 8
Query: Array
(
)

array (
  0 => 'SELECT Pedidos.id, Pedidos.data_pedido, Pedidos.cliente_id, Pedidos.total, Pedidos.forma_pagto_id, Pedidos.status, Pedidos.data_cadastro, Pedidos.data_alteracao FROM pedidos AS Pedidos  WHERE id = "8" LIMIT 1',
)

Nivel: SQL
Time: 00:07:13
Path: painel
Uri: pedidos/alterar/8
Data: Array
(
    [id] => 8
    [data_pedido] => 2016-04-14
    [cliente_id] => 1
    [total] => 15
    [forma_pagto_id] => 1
    [status] => 0
    [data_cadastro] => 2016-04-14 02:51:51
    [data_alteracao] => 
)

Params: 8
Query: Array
(
)

array (
  0 => 'SELECT Clientes.id, Clientes.nome, Clientes.cpf, Clientes.fone, Clientes.email, Clientes.senha, Clientes.data_cadastro, Clientes.data_alteracao FROM clientes AS Clientes  WHERE id = "1" LIMIT 1',
)

Nivel: SQL
Time: 00:07:14
Path: painel
Uri: pedidos/alterar/8
Data: Array
(
    [id] => 8
    [data_pedido] => 2016-04-14
    [cliente_id] => 1
    [total] => 15
    [forma_pagto_id] => 1
    [status] => 0
    [data_cadastro] => 2016-04-14 02:51:51
    [data_alteracao] => 
)

Params: 8
Query: Array
(
)

array (
  0 => 'SELECT Usuarios.id, Usuarios.nome, Usuarios.username, Usuarios.senha, Usuarios.data_cadastro, Usuarios.data_alteracao FROM usuarios AS Usuarios  WHERE username = "fernandocalefi" LIMIT 1',
)

Nivel: SQL
Time: 00:07:14
Path: painel
Uri: pedidos/alterar/8
Data: Array
(
    [id] => 8
    [data_pedido] => 2016-04-14
    [cliente_id] => 1
    [total] => 15
    [forma_pagto_id] => 1
    [status] => 0
    [data_cadastro] => 2016-04-14 02:51:51
    [data_alteracao] => 
)

Params: 8
Query: Array
(
)

array (
  0 => 'SELECT Pedidos.id, Pedidos.data_pedido, Pedidos.cliente_id, Pedidos.total, Pedidos.forma_pagto_id, Pedidos.status, Pedidos.data_cadastro, Pedidos.data_alteracao FROM pedidos AS Pedidos  WHERE id = "8" LIMIT 1',
)

Nivel: SQL
Time: 00:07:14
Path: painel
Uri: pedidos/alterar/8
Data: Array
(
    [id] => 8
    [data_pedido] => 2016-04-14
    [cliente_id] => 1
    [total] => 15
    [forma_pagto_id] => 1
    [status] => 0
    [data_cadastro] => 2016-04-14 02:51:51
    [data_alteracao] => 
)

Params: 8
Query: Array
(
)

array (
  0 => 'SELECT Clientes.id, Clientes.nome, Clientes.cpf, Clientes.fone, Clientes.email, Clientes.senha, Clientes.data_cadastro, Clientes.data_alteracao FROM clientes AS Clientes  WHERE id = "1" LIMIT 1',
)

Nivel: SQL
Time: 00:07:14
Path: painel
Uri: pedidos/alterar/8
Data: Array
(
    [id] => 8
    [data_pedido] => 2016-04-14
    [cliente_id] => 1
    [total] => 15
    [forma_pagto_id] => 1
    [status] => 0
    [data_cadastro] => 2016-04-14 02:51:51
    [data_alteracao] => 
)

Params: 8
Query: Array
(
)

array (
  0 => 'SELECT Usuarios.id, Usuarios.nome, Usuarios.username, Usuarios.senha, Usuarios.data_cadastro, Usuarios.data_alteracao FROM usuarios AS Usuarios  WHERE username = "fernandocalefi" LIMIT 1',
)

Nivel: SQL
Time: 00:07:14
Path: painel
Uri: pedidos/alterar/8
Data: Array
(
    [id] => 8
    [data_pedido] => 2016-04-14
    [cliente_id] => 1
    [total] => 15
    [forma_pagto_id] => 1
    [status] => 0
    [data_cadastro] => 2016-04-14 02:51:51
    [data_alteracao] => 
)

Params: 8
Query: Array
(
)

array (
  0 => 'SELECT Pedidos.id, Pedidos.data_pedido, Pedidos.cliente_id, Pedidos.total, Pedidos.forma_pagto_id, Pedidos.status, Pedidos.data_cadastro, Pedidos.data_alteracao FROM pedidos AS Pedidos  WHERE id = "8" LIMIT 1',
)

Nivel: SQL
Time: 00:07:14
Path: painel
Uri: pedidos/alterar/8
Data: Array
(
    [id] => 8
    [data_pedido] => 2016-04-14
    [cliente_id] => 1
    [total] => 15
    [forma_pagto_id] => 1
    [status] => 0
    [data_cadastro] => 2016-04-14 02:51:51
    [data_alteracao] => 
)

Params: 8
Query: Array
(
)

array (
  0 => 'SELECT Clientes.id, Clientes.nome, Clientes.cpf, Clientes.fone, Clientes.email, Clientes.senha, Clientes.data_cadastro, Clientes.data_alteracao FROM clientes AS Clientes  WHERE id = "1" LIMIT 1',
)

Nivel: SQL
Time: 00:07:14
Path: painel
Uri: pedidos/alterar/8
Data: Array
(
    [id] => 8
    [data_pedido] => 2016-04-14
    [cliente_id] => 1
    [total] => 15
    [forma_pagto_id] => 1
    [status] => 0
    [data_cadastro] => 2016-04-14 02:51:51
    [data_alteracao] => 
)

Params: 8
Query: Array
(
)

array (
  0 => 'SELECT Usuarios.id, Usuarios.nome, Usuarios.username, Usuarios.senha, Usuarios.data_cadastro, Usuarios.data_alteracao FROM usuarios AS Usuarios  WHERE username = "fernandocalefi" LIMIT 1',
)

Nivel: SQL
Time: 00:07:14
Path: painel
Uri: pedidos/alterar/8
Data: Array
(
    [id] => 8
    [data_pedido] => 2016-04-14
    [cliente_id] => 1
    [total] => 15
    [forma_pagto_id] => 1
    [status] => 0
    [data_cadastro] => 2016-04-14 02:51:51
    [data_alteracao] => 
)

Params: 8
Query: Array
(
)

array (
  0 => 'SELECT Pedidos.id, Pedidos.data_pedido, Pedidos.cliente_id, Pedidos.total, Pedidos.forma_pagto_id, Pedidos.status, Pedidos.data_cadastro, Pedidos.data_alteracao FROM pedidos AS Pedidos  WHERE id = "8" LIMIT 1',
)

Nivel: SQL
Time: 00:07:14
Path: painel
Uri: pedidos/alterar/8
Data: Array
(
    [id] => 8
    [data_pedido] => 2016-04-14
    [cliente_id] => 1
    [total] => 15
    [forma_pagto_id] => 1
    [status] => 0
    [data_cadastro] => 2016-04-14 02:51:51
    [data_alteracao] => 
)

Params: 8
Query: Array
(
)

array (
  0 => 'SELECT Clientes.id, Clientes.nome, Clientes.cpf, Clientes.fone, Clientes.email, Clientes.senha, Clientes.data_cadastro, Clientes.data_alteracao FROM clientes AS Clientes  WHERE id = "1" LIMIT 1',
)

Nivel: SQL
Time: 00:09:43
Path: painel
Uri: pedidos/alterar/8
Data: Array
(
    [id] => 8
    [data_pedido] => 2016-04-14
    [cliente_id] => 1
    [total] => 15
    [forma_pagto_id] => 1
    [status] => 0
    [data_cadastro] => 2016-04-14 02:51:51
    [data_alteracao] => 
)

Params: 8
Query: Array
(
)

array (
  0 => 'SELECT Usuarios.id, Usuarios.nome, Usuarios.username, Usuarios.senha, Usuarios.data_cadastro, Usuarios.data_alteracao FROM usuarios AS Usuarios  WHERE username = "fernandocalefi" LIMIT 1',
)

Nivel: SQL
Time: 00:09:43
Path: painel
Uri: pedidos/alterar/8
Data: Array
(
    [id] => 8
    [data_pedido] => 2016-04-14
    [cliente_id] => 1
    [total] => 15
    [forma_pagto_id] => 1
    [status] => 0
    [data_cadastro] => 2016-04-14 02:51:51
    [data_alteracao] => 
)

Params: 8
Query: Array
(
)

array (
  0 => 'SELECT Pedidos.id, Pedidos.data_pedido, Pedidos.cliente_id, Pedidos.total, Pedidos.forma_pagto_id, Pedidos.status, Pedidos.data_cadastro, Pedidos.data_alteracao FROM pedidos AS Pedidos  WHERE id = "8" LIMIT 1',
)

Nivel: SQL
Time: 00:09:43
Path: painel
Uri: pedidos/alterar/8
Data: Array
(
    [id] => 8
    [data_pedido] => 2016-04-14
    [cliente_id] => 1
    [total] => 15
    [forma_pagto_id] => 1
    [status] => 0
    [data_cadastro] => 2016-04-14 02:51:51
    [data_alteracao] => 
)

Params: 8
Query: Array
(
)

array (
  0 => 'SELECT Clientes.id, Clientes.nome, Clientes.cpf, Clientes.fone, Clientes.email, Clientes.senha, Clientes.data_cadastro, Clientes.data_alteracao FROM clientes AS Clientes  WHERE id = "1" LIMIT 1',
)

Nivel: SQL
Time: 00:10:24
Path: 
Uri: home/index
Data: Array
(
)

Params: 
Query: Array
(
)

array (
  0 => 'SELECT Produtos.id, Produtos.codigo, Produtos.nome, Produtos.venda, Produtos.estoque, Produtos.foto, Produtos.descricao_produto, Produtos.data_cadastro, Produtos.data_alteracao FROM produtos AS Produtos  ORDER BY RAND()  LIMIT 6',
)

Nivel: SQL
Time: 00:16:39
Path: painel
Uri: pedidos/alterar/8
Data: Array
(
    [status] => 1
    [id] => 8
)

Params: 8
Query: Array
(
)

array (
  0 => 'SELECT Usuarios.id, Usuarios.nome, Usuarios.username, Usuarios.senha, Usuarios.data_cadastro, Usuarios.data_alteracao FROM usuarios AS Usuarios  WHERE username = "fernandocalefi" LIMIT 1',
)

Nivel: SQL
Time: 00:16:39
Path: painel
Uri: pedidos/alterar/8
Data: Array
(
    [status] => 1
    [id] => 8
)

Params: 8
Query: Array
(
)

array (
  0 => 'SELECT Clientes.id, Clientes.nome, Clientes.cpf, Clientes.fone, Clientes.email, Clientes.senha, Clientes.data_cadastro, Clientes.data_alteracao FROM clientes AS Clientes  WHERE id = "" LIMIT 1',
)

