Nivel: SQL
Time: 23:36:47
Path: 
Uri: Home/index
Data: Array
(
)

Params: 
Query: Array
(
)

array (
  0 => 'SELECT Produtos.id, Produtos.codigo, Produtos.nome, Produtos.venda, Produtos.estoque, Produtos.foto, Produtos.descricao_produto, Produtos.data_cadastro, Produtos.data_alteracao FROM produtos AS Produtos  ORDER BY RAND()  LIMIT 6',
)

Nivel: SQL
Time: 23:37:02
Path: 
Uri: Home/index
Data: Array
(
)

Params: 
Query: Array
(
)

array (
  0 => 'SELECT Produtos.id, Produtos.codigo, Produtos.nome, Produtos.venda, Produtos.estoque, Produtos.foto, Produtos.descricao_produto, Produtos.data_cadastro, Produtos.data_alteracao FROM produtos AS Produtos  ORDER BY RAND()  LIMIT 6',
)

Nivel: SQL
Time: 23:37:22
Path: 
Uri: home/login
Data: Array
(
    [username] => fernandocalefi
    [senha] => fernandocalefi
)

Params: 
Query: Array
(
)

array (
  0 => 'SELECT Usuarios.id, Usuarios.nome, Usuarios.username, Usuarios.senha, Usuarios.data_cadastro, Usuarios.data_alteracao FROM usuarios AS Usuarios  WHERE username = "fernandocalefi" AND senha = "f261b5d8b440a8a4f92bf553c4ea1c1e" LIMIT 1',
)

Nivel: SQL
Time: 23:37:23
Path: painel
Uri: Clientes
Data: Array
(
)

Params: 
Query: Array
(
)

array (
  0 => 'SELECT Usuarios.id, Usuarios.nome, Usuarios.username, Usuarios.senha, Usuarios.data_cadastro, Usuarios.data_alteracao FROM usuarios AS Usuarios  WHERE username = "fernandocalefi" LIMIT 1',
)

Nivel: SQL
Time: 23:37:23
Path: painel
Uri: Clientes
Data: Array
(
)

Params: 
Query: Array
(
)

array (
  0 => 'SELECT Clientes.id, Clientes.nome, Clientes.cpf, Clientes.fone, Clientes.email, Clientes.senha, Clientes.data_cadastro, Clientes.data_alteracao FROM clientes AS Clientes  ORDER BY nome ASC LIMIT 0 , 8',
  1 => 'SELECT COUNT(*) AS total FROM clientes ORDER BY nome ASC',
)

Nivel: SQL
Time: 23:37:32
Path: painel
Uri: pedidos/index
Data: Array
(
)

Params: 
Query: Array
(
)

array (
  0 => 'SELECT Clientes.* FROM clientes AS Clientes  WHERE id = "1" LIMIT 1',
)

Nivel: SQL
Time: 23:40:20
Path: painel
Uri: pedidos/index
Data: Array
(
)

Params: 
Query: Array
(
)

array (
  0 => 'SELECT Clientes.* FROM clientes AS Clientes  WHERE id = "1" LIMIT 1',
)

Nivel: SQL
Time: 23:40:20
Path: painel
Uri: pedidos/index
Data: Array
(
)

Params: 
Query: Array
(
)

array (
  0 => 'SELECT FormasPagto.* FROM formas_pagto AS FormasPagto  WHERE id = "1" LIMIT 1',
)

Nivel: SQL
Time: 23:40:20
Path: painel
Uri: pedidos/index
Data: Array
(
)

Params: 
Query: Array
(
)

array (
  0 => 'SELECT Clientes.* FROM clientes AS Clientes  WHERE id = "1" LIMIT 1',
)

Nivel: SQL
Time: 23:40:20
Path: painel
Uri: pedidos/index
Data: Array
(
)

Params: 
Query: Array
(
)

array (
  0 => 'SELECT FormasPagto.* FROM formas_pagto AS FormasPagto  WHERE id = "2" LIMIT 1',
)

Nivel: SQL
Time: 23:40:20
Path: painel
Uri: pedidos/index
Data: Array
(
)

Params: 
Query: Array
(
)

array (
  0 => 'SELECT Clientes.* FROM clientes AS Clientes  WHERE id = "1" LIMIT 1',
)

Nivel: SQL
Time: 23:40:20
Path: painel
Uri: pedidos/index
Data: Array
(
)

Params: 
Query: Array
(
)

array (
  0 => 'SELECT FormasPagto.* FROM formas_pagto AS FormasPagto  WHERE id = "" LIMIT 1',
)

Nivel: SQL
Time: 23:40:21
Path: painel
Uri: pedidos/index
Data: Array
(
)

Params: 
Query: Array
(
)

array (
  0 => 'SELECT Clientes.* FROM clientes AS Clientes  WHERE id = "1" LIMIT 1',
)

Nivel: SQL
Time: 23:40:21
Path: painel
Uri: pedidos/index
Data: Array
(
)

Params: 
Query: Array
(
)

array (
  0 => 'SELECT FormasPagto.* FROM formas_pagto AS FormasPagto  WHERE id = "" LIMIT 1',
)

Nivel: SQL
Time: 23:40:21
Path: painel
Uri: pedidos/index
Data: Array
(
)

Params: 
Query: Array
(
)

array (
  0 => 'SELECT Clientes.* FROM clientes AS Clientes  WHERE id = "1" LIMIT 1',
)

Nivel: SQL
Time: 23:40:21
Path: painel
Uri: pedidos/index
Data: Array
(
)

Params: 
Query: Array
(
)

array (
  0 => 'SELECT FormasPagto.* FROM formas_pagto AS FormasPagto  WHERE id = "1" LIMIT 1',
)

Nivel: SQL
Time: 23:40:21
Path: painel
Uri: pedidos/index
Data: Array
(
)

Params: 
Query: Array
(
)

array (
  0 => 'SELECT Clientes.* FROM clientes AS Clientes  WHERE id = "2" LIMIT 1',
)

Nivel: SQL
Time: 23:40:21
Path: painel
Uri: pedidos/index
Data: Array
(
)

Params: 
Query: Array
(
)

array (
  0 => 'SELECT FormasPagto.* FROM formas_pagto AS FormasPagto  WHERE id = "2" LIMIT 1',
)

Nivel: SQL
Time: 23:40:21
Path: painel
Uri: pedidos/index
Data: Array
(
)

Params: 
Query: Array
(
)

array (
  0 => 'SELECT Clientes.* FROM clientes AS Clientes  WHERE id = "3" LIMIT 1',
)

Nivel: SQL
Time: 23:40:21
Path: painel
Uri: pedidos/index
Data: Array
(
)

Params: 
Query: Array
(
)

array (
  0 => 'SELECT FormasPagto.* FROM formas_pagto AS FormasPagto  WHERE id = "3" LIMIT 1',
)

Nivel: SQL
Time: 23:40:21
Path: painel
Uri: pedidos/index
Data: Array
(
)

Params: 
Query: Array
(
)

array (
  0 => 'SELECT Clientes.* FROM clientes AS Clientes  WHERE id = "1" LIMIT 1',
)

Nivel: SQL
Time: 23:40:21
Path: painel
Uri: pedidos/index
Data: Array
(
)

Params: 
Query: Array
(
)

array (
  0 => 'SELECT FormasPagto.* FROM formas_pagto AS FormasPagto  WHERE id = "1" LIMIT 1',
)

Nivel: SQL
Time: 23:40:21
Path: painel
Uri: pedidos/index
Data: Array
(
)

Params: 
Query: Array
(
)

array (
  0 => 'SELECT Usuarios.id, Usuarios.nome, Usuarios.username, Usuarios.senha, Usuarios.data_cadastro, Usuarios.data_alteracao FROM usuarios AS Usuarios  WHERE username = "fernandocalefi" LIMIT 1',
)

Nivel: SQL
Time: 23:40:21
Path: painel
Uri: pedidos/index
Data: Array
(
)

Params: 
Query: Array
(
)

array (
  0 => 'SELECT Pedidos.id, Pedidos.data_pedido, Pedidos.cliente_id, Pedidos.total, Pedidos.forma_pagto_id, Pedidos.status, Pedidos.data_cadastro, Pedidos.data_alteracao FROM pedidos AS Pedidos  ORDER BY data_cadastro DESC LIMIT 0 , 8',
  1 => 'SELECT COUNT(*) AS total FROM pedidos ORDER BY data_cadastro DESC',
)

Nivel: SQL
Time: 23:40:31
Path: painel
Uri: pedidos/alterar/8
Data: Array
(
    [id] => 8
    [data_pedido] => 2016-04-14
    [cliente_id] => 1
    [total] => 15
    [forma_pagto_id] => 1
    [status] => 0
    [data_cadastro] => 2016-04-14 02:51:51
    [data_alteracao] => 
)

Params: 8
Query: Array
(
)

array (
  0 => 'SELECT Usuarios.id, Usuarios.nome, Usuarios.username, Usuarios.senha, Usuarios.data_cadastro, Usuarios.data_alteracao FROM usuarios AS Usuarios  WHERE username = "fernandocalefi" LIMIT 1',
)

Nivel: SQL
Time: 23:40:32
Path: painel
Uri: pedidos/alterar/8
Data: Array
(
    [id] => 8
    [data_pedido] => 2016-04-14
    [cliente_id] => 1
    [total] => 15
    [forma_pagto_id] => 1
    [status] => 0
    [data_cadastro] => 2016-04-14 02:51:51
    [data_alteracao] => 
)

Params: 8
Query: Array
(
)

array (
  0 => 'SELECT Pedidos.id, Pedidos.data_pedido, Pedidos.cliente_id, Pedidos.total, Pedidos.forma_pagto_id, Pedidos.status, Pedidos.data_cadastro, Pedidos.data_alteracao FROM pedidos AS Pedidos  WHERE id = "8" LIMIT 1',
)

Nivel: SQL
Time: 23:40:32
Path: painel
Uri: pedidos/alterar/8
Data: Array
(
    [id] => 8
    [data_pedido] => 2016-04-14
    [cliente_id] => 1
    [total] => 15
    [forma_pagto_id] => 1
    [status] => 0
    [data_cadastro] => 2016-04-14 02:51:51
    [data_alteracao] => 
)

Params: 8
Query: Array
(
)

array (
  0 => 'SELECT Clientes.id, Clientes.nome, Clientes.cpf, Clientes.fone, Clientes.email, Clientes.senha, Clientes.data_cadastro, Clientes.data_alteracao FROM clientes AS Clientes  WHERE id = "1" LIMIT 1',
)

