Nivel: SQL
Time: 11:29:25
Path: 
Uri: Home/index
Data: Array
(
)

Params: 
Query: Array
(
)

array (
  0 => 'SELECT Produtos.id, Produtos.codigo, Produtos.nome, Produtos.venda, Produtos.estoque, Produtos.foto, Produtos.descricao_produto, Produtos.data_cadastro, Produtos.data_alteracao FROM produtos AS Produtos ',
)

Nivel: SQL
Time: 11:29:29
Path: 
Uri: Home/index
Data: Array
(
)

Params: 
Query: Array
(
)

array (
  0 => 'SELECT Produtos.id, Produtos.codigo, Produtos.nome, Produtos.venda, Produtos.estoque, Produtos.foto, Produtos.descricao_produto, Produtos.data_cadastro, Produtos.data_alteracao FROM produtos AS Produtos ',
)

Nivel: SQL
Time: 11:29:32
Path: 
Uri: Home/index
Data: Array
(
)

Params: 
Query: Array
(
)

array (
  0 => 'SELECT Produtos.id, Produtos.codigo, Produtos.nome, Produtos.venda, Produtos.estoque, Produtos.foto, Produtos.descricao_produto, Produtos.data_cadastro, Produtos.data_alteracao FROM produtos AS Produtos ',
)

Nivel: SQL
Time: 11:29:34
Path: 
Uri: home/index
Data: Array
(
)

Params: 
Query: Array
(
)

array (
  0 => 'SELECT Produtos.id, Produtos.codigo, Produtos.nome, Produtos.venda, Produtos.estoque, Produtos.foto, Produtos.descricao_produto, Produtos.data_cadastro, Produtos.data_alteracao FROM produtos AS Produtos ',
)

Nivel: SQL
Time: 11:29:42
Path: 
Uri: produtos/detalhes/1
Data: Array
(
)

Params: 1
Query: Array
(
)

array (
  0 => 'SELECT Produtos.id, Produtos.codigo, Produtos.nome, Produtos.venda, Produtos.estoque, Produtos.foto, Produtos.descricao_produto, Produtos.data_cadastro, Produtos.data_alteracao FROM produtos AS Produtos  WHERE id = "1" LIMIT 1',
)

Nivel: SQL
Time: 11:30:35
Path: 
Uri: produtos/detalhes/1
Data: Array
(
)

Params: 1
Query: Array
(
)

array (
  0 => 'SELECT Produtos.id, Produtos.codigo, Produtos.nome, Produtos.venda, Produtos.estoque, Produtos.foto, Produtos.descricao_produto, Produtos.data_cadastro, Produtos.data_alteracao FROM produtos AS Produtos  WHERE id = "1" LIMIT 1',
)

Nivel: SQL
Time: 11:33:15
Path: 
Uri: produtos/detalhes/1
Data: Array
(
)

Params: 1
Query: Array
(
)

array (
  0 => 'SELECT Produtos.id, Produtos.codigo, Produtos.nome, Produtos.venda, Produtos.estoque, Produtos.foto, Produtos.descricao_produto, Produtos.data_cadastro, Produtos.data_alteracao FROM produtos AS Produtos  WHERE id = "1" LIMIT 1',
)

Nivel: SQL
Time: 11:33:17
Path: 
Uri: produtos/detalhes/1
Data: Array
(
)

Params: 1
Query: Array
(
)

array (
  0 => 'SELECT Produtos.id, Produtos.codigo, Produtos.nome, Produtos.venda, Produtos.estoque, Produtos.foto, Produtos.descricao_produto, Produtos.data_cadastro, Produtos.data_alteracao FROM produtos AS Produtos  WHERE id = "1" LIMIT 1',
)

Nivel: SQL
Time: 11:33:18
Path: 
Uri: produtos/detalhes/1
Data: Array
(
)

Params: 1
Query: Array
(
)

array (
  0 => 'SELECT Produtos.id, Produtos.codigo, Produtos.nome, Produtos.venda, Produtos.estoque, Produtos.foto, Produtos.descricao_produto, Produtos.data_cadastro, Produtos.data_alteracao FROM produtos AS Produtos  WHERE id = "1" LIMIT 1',
)

Nivel: SQL
Time: 11:34:02
Path: 
Uri: produtos/detalhes/1
Data: Array
(
)

Params: 1
Query: Array
(
)

array (
  0 => 'SELECT Produtos.id, Produtos.codigo, Produtos.nome, Produtos.venda, Produtos.estoque, Produtos.foto, Produtos.descricao_produto, Produtos.data_cadastro, Produtos.data_alteracao FROM produtos AS Produtos  WHERE id = "1" LIMIT 1',
)

Nivel: SQL
Time: 11:34:40
Path: 
Uri: produtos/detalhes/1
Data: Array
(
)

Params: 1
Query: Array
(
)

array (
  0 => 'SELECT Produtos.id, Produtos.codigo, Produtos.nome, Produtos.venda, Produtos.estoque, Produtos.foto, Produtos.descricao_produto, Produtos.data_cadastro, Produtos.data_alteracao FROM produtos AS Produtos  WHERE id = "1" LIMIT 1',
)

Nivel: SQL
Time: 11:35:12
Path: 
Uri: produtos/detalhes/1
Data: Array
(
)

Params: 1
Query: Array
(
)

array (
  0 => 'SELECT Produtos.id, Produtos.codigo, Produtos.nome, Produtos.venda, Produtos.estoque, Produtos.foto, Produtos.descricao_produto, Produtos.data_cadastro, Produtos.data_alteracao FROM produtos AS Produtos  WHERE id = "1" LIMIT 1',
)

Nivel: SQL
Time: 11:35:50
Path: 
Uri: produtos/pesquisar
Data: Array
(
)

Params: 
Query: Array
(
)

array (
  0 => 'SELECT Produtos.id, Produtos.codigo, Produtos.nome, Produtos.venda, Produtos.estoque, Produtos.foto, Produtos.descricao_produto, Produtos.data_cadastro, Produtos.data_alteracao FROM produtos AS Produtos  ORDER BY nome ASC LIMIT 0 , 5',
  1 => 'SELECT COUNT(*) AS total FROM produtos ORDER BY nome ASC',
)

Nivel: SQL
Time: 11:35:53
Path: 
Uri: produtos/detalhes/7
Data: Array
(
)

Params: 7
Query: Array
(
)

array (
  0 => 'SELECT Produtos.id, Produtos.codigo, Produtos.nome, Produtos.venda, Produtos.estoque, Produtos.foto, Produtos.descricao_produto, Produtos.data_cadastro, Produtos.data_alteracao FROM produtos AS Produtos  WHERE id = "7" LIMIT 1',
)

Nivel: SQL
Time: 11:35:57
Path: 
Uri: produtos/pesquisar
Data: Array
(
)

Params: 
Query: Array
(
)

array (
  0 => 'SELECT Produtos.id, Produtos.codigo, Produtos.nome, Produtos.venda, Produtos.estoque, Produtos.foto, Produtos.descricao_produto, Produtos.data_cadastro, Produtos.data_alteracao FROM produtos AS Produtos  ORDER BY nome ASC LIMIT 0 , 5',
  1 => 'SELECT COUNT(*) AS total FROM produtos ORDER BY nome ASC',
)

Nivel: SQL
Time: 11:36:04
Path: 
Uri: produtos/detalhes/8
Data: Array
(
)

Params: 8
Query: Array
(
)

array (
  0 => 'SELECT Produtos.id, Produtos.codigo, Produtos.nome, Produtos.venda, Produtos.estoque, Produtos.foto, Produtos.descricao_produto, Produtos.data_cadastro, Produtos.data_alteracao FROM produtos AS Produtos  WHERE id = "8" LIMIT 1',
)

Nivel: SQL
Time: 11:36:10
Path: 
Uri: home/index
Data: Array
(
)

Params: 
Query: Array
(
)

array (
  0 => 'SELECT Produtos.id, Produtos.codigo, Produtos.nome, Produtos.venda, Produtos.estoque, Produtos.foto, Produtos.descricao_produto, Produtos.data_cadastro, Produtos.data_alteracao FROM produtos AS Produtos ',
)

Nivel: SQL
Time: 11:36:12
Path: 
Uri: produtos/detalhes/1
Data: Array
(
)

Params: 1
Query: Array
(
)

array (
  0 => 'SELECT Produtos.id, Produtos.codigo, Produtos.nome, Produtos.venda, Produtos.estoque, Produtos.foto, Produtos.descricao_produto, Produtos.data_cadastro, Produtos.data_alteracao FROM produtos AS Produtos  WHERE id = "1" LIMIT 1',
)

Nivel: SQL
Time: 11:36:15
Path: 
Uri: home/index
Data: Array
(
)

Params: 
Query: Array
(
)

array (
  0 => 'SELECT Produtos.id, Produtos.codigo, Produtos.nome, Produtos.venda, Produtos.estoque, Produtos.foto, Produtos.descricao_produto, Produtos.data_cadastro, Produtos.data_alteracao FROM produtos AS Produtos ',
)

Nivel: SQL
Time: 11:36:26
Path: 
Uri: produtos/detalhes/7
Data: Array
(
)

Params: 7
Query: Array
(
)

array (
  0 => 'SELECT Produtos.id, Produtos.codigo, Produtos.nome, Produtos.venda, Produtos.estoque, Produtos.foto, Produtos.descricao_produto, Produtos.data_cadastro, Produtos.data_alteracao FROM produtos AS Produtos  WHERE id = "7" LIMIT 1',
)

Nivel: SQL
Time: 11:36:34
Path: 
Uri: produtos/pesquisar
Data: Array
(
)

Params: 
Query: Array
(
)

array (
  0 => 'SELECT Produtos.id, Produtos.codigo, Produtos.nome, Produtos.venda, Produtos.estoque, Produtos.foto, Produtos.descricao_produto, Produtos.data_cadastro, Produtos.data_alteracao FROM produtos AS Produtos  ORDER BY nome ASC LIMIT 0 , 5',
  1 => 'SELECT COUNT(*) AS total FROM produtos ORDER BY nome ASC',
)

Nivel: SQL
Time: 11:36:39
Path: 
Uri: produtos/detalhes/7
Data: Array
(
)

Params: 7
Query: Array
(
)

array (
  0 => 'SELECT Produtos.id, Produtos.codigo, Produtos.nome, Produtos.venda, Produtos.estoque, Produtos.foto, Produtos.descricao_produto, Produtos.data_cadastro, Produtos.data_alteracao FROM produtos AS Produtos  WHERE id = "7" LIMIT 1',
)

Nivel: SQL
Time: 11:36:45
Path: 
Uri: home/index
Data: Array
(
)

Params: 
Query: Array
(
)

array (
  0 => 'SELECT Produtos.id, Produtos.codigo, Produtos.nome, Produtos.venda, Produtos.estoque, Produtos.foto, Produtos.descricao_produto, Produtos.data_cadastro, Produtos.data_alteracao FROM produtos AS Produtos ',
)

Nivel: SQL
Time: 11:38:42
Path: 
Uri: produtos/pesquisar
Data: Array
(
)

Params: 
Query: Array
(
)

array (
  0 => 'SELECT Produtos.id, Produtos.codigo, Produtos.nome, Produtos.venda, Produtos.estoque, Produtos.foto, Produtos.descricao_produto, Produtos.data_cadastro, Produtos.data_alteracao FROM produtos AS Produtos  ORDER BY nome ASC LIMIT 0 , 5',
  1 => 'SELECT COUNT(*) AS total FROM produtos ORDER BY nome ASC',
)

Nivel: SQL
Time: 11:38:45
Path: 
Uri: home/index
Data: Array
(
)

Params: 
Query: Array
(
)

array (
  0 => 'SELECT Produtos.id, Produtos.codigo, Produtos.nome, Produtos.venda, Produtos.estoque, Produtos.foto, Produtos.descricao_produto, Produtos.data_cadastro, Produtos.data_alteracao FROM produtos AS Produtos ',
)

Nivel: SQL
Time: 11:38:52
Path: 
Uri: produtos/pesquisar
Data: Array
(
)

Params: 
Query: Array
(
)

array (
  0 => 'SELECT Produtos.id, Produtos.codigo, Produtos.nome, Produtos.venda, Produtos.estoque, Produtos.foto, Produtos.descricao_produto, Produtos.data_cadastro, Produtos.data_alteracao FROM produtos AS Produtos  ORDER BY nome ASC LIMIT 0 , 5',
  1 => 'SELECT COUNT(*) AS total FROM produtos ORDER BY nome ASC',
)

Nivel: SQL
Time: 11:38:55
Path: 
Uri: produtos/detalhes/8
Data: Array
(
)

Params: 8
Query: Array
(
)

array (
  0 => 'SELECT Produtos.id, Produtos.codigo, Produtos.nome, Produtos.venda, Produtos.estoque, Produtos.foto, Produtos.descricao_produto, Produtos.data_cadastro, Produtos.data_alteracao FROM produtos AS Produtos  WHERE id = "8" LIMIT 1',
)

Nivel: SQL
Time: 11:39:02
Path: 
Uri: produtos/pesquisar
Data: Array
(
)

Params: 
Query: Array
(
)

array (
  0 => 'SELECT Produtos.id, Produtos.codigo, Produtos.nome, Produtos.venda, Produtos.estoque, Produtos.foto, Produtos.descricao_produto, Produtos.data_cadastro, Produtos.data_alteracao FROM produtos AS Produtos  ORDER BY nome ASC LIMIT 0 , 5',
  1 => 'SELECT COUNT(*) AS total FROM produtos ORDER BY nome ASC',
)

Nivel: SQL
Time: 11:39:04
Path: 
Uri: produtos/pesquisar
Data: Array
(
)

Params: 
Query: Array
(
)

array (
  0 => 'SELECT Produtos.id, Produtos.codigo, Produtos.nome, Produtos.venda, Produtos.estoque, Produtos.foto, Produtos.descricao_produto, Produtos.data_cadastro, Produtos.data_alteracao FROM produtos AS Produtos  ORDER BY nome ASC LIMIT 0 , 5',
  1 => 'SELECT COUNT(*) AS total FROM produtos ORDER BY nome ASC',
)

Nivel: SQL
Time: 11:39:10
Path: 
Uri: carrinho/index
Data: Array
(
)

Params: 
Query: Array
(
)

array (
  0 => 'SELECT Produtos.id, Produtos.codigo, Produtos.nome, Produtos.venda, Produtos.estoque, Produtos.foto, Produtos.descricao_produto, Produtos.data_cadastro, Produtos.data_alteracao FROM produtos AS Produtos  WHERE id IN("7")',
)

Nivel: SQL
Time: 11:39:10
Path: 
Uri: carrinho/index
Data: Array
(
)

Params: 
Query: Array
(
)

array (
  0 => 'SELECT FormasPagto.id, FormasPagto.nome FROM formas_pagto AS FormasPagto ',
)

Nivel: SQL
Time: 11:39:17
Path: 
Uri: produtos/pesquisar
Data: Array
(
)

Params: 
Query: Array
(
)

array (
  0 => 'SELECT Produtos.id, Produtos.codigo, Produtos.nome, Produtos.venda, Produtos.estoque, Produtos.foto, Produtos.descricao_produto, Produtos.data_cadastro, Produtos.data_alteracao FROM produtos AS Produtos  ORDER BY nome ASC LIMIT 0 , 5',
  1 => 'SELECT COUNT(*) AS total FROM produtos ORDER BY nome ASC',
)

Nivel: SQL
Time: 11:39:20
Path: 
Uri: produtos/pesquisar
Data: Array
(
)

Params: 
Query: Array
(
)

array (
  0 => 'SELECT Produtos.id, Produtos.codigo, Produtos.nome, Produtos.venda, Produtos.estoque, Produtos.foto, Produtos.descricao_produto, Produtos.data_cadastro, Produtos.data_alteracao FROM produtos AS Produtos  ORDER BY nome ASC LIMIT 0 , 5',
  1 => 'SELECT COUNT(*) AS total FROM produtos ORDER BY nome ASC',
)

Nivel: SQL
Time: 11:39:21
Path: 
Uri: carrinho/index
Data: Array
(
)

Params: 
Query: Array
(
)

array (
  0 => 'SELECT Produtos.id, Produtos.codigo, Produtos.nome, Produtos.venda, Produtos.estoque, Produtos.foto, Produtos.descricao_produto, Produtos.data_cadastro, Produtos.data_alteracao FROM produtos AS Produtos  WHERE id IN("7", "2")',
)

Nivel: SQL
Time: 11:39:21
Path: 
Uri: carrinho/index
Data: Array
(
)

Params: 
Query: Array
(
)

array (
  0 => 'SELECT FormasPagto.id, FormasPagto.nome FROM formas_pagto AS FormasPagto ',
)

Nivel: SQL
Time: 11:41:02
Path: 
Uri: carrinho/index
Data: Array
(
)

Params: 
Query: Array
(
)

array (
  0 => 'SELECT Produtos.id, Produtos.codigo, Produtos.nome, Produtos.venda, Produtos.estoque, Produtos.foto, Produtos.descricao_produto, Produtos.data_cadastro, Produtos.data_alteracao FROM produtos AS Produtos  WHERE id IN("7", "2")',
)

Nivel: SQL
Time: 11:41:02
Path: 
Uri: carrinho/index
Data: Array
(
)

Params: 
Query: Array
(
)

array (
  0 => 'SELECT FormasPagto.id, FormasPagto.nome FROM formas_pagto AS FormasPagto ',
)

Nivel: SQL
Time: 11:41:04
Path: 
Uri: produtos/pesquisar
Data: Array
(
)

Params: 
Query: Array
(
)

array (
  0 => 'SELECT Produtos.id, Produtos.codigo, Produtos.nome, Produtos.venda, Produtos.estoque, Produtos.foto, Produtos.descricao_produto, Produtos.data_cadastro, Produtos.data_alteracao FROM produtos AS Produtos  ORDER BY nome ASC LIMIT 0 , 5',
  1 => 'SELECT COUNT(*) AS total FROM produtos ORDER BY nome ASC',
)

Nivel: SQL
Time: 11:41:11
Path: 
Uri: produtos/pesquisar
Data: Array
(
)

Params: 
Query: Array
(
)

array (
  0 => 'SELECT Produtos.id, Produtos.codigo, Produtos.nome, Produtos.venda, Produtos.estoque, Produtos.foto, Produtos.descricao_produto, Produtos.data_cadastro, Produtos.data_alteracao FROM produtos AS Produtos  ORDER BY nome ASC LIMIT 0 , 5',
  1 => 'SELECT COUNT(*) AS total FROM produtos ORDER BY nome ASC',
)

Nivel: SQL
Time: 11:41:12
Path: 
Uri: home/index
Data: Array
(
)

Params: 
Query: Array
(
)

array (
  0 => 'SELECT Produtos.id, Produtos.codigo, Produtos.nome, Produtos.venda, Produtos.estoque, Produtos.foto, Produtos.descricao_produto, Produtos.data_cadastro, Produtos.data_alteracao FROM produtos AS Produtos ',
)

Nivel: SQL
Time: 11:41:14
Path: 
Uri: produtos/detalhes/1
Data: Array
(
)

Params: 1
Query: Array
(
)

array (
  0 => 'SELECT Produtos.id, Produtos.codigo, Produtos.nome, Produtos.venda, Produtos.estoque, Produtos.foto, Produtos.descricao_produto, Produtos.data_cadastro, Produtos.data_alteracao FROM produtos AS Produtos  WHERE id = "1" LIMIT 1',
)

Nivel: SQL
Time: 11:41:43
Path: 
Uri: produtos/detalhes/1
Data: Array
(
)

Params: 1
Query: Array
(
)

array (
  0 => 'SELECT Produtos.id, Produtos.codigo, Produtos.nome, Produtos.venda, Produtos.estoque, Produtos.foto, Produtos.descricao_produto, Produtos.data_cadastro, Produtos.data_alteracao FROM produtos AS Produtos  WHERE id = "1" LIMIT 1',
)

Nivel: SQL
Time: 11:41:45
Path: 
Uri: home/index
Data: Array
(
)

Params: 
Query: Array
(
)

array (
  0 => 'SELECT Produtos.id, Produtos.codigo, Produtos.nome, Produtos.venda, Produtos.estoque, Produtos.foto, Produtos.descricao_produto, Produtos.data_cadastro, Produtos.data_alteracao FROM produtos AS Produtos ',
)

Nivel: SQL
Time: 11:41:47
Path: 
Uri: produtos/detalhes/1
Data: Array
(
)

Params: 1
Query: Array
(
)

array (
  0 => 'SELECT Produtos.id, Produtos.codigo, Produtos.nome, Produtos.venda, Produtos.estoque, Produtos.foto, Produtos.descricao_produto, Produtos.data_cadastro, Produtos.data_alteracao FROM produtos AS Produtos  WHERE id = "1" LIMIT 1',
)

Nivel: SQL
Time: 11:41:49
Path: 
Uri: produtos/pesquisar
Data: Array
(
)

Params: 
Query: Array
(
)

array (
  0 => 'SELECT Produtos.id, Produtos.codigo, Produtos.nome, Produtos.venda, Produtos.estoque, Produtos.foto, Produtos.descricao_produto, Produtos.data_cadastro, Produtos.data_alteracao FROM produtos AS Produtos  ORDER BY nome ASC LIMIT 0 , 5',
  1 => 'SELECT COUNT(*) AS total FROM produtos ORDER BY nome ASC',
)

Nivel: SQL
Time: 11:41:51
Path: 
Uri: produtos/detalhes/7
Data: Array
(
)

Params: 7
Query: Array
(
)

array (
  0 => 'SELECT Produtos.id, Produtos.codigo, Produtos.nome, Produtos.venda, Produtos.estoque, Produtos.foto, Produtos.descricao_produto, Produtos.data_cadastro, Produtos.data_alteracao FROM produtos AS Produtos  WHERE id = "7" LIMIT 1',
)

Nivel: SQL
Time: 11:41:53
Path: 
Uri: carrinho/index
Data: Array
(
)

Params: 
Query: Array
(
)

array (
  0 => 'SELECT Produtos.id, Produtos.codigo, Produtos.nome, Produtos.venda, Produtos.estoque, Produtos.foto, Produtos.descricao_produto, Produtos.data_cadastro, Produtos.data_alteracao FROM produtos AS Produtos  WHERE id IN("7", "2")',
)

Nivel: SQL
Time: 11:41:53
Path: 
Uri: carrinho/index
Data: Array
(
)

Params: 
Query: Array
(
)

array (
  0 => 'SELECT FormasPagto.id, FormasPagto.nome FROM formas_pagto AS FormasPagto ',
)

Nivel: SQL
Time: 11:42:01
Path: 
Uri: produtos/pesquisar
Data: Array
(
)

Params: 
Query: Array
(
)

array (
  0 => 'SELECT Produtos.id, Produtos.codigo, Produtos.nome, Produtos.venda, Produtos.estoque, Produtos.foto, Produtos.descricao_produto, Produtos.data_cadastro, Produtos.data_alteracao FROM produtos AS Produtos  ORDER BY nome ASC LIMIT 0 , 5',
  1 => 'SELECT COUNT(*) AS total FROM produtos ORDER BY nome ASC',
)

Nivel: SQL
Time: 11:42:04
Path: 
Uri: home/index
Data: Array
(
)

Params: 
Query: Array
(
)

array (
  0 => 'SELECT Produtos.id, Produtos.codigo, Produtos.nome, Produtos.venda, Produtos.estoque, Produtos.foto, Produtos.descricao_produto, Produtos.data_cadastro, Produtos.data_alteracao FROM produtos AS Produtos ',
)

Nivel: SQL
Time: 11:42:16
Path: 
Uri: produtos/detalhes/8
Data: Array
(
)

Params: 8
Query: Array
(
)

array (
  0 => 'SELECT Produtos.id, Produtos.codigo, Produtos.nome, Produtos.venda, Produtos.estoque, Produtos.foto, Produtos.descricao_produto, Produtos.data_cadastro, Produtos.data_alteracao FROM produtos AS Produtos  WHERE id = "8" LIMIT 1',
)

Nivel: SQL
Time: 11:42:36
Path: 
Uri: home/index
Data: Array
(
)

Params: 
Query: Array
(
)

array (
  0 => 'SELECT Produtos.id, Produtos.codigo, Produtos.nome, Produtos.venda, Produtos.estoque, Produtos.foto, Produtos.descricao_produto, Produtos.data_cadastro, Produtos.data_alteracao FROM produtos AS Produtos ',
)

Nivel: SQL
Time: 11:42:41
Path: 
Uri: produtos/pesquisar
Data: Array
(
)

Params: 
Query: Array
(
)

array (
  0 => 'SELECT Produtos.id, Produtos.codigo, Produtos.nome, Produtos.venda, Produtos.estoque, Produtos.foto, Produtos.descricao_produto, Produtos.data_cadastro, Produtos.data_alteracao FROM produtos AS Produtos  ORDER BY nome ASC LIMIT 0 , 5',
  1 => 'SELECT COUNT(*) AS total FROM produtos ORDER BY nome ASC',
)

Nivel: SQL
Time: 11:42:47
Path: 
Uri: produtos/pesquisar
Data: Array
(
)

Params: 
Query: Array
(
    [pesquisar] => 
)

array (
  0 => 'SELECT Produtos.id, Produtos.codigo, Produtos.nome, Produtos.venda, Produtos.estoque, Produtos.foto, Produtos.descricao_produto, Produtos.data_cadastro, Produtos.data_alteracao FROM produtos AS Produtos  WHERE nome LIKE "%%" OR descricao_produto LIKE "%%" ORDER BY nome ASC LIMIT 0 , 5',
  1 => 'SELECT COUNT(*) AS total FROM produtos WHERE nome LIKE "%%" OR descricao_produto LIKE "%%" ORDER BY nome ASC',
)

Nivel: SQL
Time: 11:42:50
Path: 
Uri: carrinho/index
Data: Array
(
)

Params: 
Query: Array
(
)

array (
  0 => 'SELECT Produtos.id, Produtos.codigo, Produtos.nome, Produtos.venda, Produtos.estoque, Produtos.foto, Produtos.descricao_produto, Produtos.data_cadastro, Produtos.data_alteracao FROM produtos AS Produtos  WHERE id IN("7", "2")',
)

Nivel: SQL
Time: 11:42:50
Path: 
Uri: carrinho/index
Data: Array
(
)

Params: 
Query: Array
(
)

array (
  0 => 'SELECT FormasPagto.id, FormasPagto.nome FROM formas_pagto AS FormasPagto ',
)

Nivel: SQL
Time: 11:43:42
Path: 
Uri: carrinho/index
Data: Array
(
)

Params: 
Query: Array
(
)

array (
  0 => 'SELECT Produtos.id, Produtos.codigo, Produtos.nome, Produtos.venda, Produtos.estoque, Produtos.foto, Produtos.descricao_produto, Produtos.data_cadastro, Produtos.data_alteracao FROM produtos AS Produtos  WHERE id IN("7", "2")',
)

Nivel: SQL
Time: 11:43:42
Path: 
Uri: carrinho/index
Data: Array
(
)

Params: 
Query: Array
(
)

array (
  0 => 'SELECT FormasPagto.id, FormasPagto.nome FROM formas_pagto AS FormasPagto ',
)

Nivel: SQL
Time: 11:44:41
Path: 
Uri: carrinho/index
Data: Array
(
)

Params: 
Query: Array
(
)

array (
  0 => 'SELECT Produtos.id, Produtos.codigo, Produtos.nome, Produtos.venda, Produtos.estoque, Produtos.foto, Produtos.descricao_produto, Produtos.data_cadastro, Produtos.data_alteracao FROM produtos AS Produtos  WHERE id IN("7", "2")',
)

Nivel: SQL
Time: 11:44:41
Path: 
Uri: carrinho/index
Data: Array
(
)

Params: 
Query: Array
(
)

array (
  0 => 'SELECT FormasPagto.id, FormasPagto.nome FROM formas_pagto AS FormasPagto ',
)

Nivel: SQL
Time: 11:48:24
Path: 
Uri: carrinho/index
Data: Array
(
)

Params: 
Query: Array
(
)

array (
  0 => 'SELECT Produtos.id, Produtos.codigo, Produtos.nome, Produtos.venda, Produtos.estoque, Produtos.foto, Produtos.descricao_produto, Produtos.data_cadastro, Produtos.data_alteracao FROM produtos AS Produtos  WHERE id IN("7", "2")',
)

Nivel: SQL
Time: 11:48:24
Path: 
Uri: carrinho/index
Data: Array
(
)

Params: 
Query: Array
(
)

array (
  0 => 'SELECT FormasPagto.id, FormasPagto.nome FROM formas_pagto AS FormasPagto ',
)

Nivel: SQL
Time: 11:48:26
Path: 
Uri: carrinho/index
Data: Array
(
)

Params: 
Query: Array
(
)

array (
  0 => 'SELECT Produtos.id, Produtos.codigo, Produtos.nome, Produtos.venda, Produtos.estoque, Produtos.foto, Produtos.descricao_produto, Produtos.data_cadastro, Produtos.data_alteracao FROM produtos AS Produtos  WHERE id IN("7", "2")',
)

Nivel: SQL
Time: 11:48:26
Path: 
Uri: carrinho/index
Data: Array
(
)

Params: 
Query: Array
(
)

array (
  0 => 'SELECT FormasPagto.id, FormasPagto.nome FROM formas_pagto AS FormasPagto ',
)

Nivel: SQL
Time: 11:48:26
Path: 
Uri: carrinho/index
Data: Array
(
)

Params: 
Query: Array
(
)

array (
  0 => 'SELECT Produtos.id, Produtos.codigo, Produtos.nome, Produtos.venda, Produtos.estoque, Produtos.foto, Produtos.descricao_produto, Produtos.data_cadastro, Produtos.data_alteracao FROM produtos AS Produtos  WHERE id IN("7", "2")',
)

Nivel: SQL
Time: 11:48:26
Path: 
Uri: carrinho/index
Data: Array
(
)

Params: 
Query: Array
(
)

array (
  0 => 'SELECT FormasPagto.id, FormasPagto.nome FROM formas_pagto AS FormasPagto ',
)

Nivel: SQL
Time: 11:48:27
Path: 
Uri: carrinho/index
Data: Array
(
)

Params: 
Query: Array
(
)

array (
  0 => 'SELECT Produtos.id, Produtos.codigo, Produtos.nome, Produtos.venda, Produtos.estoque, Produtos.foto, Produtos.descricao_produto, Produtos.data_cadastro, Produtos.data_alteracao FROM produtos AS Produtos  WHERE id IN("7", "2")',
)

Nivel: SQL
Time: 11:48:27
Path: 
Uri: carrinho/index
Data: Array
(
)

Params: 
Query: Array
(
)

array (
  0 => 'SELECT FormasPagto.id, FormasPagto.nome FROM formas_pagto AS FormasPagto ',
)

Nivel: SQL
Time: 11:48:27
Path: 
Uri: carrinho/index
Data: Array
(
)

Params: 
Query: Array
(
)

array (
  0 => 'SELECT Produtos.id, Produtos.codigo, Produtos.nome, Produtos.venda, Produtos.estoque, Produtos.foto, Produtos.descricao_produto, Produtos.data_cadastro, Produtos.data_alteracao FROM produtos AS Produtos  WHERE id IN("7", "2")',
)

Nivel: SQL
Time: 11:48:27
Path: 
Uri: carrinho/index
Data: Array
(
)

Params: 
Query: Array
(
)

array (
  0 => 'SELECT FormasPagto.id, FormasPagto.nome FROM formas_pagto AS FormasPagto ',
)

Nivel: SQL
Time: 11:48:28
Path: 
Uri: carrinho/index
Data: Array
(
)

Params: 
Query: Array
(
)

array (
  0 => 'SELECT Produtos.id, Produtos.codigo, Produtos.nome, Produtos.venda, Produtos.estoque, Produtos.foto, Produtos.descricao_produto, Produtos.data_cadastro, Produtos.data_alteracao FROM produtos AS Produtos  WHERE id IN("7", "2")',
)

Nivel: SQL
Time: 11:48:28
Path: 
Uri: carrinho/index
Data: Array
(
)

Params: 
Query: Array
(
)

array (
  0 => 'SELECT FormasPagto.id, FormasPagto.nome FROM formas_pagto AS FormasPagto ',
)

Nivel: SQL
Time: 11:48:28
Path: 
Uri: carrinho/index
Data: Array
(
)

Params: 
Query: Array
(
)

array (
  0 => 'SELECT Produtos.id, Produtos.codigo, Produtos.nome, Produtos.venda, Produtos.estoque, Produtos.foto, Produtos.descricao_produto, Produtos.data_cadastro, Produtos.data_alteracao FROM produtos AS Produtos  WHERE id IN("7", "2")',
)

Nivel: SQL
Time: 11:48:28
Path: 
Uri: carrinho/index
Data: Array
(
)

Params: 
Query: Array
(
)

array (
  0 => 'SELECT FormasPagto.id, FormasPagto.nome FROM formas_pagto AS FormasPagto ',
)

Nivel: SQL
Time: 11:48:50
Path: 
Uri: carrinho/index
Data: Array
(
)

Params: 
Query: Array
(
)

array (
  0 => 'SELECT Produtos.id, Produtos.codigo, Produtos.nome, Produtos.venda, Produtos.estoque, Produtos.foto, Produtos.descricao_produto, Produtos.data_cadastro, Produtos.data_alteracao FROM produtos AS Produtos  WHERE id IN("7", "2")',
)

Nivel: SQL
Time: 11:48:50
Path: 
Uri: carrinho/index
Data: Array
(
)

Params: 
Query: Array
(
)

array (
  0 => 'SELECT FormasPagto.id, FormasPagto.nome FROM formas_pagto AS FormasPagto ',
)

Nivel: SQL
Time: 11:48:51
Path: 
Uri: carrinho/index
Data: Array
(
)

Params: 
Query: Array
(
)

array (
  0 => 'SELECT Produtos.id, Produtos.codigo, Produtos.nome, Produtos.venda, Produtos.estoque, Produtos.foto, Produtos.descricao_produto, Produtos.data_cadastro, Produtos.data_alteracao FROM produtos AS Produtos  WHERE id IN("7", "2")',
)

Nivel: SQL
Time: 11:48:51
Path: 
Uri: carrinho/index
Data: Array
(
)

Params: 
Query: Array
(
)

array (
  0 => 'SELECT FormasPagto.id, FormasPagto.nome FROM formas_pagto AS FormasPagto ',
)

Nivel: SQL
Time: 11:48:52
Path: 
Uri: carrinho/index
Data: Array
(
)

Params: 
Query: Array
(
)

array (
  0 => 'SELECT Produtos.id, Produtos.codigo, Produtos.nome, Produtos.venda, Produtos.estoque, Produtos.foto, Produtos.descricao_produto, Produtos.data_cadastro, Produtos.data_alteracao FROM produtos AS Produtos  WHERE id IN("7", "2")',
)

Nivel: SQL
Time: 11:48:52
Path: 
Uri: carrinho/index
Data: Array
(
)

Params: 
Query: Array
(
)

array (
  0 => 'SELECT FormasPagto.id, FormasPagto.nome FROM formas_pagto AS FormasPagto ',
)

Nivel: SQL
Time: 11:48:52
Path: 
Uri: carrinho/index
Data: Array
(
)

Params: 
Query: Array
(
)

array (
  0 => 'SELECT Produtos.id, Produtos.codigo, Produtos.nome, Produtos.venda, Produtos.estoque, Produtos.foto, Produtos.descricao_produto, Produtos.data_cadastro, Produtos.data_alteracao FROM produtos AS Produtos  WHERE id IN("7", "2")',
)

Nivel: SQL
Time: 11:48:52
Path: 
Uri: carrinho/index
Data: Array
(
)

Params: 
Query: Array
(
)

array (
  0 => 'SELECT FormasPagto.id, FormasPagto.nome FROM formas_pagto AS FormasPagto ',
)

Nivel: SQL
Time: 11:48:52
Path: 
Uri: carrinho/index
Data: Array
(
)

Params: 
Query: Array
(
)

array (
  0 => 'SELECT Produtos.id, Produtos.codigo, Produtos.nome, Produtos.venda, Produtos.estoque, Produtos.foto, Produtos.descricao_produto, Produtos.data_cadastro, Produtos.data_alteracao FROM produtos AS Produtos  WHERE id IN("7", "2")',
)

Nivel: SQL
Time: 11:48:52
Path: 
Uri: carrinho/index
Data: Array
(
)

Params: 
Query: Array
(
)

array (
  0 => 'SELECT FormasPagto.id, FormasPagto.nome FROM formas_pagto AS FormasPagto ',
)

Nivel: SQL
Time: 11:48:53
Path: 
Uri: carrinho/index
Data: Array
(
)

Params: 
Query: Array
(
)

array (
  0 => 'SELECT Produtos.id, Produtos.codigo, Produtos.nome, Produtos.venda, Produtos.estoque, Produtos.foto, Produtos.descricao_produto, Produtos.data_cadastro, Produtos.data_alteracao FROM produtos AS Produtos  WHERE id IN("7", "2")',
)

Nivel: SQL
Time: 11:48:53
Path: 
Uri: carrinho/index
Data: Array
(
)

Params: 
Query: Array
(
)

array (
  0 => 'SELECT FormasPagto.id, FormasPagto.nome FROM formas_pagto AS FormasPagto ',
)

Nivel: SQL
Time: 11:49:34
Path: 
Uri: home/index
Data: Array
(
)

Params: 
Query: Array
(
)

array (
  0 => 'SELECT Produtos.id, Produtos.codigo, Produtos.nome, Produtos.venda, Produtos.estoque, Produtos.foto, Produtos.descricao_produto, Produtos.data_cadastro, Produtos.data_alteracao FROM produtos AS Produtos ',
)

Nivel: SQL
Time: 11:49:35
Path: 
Uri: produtos/detalhes/1
Data: Array
(
)

Params: 1
Query: Array
(
)

array (
  0 => 'SELECT Produtos.id, Produtos.codigo, Produtos.nome, Produtos.venda, Produtos.estoque, Produtos.foto, Produtos.descricao_produto, Produtos.data_cadastro, Produtos.data_alteracao FROM produtos AS Produtos  WHERE id = "1" LIMIT 1',
)

Nivel: SQL
Time: 11:49:42
Path: 
Uri: produtos/pesquisar
Data: Array
(
)

Params: 
Query: Array
(
)

array (
  0 => 'SELECT Produtos.id, Produtos.codigo, Produtos.nome, Produtos.venda, Produtos.estoque, Produtos.foto, Produtos.descricao_produto, Produtos.data_cadastro, Produtos.data_alteracao FROM produtos AS Produtos  ORDER BY nome ASC LIMIT 0 , 5',
  1 => 'SELECT COUNT(*) AS total FROM produtos ORDER BY nome ASC',
)

Nivel: SQL
Time: 11:49:44
Path: 
Uri: produtos/detalhes/6
Data: Array
(
)

Params: 6
Query: Array
(
)

array (
  0 => 'SELECT Produtos.id, Produtos.codigo, Produtos.nome, Produtos.venda, Produtos.estoque, Produtos.foto, Produtos.descricao_produto, Produtos.data_cadastro, Produtos.data_alteracao FROM produtos AS Produtos  WHERE id = "6" LIMIT 1',
)

Nivel: SQL
Time: 11:49:47
Path: 
Uri: carrinho/index
Data: Array
(
)

Params: 
Query: Array
(
)

array (
  0 => 'SELECT Produtos.id, Produtos.codigo, Produtos.nome, Produtos.venda, Produtos.estoque, Produtos.foto, Produtos.descricao_produto, Produtos.data_cadastro, Produtos.data_alteracao FROM produtos AS Produtos  WHERE id IN("7", "2")',
)

Nivel: SQL
Time: 11:49:47
Path: 
Uri: carrinho/index
Data: Array
(
)

Params: 
Query: Array
(
)

array (
  0 => 'SELECT FormasPagto.id, FormasPagto.nome FROM formas_pagto AS FormasPagto ',
)

Nivel: SQL
Time: 11:50:40
Path: 
Uri: carrinho/index
Data: Array
(
)

Params: 
Query: Array
(
)

array (
  0 => 'SELECT Produtos.id, Produtos.codigo, Produtos.nome, Produtos.venda, Produtos.estoque, Produtos.foto, Produtos.descricao_produto, Produtos.data_cadastro, Produtos.data_alteracao FROM produtos AS Produtos  WHERE id IN("7", "2")',
)

Nivel: SQL
Time: 11:50:40
Path: 
Uri: carrinho/index
Data: Array
(
)

Params: 
Query: Array
(
)

array (
  0 => 'SELECT FormasPagto.id, FormasPagto.nome FROM formas_pagto AS FormasPagto ',
)

Nivel: SQL
Time: 11:51:24
Path: 
Uri: home/index
Data: Array
(
)

Params: 
Query: Array
(
)

array (
  0 => 'SELECT Produtos.id, Produtos.codigo, Produtos.nome, Produtos.venda, Produtos.estoque, Produtos.foto, Produtos.descricao_produto, Produtos.data_cadastro, Produtos.data_alteracao FROM produtos AS Produtos ',
)

Nivel: SQL
Time: 11:51:31
Path: 
Uri: produtos/pesquisar
Data: Array
(
)

Params: 
Query: Array
(
)

array (
  0 => 'SELECT Produtos.id, Produtos.codigo, Produtos.nome, Produtos.venda, Produtos.estoque, Produtos.foto, Produtos.descricao_produto, Produtos.data_cadastro, Produtos.data_alteracao FROM produtos AS Produtos  ORDER BY nome ASC LIMIT 0 , 5',
  1 => 'SELECT COUNT(*) AS total FROM produtos ORDER BY nome ASC',
)

Nivel: SQL
Time: 11:51:36
Path: 
Uri: carrinho/index
Data: Array
(
)

Params: 
Query: Array
(
)

array (
  0 => 'SELECT Produtos.id, Produtos.codigo, Produtos.nome, Produtos.venda, Produtos.estoque, Produtos.foto, Produtos.descricao_produto, Produtos.data_cadastro, Produtos.data_alteracao FROM produtos AS Produtos  WHERE id IN("7", "2")',
)

Nivel: SQL
Time: 11:51:36
Path: 
Uri: carrinho/index
Data: Array
(
)

Params: 
Query: Array
(
)

array (
  0 => 'SELECT FormasPagto.id, FormasPagto.nome FROM formas_pagto AS FormasPagto ',
)

