Nivel: SQL
Time: 23:06:43
Path: 
Uri: Home/index
Data: Array
(
)

Params: 
Query: Array
(
)

array (
  0 => 'SELECT Produtos.id, Produtos.codigo, Produtos.nome, Produtos.venda, Produtos.estoque, Produtos.foto, Produtos.descricao_produto, Produtos.data_cadastro, Produtos.data_alteracao FROM produtos AS Produtos ',
)

Nivel: SQL
Time: 23:07:10
Path: 
Uri: Home/index
Data: Array
(
)

Params: 
Query: Array
(
)

array (
  0 => 'SELECT Produtos.id, Produtos.codigo, Produtos.nome, Produtos.venda, Produtos.estoque, Produtos.foto, Produtos.descricao_produto, Produtos.data_cadastro, Produtos.data_alteracao FROM produtos AS Produtos ',
)

Nivel: SQL
Time: 23:07:27
Path: 
Uri: produtos/pesquisar
Data: Array
(
)

Params: 
Query: Array
(
)

array (
  0 => 'SELECT Produtos.id, Produtos.codigo, Produtos.nome, Produtos.venda, Produtos.estoque, Produtos.foto, Produtos.descricao_produto, Produtos.data_cadastro, Produtos.data_alteracao FROM produtos AS Produtos  ORDER BY nome ASC LIMIT 0 , 5',
  1 => 'SELECT COUNT(*) AS total FROM produtos ORDER BY nome ASC',
)

Nivel: SQL
Time: 23:07:31
Path: 
Uri: Home/index
Data: Array
(
)

Params: 
Query: Array
(
)

array (
  0 => 'SELECT Produtos.id, Produtos.codigo, Produtos.nome, Produtos.venda, Produtos.estoque, Produtos.foto, Produtos.descricao_produto, Produtos.data_cadastro, Produtos.data_alteracao FROM produtos AS Produtos ',
)

Nivel: SQL
Time: 23:08:05
Path: 
Uri: produtos/pesquisar
Data: Array
(
)

Params: 
Query: Array
(
)

array (
  0 => 'SELECT Produtos.id, Produtos.codigo, Produtos.nome, Produtos.venda, Produtos.estoque, Produtos.foto, Produtos.descricao_produto, Produtos.data_cadastro, Produtos.data_alteracao FROM produtos AS Produtos  ORDER BY nome ASC LIMIT 0 , 5',
  1 => 'SELECT COUNT(*) AS total FROM produtos ORDER BY nome ASC',
)

Nivel: SQL
Time: 23:08:07
Path: 
Uri: Home/index
Data: Array
(
)

Params: 
Query: Array
(
)

array (
  0 => 'SELECT Produtos.id, Produtos.codigo, Produtos.nome, Produtos.venda, Produtos.estoque, Produtos.foto, Produtos.descricao_produto, Produtos.data_cadastro, Produtos.data_alteracao FROM produtos AS Produtos ',
)

Nivel: SQL
Time: 23:19:34
Path: 
Uri: produtos/pesquisar
Data: Array
(
)

Params: 
Query: Array
(
)

array (
  0 => 'SELECT Produtos.id, Produtos.codigo, Produtos.nome, Produtos.venda, Produtos.estoque, Produtos.foto, Produtos.descricao_produto, Produtos.data_cadastro, Produtos.data_alteracao FROM produtos AS Produtos  ORDER BY nome ASC LIMIT 0 , 5',
  1 => 'SELECT COUNT(*) AS total FROM produtos ORDER BY nome ASC',
)

Nivel: SQL
Time: 23:19:40
Path: 
Uri: produtos/pesquisar
Data: Array
(
)

Params: 
Query: Array
(
    [pesquisar] => 
)

array (
  0 => 'SELECT Produtos.id, Produtos.codigo, Produtos.nome, Produtos.venda, Produtos.estoque, Produtos.foto, Produtos.descricao_produto, Produtos.data_cadastro, Produtos.data_alteracao FROM produtos AS Produtos  WHERE nome LIKE "%%" OR descricao_produto LIKE "%%" ORDER BY nome ASC LIMIT 0 , 5',
  1 => 'SELECT COUNT(*) AS total FROM produtos WHERE nome LIKE "%%" OR descricao_produto LIKE "%%" ORDER BY nome ASC',
)

Nivel: SQL
Time: 23:19:47
Path: 
Uri: produtos/pesquisar
Data: Array
(
)

Params: 
Query: Array
(
    [pesquisar] => hd
)

array (
  0 => 'SELECT Produtos.id, Produtos.codigo, Produtos.nome, Produtos.venda, Produtos.estoque, Produtos.foto, Produtos.descricao_produto, Produtos.data_cadastro, Produtos.data_alteracao FROM produtos AS Produtos  WHERE nome LIKE "%hd%" OR descricao_produto LIKE "%hd%" ORDER BY nome ASC LIMIT 0 , 5',
  1 => 'SELECT COUNT(*) AS total FROM produtos WHERE nome LIKE "%hd%" OR descricao_produto LIKE "%hd%" ORDER BY nome ASC',
)

Nivel: SQL
Time: 23:19:56
Path: 
Uri: produtos/pesquisar
Data: Array
(
)

Params: 
Query: Array
(
    [pesquisar] => mou
)

array (
  0 => 'SELECT Produtos.id, Produtos.codigo, Produtos.nome, Produtos.venda, Produtos.estoque, Produtos.foto, Produtos.descricao_produto, Produtos.data_cadastro, Produtos.data_alteracao FROM produtos AS Produtos  WHERE nome LIKE "%mou%" OR descricao_produto LIKE "%mou%" ORDER BY nome ASC LIMIT 0 , 5',
  1 => 'SELECT COUNT(*) AS total FROM produtos WHERE nome LIKE "%mou%" OR descricao_produto LIKE "%mou%" ORDER BY nome ASC',
)

Nivel: SQL
Time: 23:20:01
Path: 
Uri: produtos/pesquisar
Data: Array
(
)

Params: 
Query: Array
(
    [pesquisar] => 
)

array (
  0 => 'SELECT Produtos.id, Produtos.codigo, Produtos.nome, Produtos.venda, Produtos.estoque, Produtos.foto, Produtos.descricao_produto, Produtos.data_cadastro, Produtos.data_alteracao FROM produtos AS Produtos  WHERE nome LIKE "%%" OR descricao_produto LIKE "%%" ORDER BY nome ASC LIMIT 0 , 5',
  1 => 'SELECT COUNT(*) AS total FROM produtos WHERE nome LIKE "%%" OR descricao_produto LIKE "%%" ORDER BY nome ASC',
)

Nivel: SQL
Time: 23:21:03
Path: 
Uri: produtos/pesquisar
Data: Array
(
)

Params: 
Query: Array
(
    [pesquisar] => 
)

array (
  0 => 'SELECT Produtos.id, Produtos.codigo, Produtos.nome, Produtos.venda, Produtos.estoque, Produtos.foto, Produtos.descricao_produto, Produtos.data_cadastro, Produtos.data_alteracao FROM produtos AS Produtos  WHERE nome LIKE "%%" OR descricao_produto LIKE "%%" ORDER BY nome ASC LIMIT 0 , 5',
  1 => 'SELECT COUNT(*) AS total FROM produtos WHERE nome LIKE "%%" OR descricao_produto LIKE "%%" ORDER BY nome ASC',
)

Nivel: SQL
Time: 23:21:06
Path: 
Uri: produtos/pesquisar
Data: Array
(
)

Params: 
Query: Array
(
    [pesquisar] => 
)

array (
  0 => 'SELECT Produtos.id, Produtos.codigo, Produtos.nome, Produtos.venda, Produtos.estoque, Produtos.foto, Produtos.descricao_produto, Produtos.data_cadastro, Produtos.data_alteracao FROM produtos AS Produtos  WHERE nome LIKE "%%" OR descricao_produto LIKE "%%" ORDER BY nome ASC LIMIT 0 , 5',
  1 => 'SELECT COUNT(*) AS total FROM produtos WHERE nome LIKE "%%" OR descricao_produto LIKE "%%" ORDER BY nome ASC',
)

Nivel: SQL
Time: 23:22:25
Path: 
Uri: produtos/pesquisar
Data: Array
(
)

Params: 
Query: Array
(
    [pesquisar] => 
)

array (
  0 => 'SELECT Produtos.id, Produtos.codigo, Produtos.nome, Produtos.venda, Produtos.estoque, Produtos.foto, Produtos.descricao_produto, Produtos.data_cadastro, Produtos.data_alteracao FROM produtos AS Produtos  WHERE nome LIKE "%%" OR descricao_produto LIKE "%%" ORDER BY nome ASC LIMIT 0 , 5',
  1 => 'SELECT COUNT(*) AS total FROM produtos WHERE nome LIKE "%%" OR descricao_produto LIKE "%%" ORDER BY nome ASC',
)

Nivel: SQL
Time: 23:25:12
Path: 
Uri: produtos/pesquisar
Data: Array
(
)

Params: 
Query: Array
(
    [pesquisar] => 
)

array (
  0 => 'SELECT Produtos.id, Produtos.codigo, Produtos.nome, Produtos.venda, Produtos.estoque, Produtos.foto, Produtos.descricao_produto, Produtos.data_cadastro, Produtos.data_alteracao FROM produtos AS Produtos  WHERE nome LIKE "%%" OR descricao_produto LIKE "%%" ORDER BY nome ASC LIMIT 0 , 5',
  1 => 'SELECT COUNT(*) AS total FROM produtos WHERE nome LIKE "%%" OR descricao_produto LIKE "%%" ORDER BY nome ASC',
)

Nivel: SQL
Time: 23:25:16
Path: 
Uri: produtos/detalhes/7
Data: Array
(
)

Params: 7
Query: Array
(
)

array (
  0 => 'SELECT Produtos.id, Produtos.codigo, Produtos.nome, Produtos.venda, Produtos.estoque, Produtos.foto, Produtos.descricao_produto, Produtos.data_cadastro, Produtos.data_alteracao FROM produtos AS Produtos  WHERE id = "7" LIMIT 1',
)

Nivel: SQL
Time: 23:25:23
Path: 
Uri: produtos/pesquisar
Data: Array
(
)

Params: 
Query: Array
(
    [pesquisar] => 
)

array (
  0 => 'SELECT Produtos.id, Produtos.codigo, Produtos.nome, Produtos.venda, Produtos.estoque, Produtos.foto, Produtos.descricao_produto, Produtos.data_cadastro, Produtos.data_alteracao FROM produtos AS Produtos  WHERE nome LIKE "%%" OR descricao_produto LIKE "%%" ORDER BY nome ASC LIMIT 0 , 5',
  1 => 'SELECT COUNT(*) AS total FROM produtos WHERE nome LIKE "%%" OR descricao_produto LIKE "%%" ORDER BY nome ASC',
)

Nivel: SQL
Time: 23:25:24
Path: 
Uri: produtos/detalhes/4
Data: Array
(
)

Params: 4
Query: Array
(
)

array (
  0 => 'SELECT Produtos.id, Produtos.codigo, Produtos.nome, Produtos.venda, Produtos.estoque, Produtos.foto, Produtos.descricao_produto, Produtos.data_cadastro, Produtos.data_alteracao FROM produtos AS Produtos  WHERE id = "4" LIMIT 1',
)

Nivel: SQL
Time: 23:25:28
Path: 
Uri: produtos/pesquisar
Data: Array
(
)

Params: 
Query: Array
(
    [pesquisar] => 
)

array (
  0 => 'SELECT Produtos.id, Produtos.codigo, Produtos.nome, Produtos.venda, Produtos.estoque, Produtos.foto, Produtos.descricao_produto, Produtos.data_cadastro, Produtos.data_alteracao FROM produtos AS Produtos  WHERE nome LIKE "%%" OR descricao_produto LIKE "%%" ORDER BY nome ASC LIMIT 0 , 5',
  1 => 'SELECT COUNT(*) AS total FROM produtos WHERE nome LIKE "%%" OR descricao_produto LIKE "%%" ORDER BY nome ASC',
)

Nivel: SQL
Time: 23:25:30
Path: 
Uri: produtos/detalhes/8
Data: Array
(
)

Params: 8
Query: Array
(
)

array (
  0 => 'SELECT Produtos.id, Produtos.codigo, Produtos.nome, Produtos.venda, Produtos.estoque, Produtos.foto, Produtos.descricao_produto, Produtos.data_cadastro, Produtos.data_alteracao FROM produtos AS Produtos  WHERE id = "8" LIMIT 1',
)

Nivel: SQL
Time: 23:25:33
Path: 
Uri: produtos/pesquisar
Data: Array
(
)

Params: 
Query: Array
(
    [pesquisar] => 
)

array (
  0 => 'SELECT Produtos.id, Produtos.codigo, Produtos.nome, Produtos.venda, Produtos.estoque, Produtos.foto, Produtos.descricao_produto, Produtos.data_cadastro, Produtos.data_alteracao FROM produtos AS Produtos  WHERE nome LIKE "%%" OR descricao_produto LIKE "%%" ORDER BY nome ASC LIMIT 0 , 5',
  1 => 'SELECT COUNT(*) AS total FROM produtos WHERE nome LIKE "%%" OR descricao_produto LIKE "%%" ORDER BY nome ASC',
)

Nivel: SQL
Time: 23:29:39
Path: 
Uri: produtos/pesquisar
Data: Array
(
)

Params: 
Query: Array
(
    [pesquisar] => 
)

array (
  0 => 'SELECT Produtos.id, Produtos.codigo, Produtos.nome, Produtos.venda, Produtos.estoque, Produtos.foto, Produtos.descricao_produto, Produtos.data_cadastro, Produtos.data_alteracao FROM produtos AS Produtos  WHERE nome LIKE "%%" OR descricao_produto LIKE "%%" ORDER BY nome ASC LIMIT 0 , 5',
  1 => 'SELECT COUNT(*) AS total FROM produtos WHERE nome LIKE "%%" OR descricao_produto LIKE "%%" ORDER BY nome ASC',
)

Nivel: SQL
Time: 23:29:48
Path: 
Uri: produtos/pesquisar
Data: Array
(
)

Params: 
Query: Array
(
    [pesquisar] => 
)

array (
  0 => 'SELECT Produtos.id, Produtos.codigo, Produtos.nome, Produtos.venda, Produtos.estoque, Produtos.foto, Produtos.descricao_produto, Produtos.data_cadastro, Produtos.data_alteracao FROM produtos AS Produtos  WHERE nome LIKE "%%" OR descricao_produto LIKE "%%" ORDER BY nome ASC LIMIT 0 , 5',
  1 => 'SELECT COUNT(*) AS total FROM produtos WHERE nome LIKE "%%" OR descricao_produto LIKE "%%" ORDER BY nome ASC',
)

Nivel: SQL
Time: 23:47:05
Path: 
Uri: produtos/pesquisar
Data: Array
(
)

Params: 
Query: Array
(
    [pesquisar] => 
)

array (
  0 => 'SELECT Produtos.id, Produtos.codigo, Produtos.nome, Produtos.venda, Produtos.estoque, Produtos.foto, Produtos.descricao_produto, Produtos.data_cadastro, Produtos.data_alteracao FROM produtos AS Produtos  WHERE nome LIKE "%%" OR descricao_produto LIKE "%%" ORDER BY nome ASC LIMIT 0 , 5',
  1 => 'SELECT COUNT(*) AS total FROM produtos WHERE nome LIKE "%%" OR descricao_produto LIKE "%%" ORDER BY nome ASC',
)

Nivel: SQL
Time: 23:48:07
Path: 
Uri: produtos/pesquisar
Data: Array
(
)

Params: 
Query: Array
(
    [pesquisar] => 
)

array (
  0 => 'SELECT Produtos.id, Produtos.codigo, Produtos.nome, Produtos.venda, Produtos.estoque, Produtos.foto, Produtos.descricao_produto, Produtos.data_cadastro, Produtos.data_alteracao FROM produtos AS Produtos  WHERE nome LIKE "%%" OR descricao_produto LIKE "%%" ORDER BY nome ASC LIMIT 0 , 5',
  1 => 'SELECT COUNT(*) AS total FROM produtos WHERE nome LIKE "%%" OR descricao_produto LIKE "%%" ORDER BY nome ASC',
)

Nivel: SQL
Time: 23:48:10
Path: 
Uri: produtos/pesquisar
Data: Array
(
)

Params: 
Query: Array
(
    [pesquisar] => 
)

array (
  0 => 'SELECT Produtos.id, Produtos.codigo, Produtos.nome, Produtos.venda, Produtos.estoque, Produtos.foto, Produtos.descricao_produto, Produtos.data_cadastro, Produtos.data_alteracao FROM produtos AS Produtos  WHERE nome LIKE "%%" OR descricao_produto LIKE "%%" ORDER BY nome ASC LIMIT 0 , 5',
  1 => 'SELECT COUNT(*) AS total FROM produtos WHERE nome LIKE "%%" OR descricao_produto LIKE "%%" ORDER BY nome ASC',
)

Nivel: SQL
Time: 23:48:13
Path: 
Uri: produtos/pesquisar
Data: Array
(
)

Params: 
Query: Array
(
    [pesquisar] => 
)

array (
  0 => 'SELECT Produtos.id, Produtos.codigo, Produtos.nome, Produtos.venda, Produtos.estoque, Produtos.foto, Produtos.descricao_produto, Produtos.data_cadastro, Produtos.data_alteracao FROM produtos AS Produtos  WHERE nome LIKE "%%" OR descricao_produto LIKE "%%" ORDER BY nome ASC LIMIT 0 , 5',
  1 => 'SELECT COUNT(*) AS total FROM produtos WHERE nome LIKE "%%" OR descricao_produto LIKE "%%" ORDER BY nome ASC',
)

Nivel: SQL
Time: 23:48:14
Path: 
Uri: produtos/pesquisar
Data: Array
(
)

Params: 
Query: Array
(
    [pesquisar] => 
)

array (
  0 => 'SELECT Produtos.id, Produtos.codigo, Produtos.nome, Produtos.venda, Produtos.estoque, Produtos.foto, Produtos.descricao_produto, Produtos.data_cadastro, Produtos.data_alteracao FROM produtos AS Produtos  WHERE nome LIKE "%%" OR descricao_produto LIKE "%%" ORDER BY nome ASC LIMIT 0 , 5',
  1 => 'SELECT COUNT(*) AS total FROM produtos WHERE nome LIKE "%%" OR descricao_produto LIKE "%%" ORDER BY nome ASC',
)

Nivel: SQL
Time: 23:48:15
Path: 
Uri: produtos/pesquisar
Data: Array
(
)

Params: 
Query: Array
(
    [pesquisar] => 
)

array (
  0 => 'SELECT Produtos.id, Produtos.codigo, Produtos.nome, Produtos.venda, Produtos.estoque, Produtos.foto, Produtos.descricao_produto, Produtos.data_cadastro, Produtos.data_alteracao FROM produtos AS Produtos  WHERE nome LIKE "%%" OR descricao_produto LIKE "%%" ORDER BY nome ASC LIMIT 0 , 5',
  1 => 'SELECT COUNT(*) AS total FROM produtos WHERE nome LIKE "%%" OR descricao_produto LIKE "%%" ORDER BY nome ASC',
)

Nivel: SQL
Time: 23:48:18
Path: 
Uri: produtos/pesquisar
Data: Array
(
)

Params: 
Query: Array
(
    [pesquisar] => 
)

array (
  0 => 'SELECT Produtos.id, Produtos.codigo, Produtos.nome, Produtos.venda, Produtos.estoque, Produtos.foto, Produtos.descricao_produto, Produtos.data_cadastro, Produtos.data_alteracao FROM produtos AS Produtos  WHERE nome LIKE "%%" OR descricao_produto LIKE "%%" ORDER BY nome ASC LIMIT 0 , 5',
  1 => 'SELECT COUNT(*) AS total FROM produtos WHERE nome LIKE "%%" OR descricao_produto LIKE "%%" ORDER BY nome ASC',
)

Nivel: SQL
Time: 23:49:54
Path: 
Uri: produtos/pesquisar
Data: Array
(
)

Params: 
Query: Array
(
    [pesquisar] => 
)

array (
  0 => 'SELECT Produtos.id, Produtos.codigo, Produtos.nome, Produtos.venda, Produtos.estoque, Produtos.foto, Produtos.descricao_produto, Produtos.data_cadastro, Produtos.data_alteracao FROM produtos AS Produtos  WHERE nome LIKE "%%" OR descricao_produto LIKE "%%" ORDER BY nome ASC LIMIT 0 , 5',
  1 => 'SELECT COUNT(*) AS total FROM produtos WHERE nome LIKE "%%" OR descricao_produto LIKE "%%" ORDER BY nome ASC',
)

Nivel: SQL
Time: 23:49:56
Path: 
Uri: produtos/pesquisar
Data: Array
(
)

Params: 
Query: Array
(
    [pesquisar] => 
)

array (
  0 => 'SELECT Produtos.id, Produtos.codigo, Produtos.nome, Produtos.venda, Produtos.estoque, Produtos.foto, Produtos.descricao_produto, Produtos.data_cadastro, Produtos.data_alteracao FROM produtos AS Produtos  WHERE nome LIKE "%%" OR descricao_produto LIKE "%%" ORDER BY nome ASC LIMIT 0 , 5',
  1 => 'SELECT COUNT(*) AS total FROM produtos WHERE nome LIKE "%%" OR descricao_produto LIKE "%%" ORDER BY nome ASC',
)

Nivel: SQL
Time: 23:51:55
Path: 
Uri: produtos/pesquisar
Data: Array
(
)

Params: 
Query: Array
(
    [pesquisar] => 
)

array (
  0 => 'SELECT Produtos.id, Produtos.codigo, Produtos.nome, Produtos.venda, Produtos.estoque, Produtos.foto, Produtos.descricao_produto, Produtos.data_cadastro, Produtos.data_alteracao FROM produtos AS Produtos  WHERE nome LIKE "%%" OR descricao_produto LIKE "%%" ORDER BY nome ASC LIMIT 0 , 5',
  1 => 'SELECT COUNT(*) AS total FROM produtos WHERE nome LIKE "%%" OR descricao_produto LIKE "%%" ORDER BY nome ASC',
)

Nivel: SQL
Time: 23:53:34
Path: 
Uri: produtos/pesquisar
Data: Array
(
)

Params: 
Query: Array
(
    [pesquisar] => 
)

array (
  0 => 'SELECT Produtos.id, Produtos.codigo, Produtos.nome, Produtos.venda, Produtos.estoque, Produtos.foto, Produtos.descricao_produto, Produtos.data_cadastro, Produtos.data_alteracao FROM produtos AS Produtos  WHERE nome LIKE "%%" OR descricao_produto LIKE "%%" ORDER BY nome ASC LIMIT 0 , 5',
  1 => 'SELECT COUNT(*) AS total FROM produtos WHERE nome LIKE "%%" OR descricao_produto LIKE "%%" ORDER BY nome ASC',
)

Nivel: SQL
Time: 23:53:41
Path: 
Uri: produtos/pesquisar
Data: Array
(
)

Params: 
Query: Array
(
    [pesquisar] => 
)

array (
  0 => 'SELECT Produtos.id, Produtos.codigo, Produtos.nome, Produtos.venda, Produtos.estoque, Produtos.foto, Produtos.descricao_produto, Produtos.data_cadastro, Produtos.data_alteracao FROM produtos AS Produtos  WHERE nome LIKE "%%" OR descricao_produto LIKE "%%" ORDER BY nome ASC LIMIT 0 , 5',
  1 => 'SELECT COUNT(*) AS total FROM produtos WHERE nome LIKE "%%" OR descricao_produto LIKE "%%" ORDER BY nome ASC',
)

Nivel: SQL
Time: 23:54:31
Path: 
Uri: produtos/pesquisar
Data: Array
(
)

Params: 
Query: Array
(
    [pesquisar] => 
)

array (
  0 => 'SELECT Produtos.id, Produtos.codigo, Produtos.nome, Produtos.venda, Produtos.estoque, Produtos.foto, Produtos.descricao_produto, Produtos.data_cadastro, Produtos.data_alteracao FROM produtos AS Produtos  WHERE nome LIKE "%%" OR descricao_produto LIKE "%%" ORDER BY nome ASC LIMIT 0 , 5',
  1 => 'SELECT COUNT(*) AS total FROM produtos WHERE nome LIKE "%%" OR descricao_produto LIKE "%%" ORDER BY nome ASC',
)

Nivel: SQL
Time: 23:54:34
Path: 
Uri: produtos/pesquisar
Data: Array
(
)

Params: 
Query: Array
(
    [pesquisar] => 
)

array (
  0 => 'SELECT Produtos.id, Produtos.codigo, Produtos.nome, Produtos.venda, Produtos.estoque, Produtos.foto, Produtos.descricao_produto, Produtos.data_cadastro, Produtos.data_alteracao FROM produtos AS Produtos  WHERE nome LIKE "%%" OR descricao_produto LIKE "%%" ORDER BY nome ASC LIMIT 0 , 5',
  1 => 'SELECT COUNT(*) AS total FROM produtos WHERE nome LIKE "%%" OR descricao_produto LIKE "%%" ORDER BY nome ASC',
)

Nivel: SQL
Time: 23:54:36
Path: 
Uri: produtos/pesquisar
Data: Array
(
)

Params: 
Query: Array
(
    [pesquisar] => 
)

array (
  0 => 'SELECT Produtos.id, Produtos.codigo, Produtos.nome, Produtos.venda, Produtos.estoque, Produtos.foto, Produtos.descricao_produto, Produtos.data_cadastro, Produtos.data_alteracao FROM produtos AS Produtos  WHERE nome LIKE "%%" OR descricao_produto LIKE "%%" ORDER BY nome ASC LIMIT 0 , 5',
  1 => 'SELECT COUNT(*) AS total FROM produtos WHERE nome LIKE "%%" OR descricao_produto LIKE "%%" ORDER BY nome ASC',
)

Nivel: SQL
Time: 23:54:38
Path: 
Uri: produtos/pesquisar
Data: Array
(
)

Params: 
Query: Array
(
    [pesquisar] => 
)

array (
  0 => 'SELECT Produtos.id, Produtos.codigo, Produtos.nome, Produtos.venda, Produtos.estoque, Produtos.foto, Produtos.descricao_produto, Produtos.data_cadastro, Produtos.data_alteracao FROM produtos AS Produtos  WHERE nome LIKE "%%" OR descricao_produto LIKE "%%" ORDER BY nome ASC LIMIT 0 , 5',
  1 => 'SELECT COUNT(*) AS total FROM produtos WHERE nome LIKE "%%" OR descricao_produto LIKE "%%" ORDER BY nome ASC',
)

Nivel: SQL
Time: 23:54:39
Path: 
Uri: produtos/pesquisar
Data: Array
(
)

Params: 
Query: Array
(
    [pesquisar] => 
)

array (
  0 => 'SELECT Produtos.id, Produtos.codigo, Produtos.nome, Produtos.venda, Produtos.estoque, Produtos.foto, Produtos.descricao_produto, Produtos.data_cadastro, Produtos.data_alteracao FROM produtos AS Produtos  WHERE nome LIKE "%%" OR descricao_produto LIKE "%%" ORDER BY nome ASC LIMIT 0 , 5',
  1 => 'SELECT COUNT(*) AS total FROM produtos WHERE nome LIKE "%%" OR descricao_produto LIKE "%%" ORDER BY nome ASC',
)

Nivel: SQL
Time: 23:54:40
Path: 
Uri: produtos/pesquisar
Data: Array
(
)

Params: 
Query: Array
(
    [pesquisar] => 
)

array (
  0 => 'SELECT Produtos.id, Produtos.codigo, Produtos.nome, Produtos.venda, Produtos.estoque, Produtos.foto, Produtos.descricao_produto, Produtos.data_cadastro, Produtos.data_alteracao FROM produtos AS Produtos  WHERE nome LIKE "%%" OR descricao_produto LIKE "%%" ORDER BY nome ASC LIMIT 0 , 5',
  1 => 'SELECT COUNT(*) AS total FROM produtos WHERE nome LIKE "%%" OR descricao_produto LIKE "%%" ORDER BY nome ASC',
)

Nivel: SQL
Time: 23:54:58
Path: 
Uri: produtos/pesquisar
Data: Array
(
)

Params: 
Query: Array
(
    [pesquisar] => 
)

array (
  0 => 'SELECT Produtos.id, Produtos.codigo, Produtos.nome, Produtos.venda, Produtos.estoque, Produtos.foto, Produtos.descricao_produto, Produtos.data_cadastro, Produtos.data_alteracao FROM produtos AS Produtos  WHERE nome LIKE "%%" OR descricao_produto LIKE "%%" ORDER BY nome ASC LIMIT 0 , 5',
  1 => 'SELECT COUNT(*) AS total FROM produtos WHERE nome LIKE "%%" OR descricao_produto LIKE "%%" ORDER BY nome ASC',
)

Nivel: SQL
Time: 23:55:09
Path: 
Uri: produtos/pesquisar
Data: Array
(
)

Params: 
Query: Array
(
    [pesquisar] => 
)

array (
  0 => 'SELECT Produtos.id, Produtos.codigo, Produtos.nome, Produtos.venda, Produtos.estoque, Produtos.foto, Produtos.descricao_produto, Produtos.data_cadastro, Produtos.data_alteracao FROM produtos AS Produtos  WHERE nome LIKE "%%" OR descricao_produto LIKE "%%" ORDER BY nome ASC LIMIT 0 , 5',
  1 => 'SELECT COUNT(*) AS total FROM produtos WHERE nome LIKE "%%" OR descricao_produto LIKE "%%" ORDER BY nome ASC',
)

Nivel: SQL
Time: 23:55:11
Path: 
Uri: produtos/pesquisar
Data: Array
(
)

Params: 
Query: Array
(
    [pesquisar] => 
)

array (
  0 => 'SELECT Produtos.id, Produtos.codigo, Produtos.nome, Produtos.venda, Produtos.estoque, Produtos.foto, Produtos.descricao_produto, Produtos.data_cadastro, Produtos.data_alteracao FROM produtos AS Produtos  WHERE nome LIKE "%%" OR descricao_produto LIKE "%%" ORDER BY nome ASC LIMIT 0 , 5',
  1 => 'SELECT COUNT(*) AS total FROM produtos WHERE nome LIKE "%%" OR descricao_produto LIKE "%%" ORDER BY nome ASC',
)

Nivel: SQL
Time: 23:55:12
Path: 
Uri: produtos/pesquisar
Data: Array
(
)

Params: 
Query: Array
(
    [pesquisar] => 
)

array (
  0 => 'SELECT Produtos.id, Produtos.codigo, Produtos.nome, Produtos.venda, Produtos.estoque, Produtos.foto, Produtos.descricao_produto, Produtos.data_cadastro, Produtos.data_alteracao FROM produtos AS Produtos  WHERE nome LIKE "%%" OR descricao_produto LIKE "%%" ORDER BY nome ASC LIMIT 0 , 5',
  1 => 'SELECT COUNT(*) AS total FROM produtos WHERE nome LIKE "%%" OR descricao_produto LIKE "%%" ORDER BY nome ASC',
)

Nivel: SQL
Time: 23:55:13
Path: 
Uri: produtos/pesquisar
Data: Array
(
)

Params: 
Query: Array
(
    [pesquisar] => 
)

array (
  0 => 'SELECT Produtos.id, Produtos.codigo, Produtos.nome, Produtos.venda, Produtos.estoque, Produtos.foto, Produtos.descricao_produto, Produtos.data_cadastro, Produtos.data_alteracao FROM produtos AS Produtos  WHERE nome LIKE "%%" OR descricao_produto LIKE "%%" ORDER BY nome ASC LIMIT 0 , 5',
  1 => 'SELECT COUNT(*) AS total FROM produtos WHERE nome LIKE "%%" OR descricao_produto LIKE "%%" ORDER BY nome ASC',
)

Nivel: SQL
Time: 23:55:26
Path: 
Uri: produtos/pesquisar
Data: Array
(
)

Params: 
Query: Array
(
    [pesquisar] => 
)

array (
  0 => 'SELECT Produtos.id, Produtos.codigo, Produtos.nome, Produtos.venda, Produtos.estoque, Produtos.foto, Produtos.descricao_produto, Produtos.data_cadastro, Produtos.data_alteracao FROM produtos AS Produtos  WHERE nome LIKE "%%" OR descricao_produto LIKE "%%" ORDER BY nome ASC LIMIT 0 , 5',
  1 => 'SELECT COUNT(*) AS total FROM produtos WHERE nome LIKE "%%" OR descricao_produto LIKE "%%" ORDER BY nome ASC',
)

Nivel: SQL
Time: 23:55:29
Path: 
Uri: produtos/pesquisar
Data: Array
(
)

Params: 
Query: Array
(
    [pesquisar] => 
)

array (
  0 => 'SELECT Produtos.id, Produtos.codigo, Produtos.nome, Produtos.venda, Produtos.estoque, Produtos.foto, Produtos.descricao_produto, Produtos.data_cadastro, Produtos.data_alteracao FROM produtos AS Produtos  WHERE nome LIKE "%%" OR descricao_produto LIKE "%%" ORDER BY nome ASC LIMIT 0 , 5',
  1 => 'SELECT COUNT(*) AS total FROM produtos WHERE nome LIKE "%%" OR descricao_produto LIKE "%%" ORDER BY nome ASC',
)

Nivel: SQL
Time: 23:55:31
Path: 
Uri: produtos/pesquisar
Data: Array
(
)

Params: 
Query: Array
(
    [pesquisar] => 
)

array (
  0 => 'SELECT Produtos.id, Produtos.codigo, Produtos.nome, Produtos.venda, Produtos.estoque, Produtos.foto, Produtos.descricao_produto, Produtos.data_cadastro, Produtos.data_alteracao FROM produtos AS Produtos  WHERE nome LIKE "%%" OR descricao_produto LIKE "%%" ORDER BY nome ASC LIMIT 0 , 5',
  1 => 'SELECT COUNT(*) AS total FROM produtos WHERE nome LIKE "%%" OR descricao_produto LIKE "%%" ORDER BY nome ASC',
)

Nivel: SQL
Time: 23:56:09
Path: 
Uri: produtos/pesquisar
Data: Array
(
)

Params: 
Query: Array
(
    [pesquisar] => 
)

array (
  0 => 'SELECT Produtos.id, Produtos.codigo, Produtos.nome, Produtos.venda, Produtos.estoque, Produtos.foto, Produtos.descricao_produto, Produtos.data_cadastro, Produtos.data_alteracao FROM produtos AS Produtos  WHERE nome LIKE "%%" OR descricao_produto LIKE "%%" ORDER BY nome ASC LIMIT 0 , 5',
  1 => 'SELECT COUNT(*) AS total FROM produtos WHERE nome LIKE "%%" OR descricao_produto LIKE "%%" ORDER BY nome ASC',
)

Nivel: SQL
Time: 23:56:17
Path: 
Uri: produtos/pesquisar
Data: Array
(
)

Params: 
Query: Array
(
    [pesquisar] => 
)

array (
  0 => 'SELECT Produtos.id, Produtos.codigo, Produtos.nome, Produtos.venda, Produtos.estoque, Produtos.foto, Produtos.descricao_produto, Produtos.data_cadastro, Produtos.data_alteracao FROM produtos AS Produtos  WHERE nome LIKE "%%" OR descricao_produto LIKE "%%" ORDER BY nome ASC LIMIT 0 , 5',
  1 => 'SELECT COUNT(*) AS total FROM produtos WHERE nome LIKE "%%" OR descricao_produto LIKE "%%" ORDER BY nome ASC',
)

Nivel: SQL
Time: 23:56:18
Path: 
Uri: produtos/pesquisar
Data: Array
(
)

Params: 
Query: Array
(
    [pesquisar] => 
)

array (
  0 => 'SELECT Produtos.id, Produtos.codigo, Produtos.nome, Produtos.venda, Produtos.estoque, Produtos.foto, Produtos.descricao_produto, Produtos.data_cadastro, Produtos.data_alteracao FROM produtos AS Produtos  WHERE nome LIKE "%%" OR descricao_produto LIKE "%%" ORDER BY nome ASC LIMIT 0 , 5',
  1 => 'SELECT COUNT(*) AS total FROM produtos WHERE nome LIKE "%%" OR descricao_produto LIKE "%%" ORDER BY nome ASC',
)

