Nivel: SQL
Time: 22:15:47
Path: painel
Uri: usuarios
Data: Array
(
)

Params: 
Query: Array
(
)

array (
  0 => 'SELECT * FROM usuarios ORDER BY nome ASC, username ASC',
)

Nivel: SQL
Time: 22:21:27
Path: painel
Uri: usuarios
Data: Array
(
)

Params: 
Query: Array
(
)

array (
  0 => 'SELECT * FROM usuarios ORDER BY nome ASC, username ASC',
)

Nivel: SQL
Time: 22:22:18
Path: painel
Uri: usuarios
Data: Array
(
)

Params: 
Query: Array
(
)

array (
  0 => 'SELECT * FROM usuarios ORDER BY nome ASC, username ASC',
)

Nivel: SQL
Time: 22:22:22
Path: painel
Uri: usuarios
Data: Array
(
)

Params: 
Query: Array
(
)

array (
  0 => 'SELECT * FROM usuarios ORDER BY nome ASC, username ASC',
)

Nivel: SQL
Time: 22:22:25
Path: painel
Uri: usuarios
Data: Array
(
)

Params: 
Query: Array
(
)

array (
  0 => 'SELECT * FROM usuarios ORDER BY nome ASC, username ASC',
)

Nivel: SQL
Time: 22:23:04
Path: painel
Uri: usuarios
Data: Array
(
)

Params: 
Query: Array
(
)

array (
  0 => 'SELECT * FROM usuarios ORDER BY nome ASC, username ASC',
)

Nivel: SQL
Time: 22:24:08
Path: painel
Uri: usuarios
Data: Array
(
)

Params: 
Query: Array
(
)

array (
  0 => 'SELECT * FROM usuarios ORDER BY nome ASC, username ASC',
)

Nivel: SQL
Time: 22:24:31
Path: painel
Uri: usuarios
Data: Array
(
)

Params: 
Query: Array
(
)

array (
  0 => 'SELECT * FROM usuarios ORDER BY nome ASC, username ASC',
)

Nivel: SQL
Time: 22:27:39
Path: painel
Uri: usuarios/alterar/2
Data: Array
(
    [id] => 2
    [nome] => Cristina
    [username] => Cristina
    [senha] => 987654
    [data_cadastro] => 2116-01-02 00:00:00
    [data_alteracao] => 
)

Params: 2
Query: Array
(
)

array (
  0 => 'SELECT * FROM usuarios WHERE id = "2" LIMIT 1',
)

Nivel: SQL
Time: 22:27:56
Path: painel
Uri: usuarios/alterar/2
Data: Array
(
    [id] => 2
    [nome] => Cristina
    [username] => CristinaEscoura
    [senha] => 987654
)

Params: 2
Query: Array
(
)

array (
  0 => 'UPDATE usuarios SET id=:id, nome=:nome, username=:username, senha=:senha, data_alteracao=:data_alteracao WHERE id=2',
)

Nivel: SQL
Time: 22:27:56
Path: painel
Uri: usuarios/alterar/2
Data: Array
(
    [id] => 2
    [nome] => Cristina
    [username] => CristinaEscoura
    [senha] => 987654
    [data_cadastro] => 2116-01-02 00:00:00
    [data_alteracao] => 2016-02-17 22:27:55
)

Params: 2
Query: Array
(
)

array (
  0 => 'SELECT * FROM usuarios WHERE id = "2" LIMIT 1',
)

Nivel: SQL
Time: 22:28:06
Path: painel
Uri: usuarios/alterar/2
Data: Array
(
    [id] => 2
    [nome] => Cristina
    [username] => CristinaEscoura
    [senha] => 987654
    [data_cadastro] => 2116-01-02 00:00:00
    [data_alteracao] => 2016-02-17 22:27:55
)

Params: 2
Query: Array
(
)

array (
  0 => 'SELECT * FROM usuarios WHERE id = "2" LIMIT 1',
)

Nivel: SQL
Time: 22:29:34
Path: painel
Uri: usuarios/alterar/2
Data: Array
(
    [id] => 2
    [nome] => Cristina
    [username] => CristinaEscoura
    [senha] => 987654
    [data_cadastro] => 2116-01-02 00:00:00
    [data_alteracao] => 2016-02-17 22:27:55
)

Params: 2
Query: Array
(
)

array (
  0 => 'SELECT * FROM usuarios WHERE id = "2" LIMIT 1',
)

Nivel: SQL
Time: 22:29:40
Path: painel
Uri: usuarios/alterar
Data: 
Params: 
Query: Array
(
)

array (
  0 => 'SELECT * FROM usuarios WHERE id = "" LIMIT 1',
)

Nivel: SQL
Time: 22:29:50
Path: painel
Uri: usuarios
Data: Array
(
)

Params: 
Query: Array
(
)

array (
  0 => 'SELECT * FROM usuarios ORDER BY nome ASC, username ASC',
)

Nivel: SQL
Time: 22:29:54
Path: painel
Uri: usuarios/alterar/1
Data: Array
(
    [id] => 1
    [nome] => Renan
    [username] => Rename
    [senha] => 123456
    [data_cadastro] => 2016-01-03 00:00:00
    [data_alteracao] => 
)

Params: 1
Query: Array
(
)

array (
  0 => 'SELECT * FROM usuarios WHERE id = "1" LIMIT 1',
)

Nivel: SQL
Time: 22:30:03
Path: painel
Uri: usuarios/alterar/1
Data: Array
(
    [id] => 1
    [nome] => Renan Goncalves
    [username] => Rename
    [senha] => 123456
)

Params: 1
Query: Array
(
)

array (
  0 => 'UPDATE usuarios SET id=:id, nome=:nome, username=:username, senha=:senha, data_alteracao=:data_alteracao WHERE id=1',
)

Nivel: SQL
Time: 22:30:03
Path: painel
Uri: usuarios/index
Data: Array
(
)

Params: 
Query: Array
(
)

array (
  0 => 'SELECT * FROM usuarios ORDER BY nome ASC, username ASC',
)

Nivel: SQL
Time: 22:31:49
Path: painel
Uri: usuarios/alterar/8
Data: Array
(
    [id] => 8
    [nome] => Epaminondas da Silva
    [username] => Epaminondas
    [senha] => 1234
    [data_cadastro] => 
    [data_alteracao] => 
)

Params: 8
Query: Array
(
)

array (
  0 => 'SELECT * FROM usuarios WHERE id = "8" LIMIT 1',
)

Nivel: SQL
Time: 22:31:58
Path: painel
Uri: usuarios/alterar/8
Data: Array
(
    [id] => 8
    [nome] => Epaminondas da Silva Lima
    [username] => Epaminondas
    [senha] => 1234
)

Params: 8
Query: Array
(
)

array (
  0 => 'UPDATE usuarios SET id=:id, nome=:nome, username=:username, senha=:senha, data_alteracao=:data_alteracao WHERE id=8',
)

Nivel: SQL
Time: 22:31:58
Path: painel
Uri: usuarios/index
Data: Array
(
)

Params: 
Query: Array
(
)

array (
  0 => 'SELECT * FROM usuarios ORDER BY nome ASC, username ASC',
)

Nivel: SQL
Time: 22:34:53
Path: painel
Uri: usuarios/index
Data: Array
(
)

Params: 
Query: Array
(
)

array (
  0 => 'SELECT * FROM usuarios ORDER BY nome ASC, username ASC',
)

Nivel: SQL
Time: 22:34:57
Path: painel
Uri: usuarios/alterar/3
Data: Array
(
    [id] => 3
    [nome] => Thiago
    [username] => Thiago
    [senha] => 159753
    [data_cadastro] => 2016-01-05 00:00:00
    [data_alteracao] => 
)

Params: 3
Query: Array
(
)

array (
  0 => 'SELECT * FROM usuarios WHERE id = "3" LIMIT 1',
)

Nivel: SQL
Time: 22:35:03
Path: painel
Uri: usuarios/alterar/3
Data: Array
(
    [id] => 3
    [nome] => Thiago Escoura
    [username] => Thiago
    [senha] => 159753
)

Params: 3
Query: Array
(
)

array (
  0 => 'UPDATE usuarios SET id=:id, nome=:nome, username=:username, senha=:senha, data_alteracao=:data_alteracao WHERE id=3',
)

Nivel: SQL
Time: 22:35:03
Path: painel
Uri: usuarios/index
Data: Array
(
)

Params: 
Query: Array
(
)

array (
  0 => 'SELECT * FROM usuarios ORDER BY nome ASC, username ASC',
)

Nivel: SQL
Time: 22:42:55
Path: painel
Uri: usuarios/index
Data: Array
(
)

Params: 
Query: Array
(
)

array (
  0 => 'SELECT * FROM usuarios ORDER BY nome ASC, username ASC',
)

Nivel: SQL
Time: 22:44:50
Path: painel
Uri: usuarios/index
Data: Array
(
)

Params: 
Query: Array
(
)

array (
  0 => 'SELECT * FROM usuarios ORDER BY nome ASC, username ASC',
)

Nivel: SQL
Time: 22:45:05
Path: painel
Uri: usuarios/excluir/8
Data: Array
(
)

Params: 8
Query: Array
(
)

array (
  0 => 'DELETE FROM usuarios WHERE id=8',
)

Nivel: SQL
Time: 22:45:05
Path: painel
Uri: usuarios/index
Data: Array
(
)

Params: 
Query: Array
(
)

array (
  0 => 'SELECT * FROM usuarios ORDER BY nome ASC, username ASC',
)

Nivel: SQL
Time: 23:00:31
Path: painel
Uri: usuarios/index
Data: Array
(
)

Params: 
Query: Array
(
)

array (
  0 => 'SELECT * FROM usuarios ORDER BY nome ASC, username ASC',
)

Nivel: SQL
Time: 23:00:40
Path: painel
Uri: usuarios/excluir/3
Data: Array
(
)

Params: 3
Query: Array
(
)

array (
  0 => 'DELETE FROM usuarios WHERE id=3',
)

Nivel: SQL
Time: 23:00:40
Path: painel
Uri: usuarios/index
Data: Array
(
)

Params: 
Query: Array
(
)

array (
  0 => 'SELECT * FROM usuarios ORDER BY nome ASC, username ASC',
)

Nivel: SQL
Time: 23:01:50
Path: painel
Uri: usuarios/index
Data: Array
(
)

Params: 
Query: Array
(
)

array (
  0 => 'SELECT * FROM usuarios ORDER BY nome ASC, username ASC',
)

Nivel: SQL
Time: 23:02:14
Path: painel
Uri: usuarios/excluir/7
Data: Array
(
)

Params: 7
Query: Array
(
)

array (
  0 => 'DELETE FROM usuarios WHERE id=7',
)

Nivel: SQL
Time: 23:02:14
Path: painel
Uri: usuarios/index
Data: Array
(
)

Params: 
Query: Array
(
)

array (
  0 => 'SELECT * FROM usuarios ORDER BY nome ASC, username ASC',
)

Nivel: SQL
Time: 23:02:42
Path: painel
Uri: usuarios/alterar/9
Data: Array
(
    [id] => 9
    [nome] => Epaminondas da Silva
    [username] => Epaminondas
    [senha] => 1234
    [data_cadastro] => 
    [data_alteracao] => 
)

Params: 9
Query: Array
(
)

array (
  0 => 'SELECT * FROM usuarios WHERE id = "9" LIMIT 1',
)

Nivel: SQL
Time: 23:02:45
Path: painel
Uri: usuarios/index
Data: Array
(
)

Params: 
Query: Array
(
)

array (
  0 => 'SELECT * FROM usuarios ORDER BY nome ASC, username ASC',
)

Nivel: SQL
Time: 23:28:54
Path: painel
Uri: usuarios/index
Data: Array
(
)

Params: 
Query: Array
(
)

array (
  0 => 'SELECT * FROM usuarios ORDER BY nome ASC, username ASC',
)

Nivel: SQL
Time: 23:31:24
Path: painel
Uri: usuarios/index
Data: Array
(
)

Params: 
Query: Array
(
)

array (
  0 => 'SELECT * FROM usuarios ORDER BY nome ASC, username ASC',
)

Nivel: SQL
Time: 23:32:08
Path: painel
Uri: usuarios/cadastrar
Data: Array
(
    [nome] => Jose das Coves
    [username] => Coves1234
    [senha] => 159753
)

Params: 
Query: Array
(
)

array (
  0 => 'SELECT * FROM usuarios WHERE username = "Coves1234" LIMIT 1',
  1 => 'INSERT INTO usuarios (nome, username, senha, data_cadastro) VALUES (:nome, :username, :senha, :data_cadastro) ',
)

Nivel: SQL
Time: 23:32:23
Path: painel
Uri: usuarios/index
Data: Array
(
)

Params: 
Query: Array
(
)

array (
  0 => 'SELECT * FROM usuarios ORDER BY nome ASC, username ASC',
)

Nivel: SQL
Time: 23:32:33
Path: painel
Uri: usuarios/alterar/11
Data: Array
(
    [id] => 11
    [nome] => Jose das Coves
    [username] => Coves1234
    [senha] => 5583413443164b56500def9a533c7c70
    [data_cadastro] => 2016-02-17 23:32:08
    [data_alteracao] => 
)

Params: 11
Query: Array
(
)

array (
  0 => 'SELECT * FROM usuarios WHERE id = "11" LIMIT 1',
)

Nivel: SQL
Time: 23:33:11
Path: painel
Uri: usuarios/alterar/11
Data: Array
(
    [id] => 11
    [nome] => Jose das Coves
    [username] => Coves1234
    [senha] => 5583413443164b56500def9a533c7c70
    [data_cadastro] => 2016-02-17 23:32:08
    [data_alteracao] => 
)

Params: 11
Query: Array
(
)

array (
  0 => 'SELECT * FROM usuarios WHERE id = "11" LIMIT 1',
)

Nivel: SQL
Time: 23:33:34
Path: painel
Uri: usuarios/alterar/11
Data: Array
(
    [id] => 11
    [nome] => Jose das Coves Filho
    [username] => Coves1234
    [senha] => 
)

Params: 11
Query: Array
(
)

array (
  0 => 'SELECT * FROM usuarios WHERE username = "Coves1234" LIMIT 1',
  1 => 'UPDATE usuarios SET id=:id, nome=:nome, username=:username, data_alteracao=:data_alteracao WHERE id=11',
)

Nivel: SQL
Time: 23:33:34
Path: painel
Uri: usuarios/index
Data: Array
(
)

Params: 
Query: Array
(
)

array (
  0 => 'SELECT * FROM usuarios ORDER BY nome ASC, username ASC',
)

Nivel: SQL
Time: 23:34:08
Path: painel
Uri: usuarios/alterar/11
Data: Array
(
    [id] => 11
    [nome] => Jose das Coves Filho
    [username] => Coves1234
    [senha] => 5583413443164b56500def9a533c7c70
    [data_cadastro] => 2016-02-17 23:32:08
    [data_alteracao] => 2016-02-17 23:33:34
)

Params: 11
Query: Array
(
)

array (
  0 => 'SELECT * FROM usuarios WHERE id = "11" LIMIT 1',
)

Nivel: SQL
Time: 23:34:15
Path: painel
Uri: usuarios/alterar/11
Data: Array
(
    [id] => 11
    [nome] => Jose das Coves Filho
    [username] => Coves1234
    [senha] => 1234
)

Params: 11
Query: Array
(
)

array (
  0 => 'SELECT * FROM usuarios WHERE username = "Coves1234" LIMIT 1',
  1 => 'UPDATE usuarios SET id=:id, nome=:nome, username=:username, senha=:senha, data_alteracao=:data_alteracao WHERE id=11',
)

Nivel: SQL
Time: 23:34:15
Path: painel
Uri: usuarios/index
Data: Array
(
)

Params: 
Query: Array
(
)

array (
  0 => 'SELECT * FROM usuarios ORDER BY nome ASC, username ASC',
)

Nivel: SQL
Time: 23:57:23
Path: painel
Uri: usuarios/index
Data: Array
(
)

Params: 
Query: Array
(
)

array (
  0 => 'SELECT * FROM usuarios ORDER BY nome ASC, username ASC',
)

Nivel: SQL
Time: 23:57:26
Path: painel
Uri: usuarios/index
Data: Array
(
)

Params: 
Query: Array
(
)

array (
  0 => 'SELECT * FROM usuarios ORDER BY nome ASC, username ASC',
)

Nivel: SQL
Time: 23:57:29
Path: painel
Uri: usuarios/alterar/2
Data: Array
(
    [id] => 2
    [nome] => Cristina
    [username] => CristinaEscoura
    [senha] => 987654
    [data_cadastro] => 2116-01-02 00:00:00
    [data_alteracao] => 2016-02-17 22:27:55
)

Params: 2
Query: Array
(
)

array (
  0 => 'SELECT * FROM usuarios WHERE id = "2" LIMIT 1',
)

Nivel: SQL
Time: 23:57:51
Path: painel
Uri: usuarios/alterar/2
Data: Array
(
    [id] => 2
    [nome] => Cristina
    [username] => CristinaEsc
    [senha] => 
)

Params: 2
Query: Array
(
)

array (
  0 => 'SELECT * FROM usuarios WHERE username = "CristinaEsc" LIMIT 1',
  1 => 'UPDATE usuarios SET id=:id, nome=:nome, username=:username, data_alteracao=:data_alteracao WHERE id=2',
)

Nivel: SQL
Time: 23:57:51
Path: painel
Uri: usuarios/index
Data: Array
(
)

Params: 
Query: Array
(
)

array (
  0 => 'SELECT * FROM usuarios ORDER BY nome ASC, username ASC',
)

