Nivel: SQL
Time: 22:22:11
Path: 
Uri: Home/index
Data: Array
(
)

Params: 
Query: Array
(
)

array (
  0 => 'SELECT Produtos.id, Produtos.codigo, Produtos.nome, Produtos.venda, Produtos.estoque, Produtos.foto, Produtos.descricao_produto, Produtos.data_cadastro, Produtos.data_alteracao FROM produtos AS Produtos ',
)

Nivel: SQL
Time: 22:22:16
Path: 
Uri: produtos/pesquisar
Data: Array
(
)

Params: 
Query: Array
(
)

array (
  0 => 'SELECT Produtos.id, Produtos.codigo, Produtos.nome, Produtos.venda, Produtos.estoque, Produtos.foto, Produtos.descricao_produto, Produtos.data_cadastro, Produtos.data_alteracao FROM produtos AS Produtos  ORDER BY nome ASC LIMIT 0 , 5',
  1 => 'SELECT COUNT(*) AS total FROM produtos ORDER BY nome ASC',
)

Nivel: SQL
Time: 22:22:20
Path: 
Uri: produtos/pesquisar
Data: Array
(
)

Params: 
Query: Array
(
    [pesquisar] => 
)

array (
  0 => 'SELECT Produtos.id, Produtos.codigo, Produtos.nome, Produtos.venda, Produtos.estoque, Produtos.foto, Produtos.descricao_produto, Produtos.data_cadastro, Produtos.data_alteracao FROM produtos AS Produtos  WHERE nome LIKE "%%" OR descricao_produto LIKE "%%" ORDER BY nome ASC LIMIT 0 , 5',
  1 => 'SELECT COUNT(*) AS total FROM produtos WHERE nome LIKE "%%" OR descricao_produto LIKE "%%" ORDER BY nome ASC',
)

Nivel: SQL
Time: 22:22:24
Path: 
Uri: produtos/pesquisar
Data: Array
(
)

Params: 
Query: Array
(
)

array (
  0 => 'SELECT Produtos.id, Produtos.codigo, Produtos.nome, Produtos.venda, Produtos.estoque, Produtos.foto, Produtos.descricao_produto, Produtos.data_cadastro, Produtos.data_alteracao FROM produtos AS Produtos  ORDER BY nome ASC LIMIT 0 , 5',
  1 => 'SELECT COUNT(*) AS total FROM produtos ORDER BY nome ASC',
)

Nivel: SQL
Time: 22:22:25
Path: 
Uri: produtos/pesquisar
Data: Array
(
)

Params: 
Query: Array
(
)

array (
  0 => 'SELECT Produtos.id, Produtos.codigo, Produtos.nome, Produtos.venda, Produtos.estoque, Produtos.foto, Produtos.descricao_produto, Produtos.data_cadastro, Produtos.data_alteracao FROM produtos AS Produtos  ORDER BY nome ASC LIMIT 0 , 5',
  1 => 'SELECT COUNT(*) AS total FROM produtos ORDER BY nome ASC',
)

Nivel: SQL
Time: 22:22:27
Path: 
Uri: home/index
Data: Array
(
)

Params: 
Query: Array
(
)

array (
  0 => 'SELECT Produtos.id, Produtos.codigo, Produtos.nome, Produtos.venda, Produtos.estoque, Produtos.foto, Produtos.descricao_produto, Produtos.data_cadastro, Produtos.data_alteracao FROM produtos AS Produtos ',
)

Nivel: SQL
Time: 22:22:32
Path: 
Uri: produtos/pesquisar
Data: Array
(
)

Params: 
Query: Array
(
)

array (
  0 => 'SELECT Produtos.id, Produtos.codigo, Produtos.nome, Produtos.venda, Produtos.estoque, Produtos.foto, Produtos.descricao_produto, Produtos.data_cadastro, Produtos.data_alteracao FROM produtos AS Produtos  ORDER BY nome ASC LIMIT 0 , 5',
  1 => 'SELECT COUNT(*) AS total FROM produtos ORDER BY nome ASC',
)

Nivel: SQL
Time: 22:25:40
Path: 
Uri: produtos/pesquisar
Data: Array
(
)

Params: 
Query: Array
(
)

array (
  0 => 'SELECT Produtos.id, Produtos.codigo, Produtos.nome, Produtos.venda, Produtos.estoque, Produtos.foto, Produtos.descricao_produto, Produtos.data_cadastro, Produtos.data_alteracao FROM produtos AS Produtos  ORDER BY nome ASC LIMIT 0 , 5',
  1 => 'SELECT COUNT(*) AS total FROM produtos ORDER BY nome ASC',
)

Nivel: SQL
Time: 22:26:06
Path: 
Uri: produtos/pesquisar
Data: Array
(
)

Params: 
Query: Array
(
)

array (
  0 => 'SELECT Produtos.id, Produtos.codigo, Produtos.nome, Produtos.venda, Produtos.estoque, Produtos.foto, Produtos.descricao_produto, Produtos.data_cadastro, Produtos.data_alteracao FROM produtos AS Produtos  ORDER BY nome ASC LIMIT 0 , 5',
  1 => 'SELECT COUNT(*) AS total FROM produtos ORDER BY nome ASC',
)

Nivel: SQL
Time: 22:27:30
Path: 
Uri: produtos/pesquisar
Data: Array
(
)

Params: 
Query: Array
(
)

array (
  0 => 'SELECT Produtos.id, Produtos.codigo, Produtos.nome, Produtos.venda, Produtos.estoque, Produtos.foto, Produtos.descricao_produto, Produtos.data_cadastro, Produtos.data_alteracao FROM produtos AS Produtos  ORDER BY nome ASC LIMIT 0 , 5',
  1 => 'SELECT COUNT(*) AS total FROM produtos ORDER BY nome ASC',
)

Nivel: SQL
Time: 22:29:51
Path: 
Uri: produtos/pesquisar
Data: Array
(
)

Params: 
Query: Array
(
)

array (
  0 => 'SELECT Produtos.id, Produtos.codigo, Produtos.nome, Produtos.venda, Produtos.estoque, Produtos.foto, Produtos.descricao_produto, Produtos.data_cadastro, Produtos.data_alteracao FROM produtos AS Produtos  ORDER BY nome ASC LIMIT 0 , 5',
  1 => 'SELECT COUNT(*) AS total FROM produtos ORDER BY nome ASC',
)

Nivel: SQL
Time: 22:31:33
Path: 
Uri: produtos/pesquisar
Data: Array
(
)

Params: 
Query: Array
(
)

array (
  0 => 'SELECT Produtos.id, Produtos.codigo, Produtos.nome, Produtos.venda, Produtos.estoque, Produtos.foto, Produtos.descricao_produto, Produtos.data_cadastro, Produtos.data_alteracao FROM produtos AS Produtos  ORDER BY nome ASC LIMIT 0 , 5',
  1 => 'SELECT COUNT(*) AS total FROM produtos ORDER BY nome ASC',
)

Nivel: SQL
Time: 22:31:56
Path: 
Uri: produtos/pesquisar
Data: Array
(
)

Params: 
Query: Array
(
)

array (
  0 => 'SELECT Produtos.id, Produtos.codigo, Produtos.nome, Produtos.venda, Produtos.estoque, Produtos.foto, Produtos.descricao_produto, Produtos.data_cadastro, Produtos.data_alteracao FROM produtos AS Produtos  ORDER BY nome ASC LIMIT 0 , 5',
  1 => 'SELECT COUNT(*) AS total FROM produtos ORDER BY nome ASC',
)

Nivel: SQL
Time: 22:32:35
Path: 
Uri: produtos/pesquisar
Data: Array
(
)

Params: 
Query: Array
(
)

array (
  0 => 'SELECT Produtos.id, Produtos.codigo, Produtos.nome, Produtos.venda, Produtos.estoque, Produtos.foto, Produtos.descricao_produto, Produtos.data_cadastro, Produtos.data_alteracao FROM produtos AS Produtos  ORDER BY nome ASC LIMIT 0 , 5',
  1 => 'SELECT COUNT(*) AS total FROM produtos ORDER BY nome ASC',
)

Nivel: SQL
Time: 22:33:56
Path: 
Uri: produtos/pesquisar
Data: Array
(
)

Params: 
Query: Array
(
)

array (
  0 => 'SELECT Produtos.id, Produtos.codigo, Produtos.nome, Produtos.venda, Produtos.estoque, Produtos.foto, Produtos.descricao_produto, Produtos.data_cadastro, Produtos.data_alteracao FROM produtos AS Produtos  ORDER BY nome ASC LIMIT 0 , 5',
  1 => 'SELECT COUNT(*) AS total FROM produtos ORDER BY nome ASC',
)

Nivel: SQL
Time: 22:34:25
Path: 
Uri: produtos/pesquisar
Data: Array
(
)

Params: 
Query: Array
(
)

array (
  0 => 'SELECT Produtos.id, Produtos.codigo, Produtos.nome, Produtos.venda, Produtos.estoque, Produtos.foto, Produtos.descricao_produto, Produtos.data_cadastro, Produtos.data_alteracao FROM produtos AS Produtos  ORDER BY nome ASC LIMIT 0 , 5',
  1 => 'SELECT COUNT(*) AS total FROM produtos ORDER BY nome ASC',
)

Nivel: SQL
Time: 22:35:09
Path: 
Uri: produtos/pesquisar
Data: Array
(
)

Params: 
Query: Array
(
)

array (
  0 => 'SELECT Produtos.id, Produtos.codigo, Produtos.nome, Produtos.venda, Produtos.estoque, Produtos.foto, Produtos.descricao_produto, Produtos.data_cadastro, Produtos.data_alteracao FROM produtos AS Produtos  ORDER BY nome ASC LIMIT 0 , 5',
  1 => 'SELECT COUNT(*) AS total FROM produtos ORDER BY nome ASC',
)

Nivel: SQL
Time: 22:35:42
Path: 
Uri: produtos/pesquisar
Data: Array
(
)

Params: 
Query: Array
(
)

array (
  0 => 'SELECT Produtos.id, Produtos.codigo, Produtos.nome, Produtos.venda, Produtos.estoque, Produtos.foto, Produtos.descricao_produto, Produtos.data_cadastro, Produtos.data_alteracao FROM produtos AS Produtos  ORDER BY nome ASC LIMIT 0 , 5',
  1 => 'SELECT COUNT(*) AS total FROM produtos ORDER BY nome ASC',
)

Nivel: SQL
Time: 22:35:45
Path: 
Uri: produtos/pesquisar
Data: Array
(
)

Params: 
Query: Array
(
)

array (
  0 => 'SELECT Produtos.id, Produtos.codigo, Produtos.nome, Produtos.venda, Produtos.estoque, Produtos.foto, Produtos.descricao_produto, Produtos.data_cadastro, Produtos.data_alteracao FROM produtos AS Produtos  ORDER BY nome ASC LIMIT 0 , 5',
  1 => 'SELECT COUNT(*) AS total FROM produtos ORDER BY nome ASC',
)

Nivel: SQL
Time: 22:35:49
Path: 
Uri: carrinho/index
Data: Array
(
)

Params: 
Query: Array
(
)

array (
  0 => 'SELECT Produtos.id, Produtos.codigo, Produtos.nome, Produtos.venda, Produtos.estoque, Produtos.foto, Produtos.descricao_produto, Produtos.data_cadastro, Produtos.data_alteracao FROM produtos AS Produtos  WHERE id IN("8")',
)

Nivel: SQL
Time: 22:35:49
Path: 
Uri: carrinho/index
Data: Array
(
)

Params: 
Query: Array
(
)

array (
  0 => 'SELECT FormasPagto.id, FormasPagto.nome FROM formas_pagto AS FormasPagto ',
)

Nivel: SQL
Time: 22:36:08
Path: 
Uri: produtos/pesquisar
Data: Array
(
)

Params: 
Query: Array
(
)

array (
  0 => 'SELECT Produtos.id, Produtos.codigo, Produtos.nome, Produtos.venda, Produtos.estoque, Produtos.foto, Produtos.descricao_produto, Produtos.data_cadastro, Produtos.data_alteracao FROM produtos AS Produtos  ORDER BY nome ASC LIMIT 0 , 5',
  1 => 'SELECT COUNT(*) AS total FROM produtos ORDER BY nome ASC',
)

Nivel: SQL
Time: 22:36:13
Path: 
Uri: home/index
Data: Array
(
)

Params: 
Query: Array
(
)

array (
  0 => 'SELECT Produtos.id, Produtos.codigo, Produtos.nome, Produtos.venda, Produtos.estoque, Produtos.foto, Produtos.descricao_produto, Produtos.data_cadastro, Produtos.data_alteracao FROM produtos AS Produtos ',
)

Nivel: SQL
Time: 22:38:16
Path: 
Uri: home/index
Data: Array
(
)

Params: 
Query: Array
(
)

array (
  0 => 'SELECT Produtos.id, Produtos.codigo, Produtos.nome, Produtos.venda, Produtos.estoque, Produtos.foto, Produtos.descricao_produto, Produtos.data_cadastro, Produtos.data_alteracao FROM produtos AS Produtos ',
)

Nivel: SQL
Time: 22:38:45
Path: 
Uri: home/index
Data: Array
(
)

Params: 
Query: Array
(
)

array (
  0 => 'SELECT Produtos.id, Produtos.codigo, Produtos.nome, Produtos.venda, Produtos.estoque, Produtos.foto, Produtos.descricao_produto, Produtos.data_cadastro, Produtos.data_alteracao FROM produtos AS Produtos ',
)

Nivel: SQL
Time: 22:39:44
Path: 
Uri: home/index
Data: Array
(
)

Params: 
Query: Array
(
)

array (
  0 => 'SELECT Produtos.id, Produtos.codigo, Produtos.nome, Produtos.venda, Produtos.estoque, Produtos.foto, Produtos.descricao_produto, Produtos.data_cadastro, Produtos.data_alteracao FROM produtos AS Produtos ',
)

Nivel: SQL
Time: 22:39:58
Path: 
Uri: home/index
Data: Array
(
)

Params: 
Query: Array
(
)

array (
  0 => 'SELECT Produtos.id, Produtos.codigo, Produtos.nome, Produtos.venda, Produtos.estoque, Produtos.foto, Produtos.descricao_produto, Produtos.data_cadastro, Produtos.data_alteracao FROM produtos AS Produtos ',
)

Nivel: SQL
Time: 22:40:43
Path: 
Uri: home/index
Data: Array
(
)

Params: 
Query: Array
(
)

array (
  0 => 'SELECT Produtos.id, Produtos.codigo, Produtos.nome, Produtos.venda, Produtos.estoque, Produtos.foto, Produtos.descricao_produto, Produtos.data_cadastro, Produtos.data_alteracao FROM produtos AS Produtos ',
)

Nivel: SQL
Time: 22:41:30
Path: 
Uri: home/index
Data: Array
(
)

Params: 
Query: Array
(
)

array (
  0 => 'SELECT Produtos.id, Produtos.codigo, Produtos.nome, Produtos.venda, Produtos.estoque, Produtos.foto, Produtos.descricao_produto, Produtos.data_cadastro, Produtos.data_alteracao FROM produtos AS Produtos ',
)

Nivel: SQL
Time: 22:41:39
Path: 
Uri: home/index
Data: Array
(
)

Params: 
Query: Array
(
)

array (
  0 => 'SELECT Produtos.id, Produtos.codigo, Produtos.nome, Produtos.venda, Produtos.estoque, Produtos.foto, Produtos.descricao_produto, Produtos.data_cadastro, Produtos.data_alteracao FROM produtos AS Produtos ',
)

Nivel: SQL
Time: 22:41:40
Path: 
Uri: home/index
Data: Array
(
)

Params: 
Query: Array
(
)

array (
  0 => 'SELECT Produtos.id, Produtos.codigo, Produtos.nome, Produtos.venda, Produtos.estoque, Produtos.foto, Produtos.descricao_produto, Produtos.data_cadastro, Produtos.data_alteracao FROM produtos AS Produtos ',
)

Nivel: SQL
Time: 22:42:23
Path: 
Uri: home/index
Data: Array
(
)

Params: 
Query: Array
(
)

array (
  0 => 'SELECT Produtos.id, Produtos.codigo, Produtos.nome, Produtos.venda, Produtos.estoque, Produtos.foto, Produtos.descricao_produto, Produtos.data_cadastro, Produtos.data_alteracao FROM produtos AS Produtos ',
)

Nivel: SQL
Time: 22:43:42
Path: 
Uri: home/index
Data: Array
(
)

Params: 
Query: Array
(
)

array (
  0 => 'SELECT Produtos.id, Produtos.codigo, Produtos.nome, Produtos.venda, Produtos.estoque, Produtos.foto, Produtos.descricao_produto, Produtos.data_cadastro, Produtos.data_alteracao FROM produtos AS Produtos ',
)

Nivel: SQL
Time: 22:44:07
Path: 
Uri: home/index
Data: Array
(
)

Params: 
Query: Array
(
)

array (
  0 => 'SELECT Produtos.id, Produtos.codigo, Produtos.nome, Produtos.venda, Produtos.estoque, Produtos.foto, Produtos.descricao_produto, Produtos.data_cadastro, Produtos.data_alteracao FROM produtos AS Produtos ',
)

Nivel: SQL
Time: 22:44:14
Path: 
Uri: produtos/detalhes/2
Data: Array
(
)

Params: 2
Query: Array
(
)

array (
  0 => 'SELECT Produtos.id, Produtos.codigo, Produtos.nome, Produtos.venda, Produtos.estoque, Produtos.foto, Produtos.descricao_produto, Produtos.data_cadastro, Produtos.data_alteracao FROM produtos AS Produtos  WHERE id = "2" LIMIT 1',
)

Nivel: SQL
Time: 22:44:20
Path: 
Uri: home/index
Data: Array
(
)

Params: 
Query: Array
(
)

array (
  0 => 'SELECT Produtos.id, Produtos.codigo, Produtos.nome, Produtos.venda, Produtos.estoque, Produtos.foto, Produtos.descricao_produto, Produtos.data_cadastro, Produtos.data_alteracao FROM produtos AS Produtos ',
)

Nivel: SQL
Time: 22:44:21
Path: 
Uri: carrinho/index
Data: Array
(
)

Params: 
Query: Array
(
)

array (
  0 => 'SELECT Produtos.id, Produtos.codigo, Produtos.nome, Produtos.venda, Produtos.estoque, Produtos.foto, Produtos.descricao_produto, Produtos.data_cadastro, Produtos.data_alteracao FROM produtos AS Produtos  WHERE id IN("8")',
)

Nivel: SQL
Time: 22:44:21
Path: 
Uri: carrinho/index
Data: Array
(
)

Params: 
Query: Array
(
)

array (
  0 => 'SELECT FormasPagto.id, FormasPagto.nome FROM formas_pagto AS FormasPagto ',
)

Nivel: SQL
Time: 22:44:24
Path: 
Uri: produtos/pesquisar
Data: Array
(
)

Params: 
Query: Array
(
)

array (
  0 => 'SELECT Produtos.id, Produtos.codigo, Produtos.nome, Produtos.venda, Produtos.estoque, Produtos.foto, Produtos.descricao_produto, Produtos.data_cadastro, Produtos.data_alteracao FROM produtos AS Produtos  ORDER BY nome ASC LIMIT 0 , 5',
  1 => 'SELECT COUNT(*) AS total FROM produtos ORDER BY nome ASC',
)

