Nivel: SQL
Time: 01:46:50
Path: 
Uri: Home/index
Data: Array
(
)

Params: 
Query: Array
(
)

array (
  0 => 'SELECT Produtos.id, Produtos.codigo, Produtos.nome, Produtos.venda, Produtos.estoque, Produtos.foto, Produtos.descricao_produto, Produtos.data_cadastro, Produtos.data_alteracao FROM produtos AS Produtos ',
)

Nivel: SQL
Time: 01:47:04
Path: 
Uri: produtos/detalhes/3
Data: Array
(
)

Params: 3
Query: Array
(
)

array (
  0 => 'SELECT Produtos.id, Produtos.codigo, Produtos.nome, Produtos.venda, Produtos.estoque, Produtos.foto, Produtos.descricao_produto, Produtos.data_cadastro, Produtos.data_alteracao FROM produtos AS Produtos  WHERE id = "3" LIMIT 1',
)

Nivel: SQL
Time: 01:47:38
Path: 
Uri: produtos/detalhes/3
Data: Array
(
)

Params: 3
Query: Array
(
)

array (
  0 => 'SELECT Produtos.id, Produtos.codigo, Produtos.nome, Produtos.venda, Produtos.estoque, Produtos.foto, Produtos.descricao_produto, Produtos.data_cadastro, Produtos.data_alteracao FROM produtos AS Produtos  WHERE id = "3" LIMIT 1',
)

Nivel: SQL
Time: 01:47:43
Path: 
Uri: produtos/detalhes/3
Data: Array
(
)

Params: 3
Query: Array
(
)

array (
  0 => 'SELECT Produtos.id, Produtos.codigo, Produtos.nome, Produtos.venda, Produtos.estoque, Produtos.foto, Produtos.descricao_produto, Produtos.data_cadastro, Produtos.data_alteracao FROM produtos AS Produtos  WHERE id = "3" LIMIT 1',
)

Nivel: SQL
Time: 01:47:46
Path: 
Uri: produtos/pesquisar
Data: Array
(
)

Params: 
Query: Array
(
)

array (
  0 => 'SELECT Produtos.id, Produtos.codigo, Produtos.nome, Produtos.venda, Produtos.estoque, Produtos.foto, Produtos.descricao_produto, Produtos.data_cadastro, Produtos.data_alteracao FROM produtos AS Produtos  ORDER BY nome ASC LIMIT 0 , 5',
  1 => 'SELECT COUNT(*) AS total FROM produtos ORDER BY nome ASC',
)

Nivel: SQL
Time: 01:47:49
Path: 
Uri: produtos/detalhes/3
Data: Array
(
)

Params: 3
Query: Array
(
)

array (
  0 => 'SELECT Produtos.id, Produtos.codigo, Produtos.nome, Produtos.venda, Produtos.estoque, Produtos.foto, Produtos.descricao_produto, Produtos.data_cadastro, Produtos.data_alteracao FROM produtos AS Produtos  WHERE id = "3" LIMIT 1',
)

Nivel: SQL
Time: 01:47:49
Path: 
Uri: Home/index
Data: Array
(
)

Params: 
Query: Array
(
)

array (
  0 => 'SELECT Produtos.id, Produtos.codigo, Produtos.nome, Produtos.venda, Produtos.estoque, Produtos.foto, Produtos.descricao_produto, Produtos.data_cadastro, Produtos.data_alteracao FROM produtos AS Produtos ',
)

Nivel: SQL
Time: 01:48:09
Path: 
Uri: Home/index
Data: Array
(
)

Params: 
Query: Array
(
)

array (
  0 => 'SELECT Produtos.id, Produtos.codigo, Produtos.nome, Produtos.venda, Produtos.estoque, Produtos.foto, Produtos.descricao_produto, Produtos.data_cadastro, Produtos.data_alteracao FROM produtos AS Produtos ',
)

Nivel: SQL
Time: 01:48:22
Path: 
Uri: Home/index
Data: Array
(
)

Params: 
Query: Array
(
)

array (
  0 => 'SELECT Produtos.id, Produtos.codigo, Produtos.nome, Produtos.venda, Produtos.estoque, Produtos.foto, Produtos.descricao_produto, Produtos.data_cadastro, Produtos.data_alteracao FROM produtos AS Produtos ',
)

Nivel: SQL
Time: 01:48:33
Path: 
Uri: Home/index
Data: Array
(
)

Params: 
Query: Array
(
)

array (
  0 => 'SELECT Produtos.id, Produtos.codigo, Produtos.nome, Produtos.venda, Produtos.estoque, Produtos.foto, Produtos.descricao_produto, Produtos.data_cadastro, Produtos.data_alteracao FROM produtos AS Produtos ',
)

Nivel: SQL
Time: 01:48:37
Path: 
Uri: Home/index
Data: Array
(
)

Params: 
Query: Array
(
)

array (
  0 => 'SELECT Produtos.id, Produtos.codigo, Produtos.nome, Produtos.venda, Produtos.estoque, Produtos.foto, Produtos.descricao_produto, Produtos.data_cadastro, Produtos.data_alteracao FROM produtos AS Produtos ',
)

Nivel: SQL
Time: 01:48:47
Path: 
Uri: Home/index
Data: Array
(
)

Params: 
Query: Array
(
)

array (
  0 => 'SELECT Produtos.id, Produtos.codigo, Produtos.nome, Produtos.venda, Produtos.estoque, Produtos.foto, Produtos.descricao_produto, Produtos.data_cadastro, Produtos.data_alteracao FROM produtos AS Produtos ',
)

Nivel: SQL
Time: 01:49:01
Path: 
Uri: produtos/detalhes/2
Data: Array
(
)

Params: 2
Query: Array
(
)

array (
  0 => 'SELECT Produtos.id, Produtos.codigo, Produtos.nome, Produtos.venda, Produtos.estoque, Produtos.foto, Produtos.descricao_produto, Produtos.data_cadastro, Produtos.data_alteracao FROM produtos AS Produtos  WHERE id = "2" LIMIT 1',
)

Nivel: SQL
Time: 01:49:04
Path: 
Uri: Home/index
Data: Array
(
)

Params: 
Query: Array
(
)

array (
  0 => 'SELECT Produtos.id, Produtos.codigo, Produtos.nome, Produtos.venda, Produtos.estoque, Produtos.foto, Produtos.descricao_produto, Produtos.data_cadastro, Produtos.data_alteracao FROM produtos AS Produtos ',
)

Nivel: SQL
Time: 01:49:06
Path: 
Uri: produtos/detalhes/7
Data: Array
(
)

Params: 7
Query: Array
(
)

array (
  0 => 'SELECT Produtos.id, Produtos.codigo, Produtos.nome, Produtos.venda, Produtos.estoque, Produtos.foto, Produtos.descricao_produto, Produtos.data_cadastro, Produtos.data_alteracao FROM produtos AS Produtos  WHERE id = "7" LIMIT 1',
)

Nivel: SQL
Time: 01:49:14
Path: 
Uri: Home/index
Data: Array
(
)

Params: 
Query: Array
(
)

array (
  0 => 'SELECT Produtos.id, Produtos.codigo, Produtos.nome, Produtos.venda, Produtos.estoque, Produtos.foto, Produtos.descricao_produto, Produtos.data_cadastro, Produtos.data_alteracao FROM produtos AS Produtos ',
)

Nivel: SQL
Time: 01:49:56
Path: 
Uri: Home/index
Data: Array
(
)

Params: 
Query: Array
(
)

array (
  0 => 'SELECT Produtos.id, Produtos.codigo, Produtos.nome, Produtos.venda, Produtos.estoque, Produtos.foto, Produtos.descricao_produto, Produtos.data_cadastro, Produtos.data_alteracao FROM produtos AS Produtos ',
)

Nivel: SQL
Time: 01:50:14
Path: 
Uri: produtos/detalhes/3
Data: Array
(
)

Params: 3
Query: Array
(
)

array (
  0 => 'SELECT Produtos.id, Produtos.codigo, Produtos.nome, Produtos.venda, Produtos.estoque, Produtos.foto, Produtos.descricao_produto, Produtos.data_cadastro, Produtos.data_alteracao FROM produtos AS Produtos  WHERE id = "3" LIMIT 1',
)

Nivel: SQL
Time: 01:50:17
Path: 
Uri: produtos/pesquisar
Data: Array
(
)

Params: 
Query: Array
(
)

array (
  0 => 'SELECT Produtos.id, Produtos.codigo, Produtos.nome, Produtos.venda, Produtos.estoque, Produtos.foto, Produtos.descricao_produto, Produtos.data_cadastro, Produtos.data_alteracao FROM produtos AS Produtos  ORDER BY nome ASC LIMIT 0 , 5',
  1 => 'SELECT COUNT(*) AS total FROM produtos ORDER BY nome ASC',
)

Nivel: SQL
Time: 01:50:17
Path: 
Uri: produtos/pesquisar
Data: Array
(
)

Params: 
Query: Array
(
)

array (
  0 => 'SELECT Produtos.id, Produtos.codigo, Produtos.nome, Produtos.venda, Produtos.estoque, Produtos.foto, Produtos.descricao_produto, Produtos.data_cadastro, Produtos.data_alteracao FROM produtos AS Produtos  ORDER BY nome ASC LIMIT 0 , 5',
  1 => 'SELECT COUNT(*) AS total FROM produtos ORDER BY nome ASC',
)

Nivel: SQL
Time: 01:50:26
Path: 
Uri: produtos/pesquisar
Data: Array
(
)

Params: 
Query: Array
(
)

array (
  0 => 'SELECT Produtos.id, Produtos.codigo, Produtos.nome, Produtos.venda, Produtos.estoque, Produtos.foto, Produtos.descricao_produto, Produtos.data_cadastro, Produtos.data_alteracao FROM produtos AS Produtos  ORDER BY nome ASC LIMIT 0 , 5',
  1 => 'SELECT COUNT(*) AS total FROM produtos ORDER BY nome ASC',
)

Nivel: SQL
Time: 01:50:29
Path: 
Uri: produtos/detalhes/3
Data: Array
(
)

Params: 3
Query: Array
(
)

array (
  0 => 'SELECT Produtos.id, Produtos.codigo, Produtos.nome, Produtos.venda, Produtos.estoque, Produtos.foto, Produtos.descricao_produto, Produtos.data_cadastro, Produtos.data_alteracao FROM produtos AS Produtos  WHERE id = "3" LIMIT 1',
)

Nivel: SQL
Time: 01:50:37
Path: 
Uri: Home/index
Data: Array
(
)

Params: 
Query: Array
(
)

array (
  0 => 'SELECT Produtos.id, Produtos.codigo, Produtos.nome, Produtos.venda, Produtos.estoque, Produtos.foto, Produtos.descricao_produto, Produtos.data_cadastro, Produtos.data_alteracao FROM produtos AS Produtos ',
)

Nivel: SQL
Time: 01:50:40
Path: 
Uri: Home/index
Data: Array
(
)

Params: 
Query: Array
(
)

array (
  0 => 'SELECT Produtos.id, Produtos.codigo, Produtos.nome, Produtos.venda, Produtos.estoque, Produtos.foto, Produtos.descricao_produto, Produtos.data_cadastro, Produtos.data_alteracao FROM produtos AS Produtos ',
)

Nivel: SQL
Time: 01:50:55
Path: 
Uri: Home/index
Data: Array
(
)

Params: 
Query: Array
(
)

array (
  0 => 'SELECT Produtos.id, Produtos.codigo, Produtos.nome, Produtos.venda, Produtos.estoque, Produtos.foto, Produtos.descricao_produto, Produtos.data_cadastro, Produtos.data_alteracao FROM produtos AS Produtos ',
)

Nivel: SQL
Time: 01:52:04
Path: 
Uri: Home/index
Data: Array
(
)

Params: 
Query: Array
(
)

array (
  0 => 'SELECT Produtos.id, Produtos.codigo, Produtos.nome, Produtos.venda, Produtos.estoque, Produtos.foto, Produtos.descricao_produto, Produtos.data_cadastro, Produtos.data_alteracao FROM produtos AS Produtos ',
)

